<?xml version="1.0" encoding="UTF-8"?>
<testsuite name="org.jabref.logic.journals.ShippedJournalAbbreviationDuplicateTest" tests="2" skipped="0" failures="0" errors="0" timestamp="2017-06-20T11:38:06" hostname="auri-inspiron" time="10.179">
  <properties/>
  <testcase name="noDuplicatesInShippedIEEEStandardJournalAbbreviations" classname="org.jabref.logic.journals.ShippedJournalAbbreviationDuplicateTest" time="4.679"/>
  <testcase name="noDuplicatesInShippedIEEEOfficialJournalAbbreviations" classname="org.jabref.logic.journals.ShippedJournalAbbreviationDuplicateTest" time="5.5"/>
  <system-out><![CDATA[]]></system-out>
  <system-err><![CDATA[]]></system-err>
</testsuite>
