<?xml version="1.0" encoding="UTF-8"?>
<testsuite name="org.jabref.logic.l10n.LocalizationTest" tests="6" skipped="0" failures="0" errors="0" timestamp="2017-06-23T03:37:41" hostname="jessicadias-VPCEH40EB" time="0.004">
  <properties/>
  <testcase name="testSetKnownLanguage" classname="org.jabref.logic.l10n.LocalizationTest" time="0.001"/>
  <testcase name="testKnownTranslation" classname="org.jabref.logic.l10n.LocalizationTest" time="0.0"/>
  <testcase name="testUnsetLanguageTranslation" classname="org.jabref.logic.l10n.LocalizationTest" time="0.0"/>
  <testcase name="testUnknownTranslation" classname="org.jabref.logic.l10n.LocalizationTest" time="0.002"/>
  <testcase name="testKnownTranslationWithCountryModifier" classname="org.jabref.logic.l10n.LocalizationTest" time="0.0"/>
  <testcase name="testSetUnknownLanguage" classname="org.jabref.logic.l10n.LocalizationTest" time="0.0"/>
  <system-out><![CDATA[00:37:41.986 [Test worker] WARN  org.jabref.logic.l10n.Localization - Warning: could not get message translation for "WHATEVER" for locale en
00:37:41.986 [Test worker] WARN  org.jabref.logic.l10n.Localization - Warning: no message translation for "WHATEVER" for locale en
00:37:41.987 [Test worker] WARN  org.jabref.logic.l10n.Localization - Warning: could not get menu item translation for "WHATEVER" for locale en
00:37:41.987 [Test worker] WARN  org.jabref.logic.l10n.Localization - Warning: no menu item translation for "WHATEVER" for locale en
00:37:41.988 [Test worker] WARN  org.jabref.logic.l10n.Localization - Language WHATEVER is not supported by JabRef (Default:zh_CN)
]]></system-out>
  <system-err><![CDATA[]]></system-err>
</testsuite>
