<?xml version="1.0" encoding="UTF-8"?>
<testsuite name="org.jabref.model.groups.SearchGroupTest" tests="1" skipped="0" failures="0" errors="0" timestamp="2017-06-25T05:35:22" hostname="jessicadias-VPCEH40EB" time="0.116">
  <properties/>
  <testcase name="containsFindsWordWithRegularExpression" classname="org.jabref.model.groups.SearchGroupTest" time="0.116"/>
  <system-out><![CDATA[]]></system-out>
  <system-err><![CDATA[]]></system-err>
</testsuite>
