<?xml version="1.0" encoding="UTF-8"?>
<testsuite name="org.jabref.logic.protectedterms.ProtectedTermsLoaderTest" tests="18" skipped="0" failures="0" errors="0" timestamp="2017-06-25T05:35:29" hostname="jessicadias-VPCEH40EB" time="0.104">
  <properties/>
  <testcase name="testGetProtectedTerms" classname="org.jabref.logic.protectedterms.ProtectedTermsLoaderTest" time="0.002"/>
  <testcase name="testInitalizedAllInternalDisabled" classname="org.jabref.logic.protectedterms.ProtectedTermsLoaderTest" time="0.002"/>
  <testcase name="testNewListsAreEnabled" classname="org.jabref.logic.protectedterms.ProtectedTermsLoaderTest" time="0.004"/>
  <testcase name="testUnknownExternalFileWillNotLoad" classname="org.jabref.logic.protectedterms.ProtectedTermsLoaderTest" time="0.039"/>
  <testcase name="testAddNewTermListAddsList" classname="org.jabref.logic.protectedterms.ProtectedTermsLoaderTest" time="0.003"/>
  <testcase name="testAllDisabledNoWords" classname="org.jabref.logic.protectedterms.ProtectedTermsLoaderTest" time="0.006"/>
  <testcase name="testReadProtectedTermsListFromFileEnabledWorks" classname="org.jabref.logic.protectedterms.ProtectedTermsLoaderTest" time="0.004"/>
  <testcase name="testNewListsAreIncluded" classname="org.jabref.logic.protectedterms.ProtectedTermsLoaderTest" time="0.007"/>
  <testcase name="testDoNotLoadTheSameInternalListTwice" classname="org.jabref.logic.protectedterms.ProtectedTermsLoaderTest" time="0.003"/>
  <testcase name="testRemoveTermList" classname="org.jabref.logic.protectedterms.ProtectedTermsLoaderTest" time="0.002"/>
  <testcase name="testReadProtectedTermsListFromFileReadsDescription" classname="org.jabref.logic.protectedterms.ProtectedTermsLoaderTest" time="0.002"/>
  <testcase name="testAddNewTermListSetsCorrectDescription" classname="org.jabref.logic.protectedterms.ProtectedTermsLoaderTest" time="0.003"/>
  <testcase name="testReadProtectedTermsListFromFileIsNotInternalList" classname="org.jabref.logic.protectedterms.ProtectedTermsLoaderTest" time="0.002"/>
  <testcase name="testAddNewTermListNewListInList" classname="org.jabref.logic.protectedterms.ProtectedTermsLoaderTest" time="0.002"/>
  <testcase name="testRemoveTermListReduceTheCount" classname="org.jabref.logic.protectedterms.ProtectedTermsLoaderTest" time="0.003"/>
  <testcase name="testAddProtectedTermsListFromFile" classname="org.jabref.logic.protectedterms.ProtectedTermsLoaderTest" time="0.002"/>
  <testcase name="testReadProtectedTermsListFromFileDisabledWorks" classname="org.jabref.logic.protectedterms.ProtectedTermsLoaderTest" time="0.001"/>
  <testcase name="testReadProtectedTermsListFromFileNoDescriptionGivesDefaultDescription" classname="org.jabref.logic.protectedterms.ProtectedTermsLoaderTest" time="0.001"/>
  <system-out><![CDATA[02:35:29.134 [Test worker] WARN  org.jabref.logic.protectedterms.ProtectedTermsLoader - New protected terms resource '/protectedterms/months_weekdays.terms' is available and enabled by default.
02:35:29.135 [Test worker] WARN  org.jabref.logic.protectedterms.ProtectedTermsLoader - New protected terms resource '/protectedterms/countries_territories.terms' is available and enabled by default.
02:35:29.136 [Test worker] WARN  org.jabref.logic.protectedterms.ProtectedTermsLoader - New protected terms resource '/protectedterms/electrical_engineering.terms' is available and enabled by default.
02:35:29.139 [Test worker] WARN  org.jabref.logic.protectedterms.ProtectedTermsLoader - Cannot find protected terms file someUnlikelyNameThatNeverWillExist
java.io.FileNotFoundException: someUnlikelyNameThatNeverWillExist (Arquivo ou diretório não encontrado)
	at java.io.FileInputStream.open0(Native Method) ~[?:1.8.0_111]
	at java.io.FileInputStream.open(FileInputStream.java:195) ~[?:1.8.0_111]
	at java.io.FileInputStream.<init>(FileInputStream.java:138) ~[?:1.8.0_111]
	at java.io.FileReader.<init>(FileReader.java:72) ~[?:1.8.0_111]
	at org.jabref.logic.protectedterms.ProtectedTermsParser.readTermsFromFile(ProtectedTermsParser.java:49) ~[main/:?]
	at org.jabref.logic.protectedterms.ProtectedTermsLoader.readProtectedTermsListFromFile(ProtectedTermsLoader.java:145) ~[main/:?]
	at org.jabref.logic.protectedterms.ProtectedTermsLoader.update(ProtectedTermsLoader.java:78) [main/:?]
	at org.jabref.logic.protectedterms.ProtectedTermsLoader.<init>(ProtectedTermsLoader.java:37) [main/:?]
	at org.jabref.logic.protectedterms.ProtectedTermsLoaderTest.testUnknownExternalFileWillNotLoad(ProtectedTermsLoaderTest.java:151) [test/:?]
	at sun.reflect.NativeMethodAccessorImpl.invoke0(Native Method) ~[?:1.8.0_111]
	at sun.reflect.NativeMethodAccessorImpl.invoke(NativeMethodAccessorImpl.java:62) ~[?:1.8.0_111]
	at sun.reflect.DelegatingMethodAccessorImpl.invoke(DelegatingMethodAccessorImpl.java:43) ~[?:1.8.0_111]
	at java.lang.reflect.Method.invoke(Method.java:498) ~[?:1.8.0_111]
	at org.junit.runners.model.FrameworkMethod$1.runReflectiveCall(FrameworkMethod.java:50) [junit-4.12.jar:4.12]
	at org.junit.internal.runners.model.ReflectiveCallable.run(ReflectiveCallable.java:12) [junit-4.12.jar:4.12]
	at org.junit.runners.model.FrameworkMethod.invokeExplosively(FrameworkMethod.java:47) [junit-4.12.jar:4.12]
	at org.junit.internal.runners.statements.InvokeMethod.evaluate(InvokeMethod.java:17) [junit-4.12.jar:4.12]
	at org.junit.internal.runners.statements.RunBefores.evaluate(RunBefores.java:26) [junit-4.12.jar:4.12]
	at org.junit.rules.ExternalResource$1.evaluate(ExternalResource.java:48) [junit-4.12.jar:4.12]
	at org.junit.rules.RunRules.evaluate(RunRules.java:20) [junit-4.12.jar:4.12]
	at org.junit.runners.ParentRunner.runLeaf(ParentRunner.java:325) [junit-4.12.jar:4.12]
	at org.junit.runners.BlockJUnit4ClassRunner.runChild(BlockJUnit4ClassRunner.java:78) [junit-4.12.jar:4.12]
	at org.junit.runners.BlockJUnit4ClassRunner.runChild(BlockJUnit4ClassRunner.java:57) [junit-4.12.jar:4.12]
	at org.junit.runners.ParentRunner$3.run(ParentRunner.java:290) [junit-4.12.jar:4.12]
	at org.junit.runners.ParentRunner$1.schedule(ParentRunner.java:71) [junit-4.12.jar:4.12]
	at org.junit.runners.ParentRunner.runChildren(ParentRunner.java:288) [junit-4.12.jar:4.12]
	at org.junit.runners.ParentRunner.access$000(ParentRunner.java:58) [junit-4.12.jar:4.12]
	at org.junit.runners.ParentRunner$2.evaluate(ParentRunner.java:268) [junit-4.12.jar:4.12]
	at org.junit.runners.ParentRunner.run(ParentRunner.java:363) [junit-4.12.jar:4.12]
	at org.gradle.api.internal.tasks.testing.junit.JUnitTestClassExecuter.runTestClass(JUnitTestClassExecuter.java:114) [gradle-testing-jvm-3.5.jar:3.5]
	at org.gradle.api.internal.tasks.testing.junit.JUnitTestClassExecuter.execute(JUnitTestClassExecuter.java:57) [gradle-testing-jvm-3.5.jar:3.5]
	at org.gradle.api.internal.tasks.testing.junit.JUnitTestClassProcessor.processTestClass(JUnitTestClassProcessor.java:66) [gradle-testing-jvm-3.5.jar:3.5]
	at org.gradle.api.internal.tasks.testing.SuiteTestClassProcessor.processTestClass(SuiteTestClassProcessor.java:51) [gradle-testing-base-3.5.jar:3.5]
	at sun.reflect.GeneratedMethodAccessor29.invoke(Unknown Source) ~[?:?]
	at sun.reflect.DelegatingMethodAccessorImpl.invoke(DelegatingMethodAccessorImpl.java:43) ~[?:1.8.0_111]
	at java.lang.reflect.Method.invoke(Method.java:498) ~[?:1.8.0_111]
	at org.gradle.internal.dispatch.ReflectionDispatch.dispatch(ReflectionDispatch.java:35) [gradle-messaging-3.5.jar:3.5]
	at org.gradle.internal.dispatch.ReflectionDispatch.dispatch(ReflectionDispatch.java:24) [gradle-messaging-3.5.jar:3.5]
	at org.gradle.internal.dispatch.ContextClassLoaderDispatch.dispatch(ContextClassLoaderDispatch.java:32) [gradle-messaging-3.5.jar:3.5]
	at org.gradle.internal.dispatch.ProxyDispatchAdapter$DispatchingInvocationHandler.invoke(ProxyDispatchAdapter.java:93) [gradle-messaging-3.5.jar:3.5]
	at com.sun.proxy.$Proxy2.processTestClass(Unknown Source) [?:?]
	at org.gradle.api.internal.tasks.testing.worker.TestWorker.processTestClass(TestWorker.java:109) [gradle-testing-base-3.5.jar:3.5]
	at sun.reflect.GeneratedMethodAccessor28.invoke(Unknown Source) ~[?:?]
	at sun.reflect.DelegatingMethodAccessorImpl.invoke(DelegatingMethodAccessorImpl.java:43) ~[?:1.8.0_111]
	at java.lang.reflect.Method.invoke(Method.java:498) ~[?:1.8.0_111]
	at org.gradle.internal.dispatch.ReflectionDispatch.dispatch(ReflectionDispatch.java:35) [gradle-messaging-3.5.jar:3.5]
	at org.gradle.internal.dispatch.ReflectionDispatch.dispatch(ReflectionDispatch.java:24) [gradle-messaging-3.5.jar:3.5]
	at org.gradle.internal.remote.internal.hub.MessageHubBackedObjectConnection$DispatchWrapper.dispatch(MessageHubBackedObjectConnection.java:147) [gradle-messaging-3.5.jar:3.5]
	at org.gradle.internal.remote.internal.hub.MessageHubBackedObjectConnection$DispatchWrapper.dispatch(MessageHubBackedObjectConnection.java:129) [gradle-messaging-3.5.jar:3.5]
	at org.gradle.internal.remote.internal.hub.MessageHub$Handler.run(MessageHub.java:404) [gradle-messaging-3.5.jar:3.5]
	at org.gradle.internal.concurrent.ExecutorPolicy$CatchAndRecordFailures.onExecute(ExecutorPolicy.java:63) [gradle-base-services-3.5.jar:3.5]
	at org.gradle.internal.concurrent.StoppableExecutorImpl$1.run(StoppableExecutorImpl.java:46) [gradle-base-services-3.5.jar:3.5]
	at java.util.concurrent.ThreadPoolExecutor.runWorker(ThreadPoolExecutor.java:1142) [?:1.8.0_111]
	at java.util.concurrent.ThreadPoolExecutor$Worker.run(ThreadPoolExecutor.java:617) [?:1.8.0_111]
	at java.lang.Thread.run(Thread.java:745) [?:1.8.0_111]
02:35:29.195 [Test worker] WARN  org.jabref.logic.protectedterms.ProtectedTermsLoader - New protected terms resource '/protectedterms/months_weekdays.terms' is available and enabled by default.
02:35:29.197 [Test worker] WARN  org.jabref.logic.protectedterms.ProtectedTermsLoader - New protected terms resource '/protectedterms/countries_territories.terms' is available and enabled by default.
02:35:29.198 [Test worker] WARN  org.jabref.logic.protectedterms.ProtectedTermsLoader - New protected terms resource '/protectedterms/electrical_engineering.terms' is available and enabled by default.
]]></system-out>
  <system-err><![CDATA[]]></system-err>
</testsuite>
