<?xml version="1.0" encoding="UTF-8"?>
<testsuite name="org.jabref.logic.importer.fileformat.MedlineImporterTestFiles" tests="18" skipped="0" failures="0" errors="0" timestamp="2017-06-23T03:38:38" hostname="jessicadias-VPCEH40EB" time="2.949">
  <properties/>
  <testcase name="testImportEntries[/home/jessicadias/Documentos/Github/jabref-master/build/classes/test/org/jabref/logic/importer/fileformat/MedlineImporterTestNbib.xml]" classname="org.jabref.logic.importer.fileformat.MedlineImporterTestFiles" time="2.054"/>
  <testcase name="testIsRecognizedFormat[/home/jessicadias/Documentos/Github/jabref-master/build/classes/test/org/jabref/logic/importer/fileformat/MedlineImporterTestNbib.xml]" classname="org.jabref.logic.importer.fileformat.MedlineImporterTestFiles" time="0.005"/>
  <testcase name="testImportEntries[/home/jessicadias/Documentos/Github/jabref-master/build/classes/test/org/jabref/logic/importer/fileformat/MedlineImporterTestMalformedEntry.xml]" classname="org.jabref.logic.importer.fileformat.MedlineImporterTestFiles" time="0.181"/>
  <testcase name="testIsRecognizedFormat[/home/jessicadias/Documentos/Github/jabref-master/build/classes/test/org/jabref/logic/importer/fileformat/MedlineImporterTestMalformedEntry.xml]" classname="org.jabref.logic.importer.fileformat.MedlineImporterTestFiles" time="0.001"/>
  <testcase name="testImportEntries[/home/jessicadias/Documentos/Github/jabref-master/build/classes/test/org/jabref/logic/importer/fileformat/MedlineImporterTestDOI.xml]" classname="org.jabref.logic.importer.fileformat.MedlineImporterTestFiles" time="0.092"/>
  <testcase name="testIsRecognizedFormat[/home/jessicadias/Documentos/Github/jabref-master/build/classes/test/org/jabref/logic/importer/fileformat/MedlineImporterTestDOI.xml]" classname="org.jabref.logic.importer.fileformat.MedlineImporterTestFiles" time="0.0"/>
  <testcase name="testImportEntries[/home/jessicadias/Documentos/Github/jabref-master/build/classes/test/org/jabref/logic/importer/fileformat/MedlineImporterTestArticleID.xml]" classname="org.jabref.logic.importer.fileformat.MedlineImporterTestFiles" time="0.102"/>
  <testcase name="testIsRecognizedFormat[/home/jessicadias/Documentos/Github/jabref-master/build/classes/test/org/jabref/logic/importer/fileformat/MedlineImporterTestArticleID.xml]" classname="org.jabref.logic.importer.fileformat.MedlineImporterTestFiles" time="0.0"/>
  <testcase name="testImportEntries[/home/jessicadias/Documentos/Github/jabref-master/build/classes/test/org/jabref/logic/importer/fileformat/MedlineImporterTestMinimalEntry.xml]" classname="org.jabref.logic.importer.fileformat.MedlineImporterTestFiles" time="0.077"/>
  <testcase name="testIsRecognizedFormat[/home/jessicadias/Documentos/Github/jabref-master/build/classes/test/org/jabref/logic/importer/fileformat/MedlineImporterTestMinimalEntry.xml]" classname="org.jabref.logic.importer.fileformat.MedlineImporterTestFiles" time="0.0"/>
  <testcase name="testImportEntries[/home/jessicadias/Documentos/Github/jabref-master/build/classes/test/org/jabref/logic/importer/fileformat/MedlineImporterTestArticleNoISSN.xml]" classname="org.jabref.logic.importer.fileformat.MedlineImporterTestFiles" time="0.103"/>
  <testcase name="testIsRecognizedFormat[/home/jessicadias/Documentos/Github/jabref-master/build/classes/test/org/jabref/logic/importer/fileformat/MedlineImporterTestArticleNoISSN.xml]" classname="org.jabref.logic.importer.fileformat.MedlineImporterTestFiles" time="0.0"/>
  <testcase name="testImportEntries[/home/jessicadias/Documentos/Github/jabref-master/build/classes/test/org/jabref/logic/importer/fileformat/MedlineImporterTestKeywordSingleEntry.xml]" classname="org.jabref.logic.importer.fileformat.MedlineImporterTestFiles" time="0.105"/>
  <testcase name="testIsRecognizedFormat[/home/jessicadias/Documentos/Github/jabref-master/build/classes/test/org/jabref/logic/importer/fileformat/MedlineImporterTestKeywordSingleEntry.xml]" classname="org.jabref.logic.importer.fileformat.MedlineImporterTestFiles" time="0.0"/>
  <testcase name="testImportEntries[/home/jessicadias/Documentos/Github/jabref-master/build/classes/test/org/jabref/logic/importer/fileformat/MedlineImporterTestPubmedBook.xml]" classname="org.jabref.logic.importer.fileformat.MedlineImporterTestFiles" time="0.143"/>
  <testcase name="testIsRecognizedFormat[/home/jessicadias/Documentos/Github/jabref-master/build/classes/test/org/jabref/logic/importer/fileformat/MedlineImporterTestPubmedBook.xml]" classname="org.jabref.logic.importer.fileformat.MedlineImporterTestFiles" time="0.0"/>
  <testcase name="testImportEntries[/home/jessicadias/Documentos/Github/jabref-master/build/classes/test/org/jabref/logic/importer/fileformat/MedlineImporterTestBookArticleSet.xml]" classname="org.jabref.logic.importer.fileformat.MedlineImporterTestFiles" time="0.082"/>
  <testcase name="testIsRecognizedFormat[/home/jessicadias/Documentos/Github/jabref-master/build/classes/test/org/jabref/logic/importer/fileformat/MedlineImporterTestBookArticleSet.xml]" classname="org.jabref.logic.importer.fileformat.MedlineImporterTestFiles" time="0.0"/>
  <system-out><![CDATA[]]></system-out>
  <system-err><![CDATA[]]></system-err>
</testsuite>
