<?xml version="1.0" encoding="UTF-8"?>
<testsuite name="org.jabref.gui.util.FileDialogConfigurationTest" tests="6" skipped="0" failures="0" errors="0" timestamp="2017-06-23T03:36:52" hostname="jessicadias-VPCEH40EB" time="0.033">
  <properties/>
  <testcase name="testWithNullStringDirectory" classname="org.jabref.gui.util.FileDialogConfigurationTest" time="0.002"/>
  <testcase name="testWithValidDirectoryString" classname="org.jabref.gui.util.FileDialogConfigurationTest" time="0.021"/>
  <testcase name="testMultipleExtension" classname="org.jabref.gui.util.FileDialogConfigurationTest" time="0.007"/>
  <testcase name="testSingleExtension" classname="org.jabref.gui.util.FileDialogConfigurationTest" time="0.001"/>
  <testcase name="testWithNullPathDirectory" classname="org.jabref.gui.util.FileDialogConfigurationTest" time="0.0"/>
  <testcase name="testWithValidDirectoryPath" classname="org.jabref.gui.util.FileDialogConfigurationTest" time="0.001"/>
  <system-out><![CDATA[]]></system-out>
  <system-err><![CDATA[]]></system-err>
</testsuite>
