<?xml version="1.0" encoding="UTF-8"?>
<testsuite name="org.jabref.model.database.EntrySorterTest" tests="3" skipped="0" failures="0" errors="0" timestamp="2017-06-20T11:39:01" hostname="auri-inspiron" time="0.002">
  <properties/>
  <testcase name="testEmptyEntrySorter" classname="org.jabref.model.database.EntrySorterTest" time="0.001"/>
  <testcase name="testEntrySorterWithOneElement" classname="org.jabref.model.database.EntrySorterTest" time="0.0"/>
  <testcase name="testEntrySorterWithTwoElements" classname="org.jabref.model.database.EntrySorterTest" time="0.001"/>
  <system-out><![CDATA[]]></system-out>
  <system-err><![CDATA[]]></system-err>
</testsuite>
