<?xml version="1.0" encoding="UTF-8"?>
<testsuite name="org.jabref.shared.DBMSProcessorTest" tests="0" skipped="0" failures="0" errors="0" timestamp="1970-01-01T00:00:00" hostname="jessicadias-VPCEH40EB" time="0.0">
  <properties/>
  <system-out><![CDATA[00:36:48.240 [Test worker] ERROR org.jabref.shared.DBMSConnection - Could not connect to database: Access denied for user 'root'@'localhost' (using password: NO) - Error code: 1045
00:36:48.241 [Test worker] ERROR org.jabref.shared.DBMSConnection - Could not connect to database: No suitable driver found for jdbc:oracle:thin:@localhost:1521:xe - Error code: 0
00:36:48.249 [Test worker] ERROR org.jabref.shared.DBMSConnection - Could not connect to database: Connection Error: ConexÃ£o recusada: localhost/127.0.0.1:5432 - Error code: 0
]]></system-out>
  <system-err><![CDATA[]]></system-err>
</testsuite>
