<?xml version="1.0" encoding="UTF-8"?>
<testsuite name="org.jabref.TestIconsProperties" tests="1" skipped="0" failures="0" errors="0" timestamp="2017-06-23T03:36:44" hostname="jessicadias-VPCEH40EB" time="0.12">
  <properties/>
  <testcase name="testExistenceOfIconImagesReferencedFromIconsProperties" classname="org.jabref.TestIconsProperties" time="0.12"/>
  <system-out><![CDATA[]]></system-out>
  <system-err><![CDATA[]]></system-err>
</testsuite>
