<?xml version="1.0" encoding="UTF-8"?>
<testsuite name="org.jabref.model.search.rules.ContainBasedSearchRuleTest" tests="1" skipped="0" failures="0" errors="0" timestamp="2017-06-23T03:37:25" hostname="jessicadias-VPCEH40EB" time="0.01">
  <properties/>
  <testcase name="testBasicSearchParsing" classname="org.jabref.model.search.rules.ContainBasedSearchRuleTest" time="0.01"/>
  <system-out><![CDATA[]]></system-out>
  <system-err><![CDATA[]]></system-err>
</testsuite>
