<?xml version="1.0" encoding="UTF-8"?>
<testsuite name="org.jabref.logic.formatter.bibtexfields.UnicodeToLatexFormatterTest" tests="3" skipped="0" failures="0" errors="0" timestamp="2017-06-20T11:38:17" hostname="auri-inspiron" time="0.002">
  <properties/>
  <testcase name="formatWithoutUnicodeCharactersReturnsSameString" classname="org.jabref.logic.formatter.bibtexfields.UnicodeToLatexFormatterTest" time="0.001"/>
  <testcase name="formatMultipleUnicodeCharacters" classname="org.jabref.logic.formatter.bibtexfields.UnicodeToLatexFormatterTest" time="0.001"/>
  <testcase name="formatExample" classname="org.jabref.logic.formatter.bibtexfields.UnicodeToLatexFormatterTest" time="0.0"/>
  <system-out><![CDATA[]]></system-out>
  <system-err><![CDATA[]]></system-err>
</testsuite>
