<?xml version="1.0" encoding="UTF-8"?>
<testsuite name="org.jabref.logic.xmp.XMPSchemaBibtexTest" tests="9" skipped="0" failures="0" errors="0" timestamp="2017-06-20T11:38:35" hostname="auri-inspiron" time="0.01">
  <properties/>
  <testcase name="testSetGetTextPropertyString" classname="org.jabref.logic.xmp.XMPSchemaBibtexTest" time="0.001"/>
  <testcase name="testGetTextContent" classname="org.jabref.logic.xmp.XMPSchemaBibtexTest" time="0.001"/>
  <testcase name="testGetSequenceListString" classname="org.jabref.logic.xmp.XMPSchemaBibtexTest" time="0.0"/>
  <testcase name="testGetSetPersonList" classname="org.jabref.logic.xmp.XMPSchemaBibtexTest" time="0.0"/>
  <testcase name="testSetBibtexEntry" classname="org.jabref.logic.xmp.XMPSchemaBibtexTest" time="0.001"/>
  <testcase name="testXMPSchemaBibtexElement" classname="org.jabref.logic.xmp.XMPSchemaBibtexTest" time="0.0"/>
  <testcase name="testGetAllProperties" classname="org.jabref.logic.xmp.XMPSchemaBibtexTest" time="0.001"/>
  <testcase name="testXMPSchemaBibtexXMPMetadata" classname="org.jabref.logic.xmp.XMPSchemaBibtexTest" time="0.001"/>
  <testcase name="testSetGetBagListString" classname="org.jabref.logic.xmp.XMPSchemaBibtexTest" time="0.001"/>
  <system-out><![CDATA[]]></system-out>
  <system-err><![CDATA[]]></system-err>
</testsuite>
