<?xml version="1.0" encoding="UTF-8"?>
<testsuite name="org.jabref.logic.importer.fileformat.CopacImporterTestFiles" tests="4" skipped="0" failures="0" errors="0" timestamp="2017-06-25T05:36:14" hostname="jessicadias-VPCEH40EB" time="0.008">
  <properties/>
  <testcase name="testImportEntries[CopacImporterTest2.txt]" classname="org.jabref.logic.importer.fileformat.CopacImporterTestFiles" time="0.004"/>
  <testcase name="testIsRecognizedFormat[CopacImporterTest2.txt]" classname="org.jabref.logic.importer.fileformat.CopacImporterTestFiles" time="0.001"/>
  <testcase name="testImportEntries[CopacImporterTest1.txt]" classname="org.jabref.logic.importer.fileformat.CopacImporterTestFiles" time="0.002"/>
  <testcase name="testIsRecognizedFormat[CopacImporterTest1.txt]" classname="org.jabref.logic.importer.fileformat.CopacImporterTestFiles" time="0.0"/>
  <system-out><![CDATA[]]></system-out>
  <system-err><![CDATA[]]></system-err>
</testsuite>
