<?xml version="1.0" encoding="UTF-8"?>
<testsuite name="org.jabref.logic.importer.util.ConvertLegacyExplicitGroupsTest" tests="3" skipped="0" failures="0" errors="0" timestamp="2017-06-23T03:38:52" hostname="jessicadias-VPCEH40EB" time="0.025">
  <properties/>
  <testcase name="performActionWritesGroupMembershipInEntry" classname="org.jabref.logic.importer.util.ConvertLegacyExplicitGroupsTest" time="0.023"/>
  <testcase name="performActionClearsLegacyKeys" classname="org.jabref.logic.importer.util.ConvertLegacyExplicitGroupsTest" time="0.001"/>
  <testcase name="performActionWritesGroupMembershipInEntryForComplexGroupTree" classname="org.jabref.logic.importer.util.ConvertLegacyExplicitGroupsTest" time="0.001"/>
  <system-out><![CDATA[]]></system-out>
  <system-err><![CDATA[]]></system-err>
</testsuite>
