<?xml version="1.0" encoding="UTF-8"?>
<testsuite name="org.jabref.gui.keyboard.KeyBindingsDialogViewModelTest" tests="8" skipped="4" failures="0" errors="0" timestamp="2017-06-25T05:34:54" hostname="jessicadias-VPCEH40EB" time="0.184">
  <properties/>
  <testcase name="testRandomNewKeyKeyBindingInRepository" classname="org.jabref.gui.keyboard.KeyBindingsDialogViewModelTest" time="0.001">
    <skipped/>
  </testcase>
  <testcase name="testSaveNewKeyBindingsToPreferences" classname="org.jabref.gui.keyboard.KeyBindingsDialogViewModelTest" time="0.156"/>
  <testcase name="testSetAllKeyBindingsToDefault" classname="org.jabref.gui.keyboard.KeyBindingsDialogViewModelTest" time="0.0">
    <skipped/>
  </testcase>
  <testcase name="testSpecialKeysValidKeyBindingIsSaved" classname="org.jabref.gui.keyboard.KeyBindingsDialogViewModelTest" time="0.0">
    <skipped/>
  </testcase>
  <testcase name="testInvalidKeyBindingIsNotSaved" classname="org.jabref.gui.keyboard.KeyBindingsDialogViewModelTest" time="0.012"/>
  <testcase name="testKeyBindingCategory" classname="org.jabref.gui.keyboard.KeyBindingsDialogViewModelTest" time="0.008"/>
  <testcase name="testSaveNewSpecialKeysKeyBindingsToPreferences" classname="org.jabref.gui.keyboard.KeyBindingsDialogViewModelTest" time="0.007"/>
  <testcase name="testSetSingleKeyBindingToDefault" classname="org.jabref.gui.keyboard.KeyBindingsDialogViewModelTest" time="0.0">
    <skipped/>
  </testcase>
  <system-out><![CDATA[]]></system-out>
  <system-err><![CDATA[]]></system-err>
</testsuite>
