<?xml version="1.0" encoding="UTF-8"?>
<testsuite name="org.jabref.logic.util.DevelopmentStageTest" tests="4" skipped="0" failures="0" errors="0" timestamp="2017-06-25T05:36:32" hostname="jessicadias-VPCEH40EB" time="0.001">
  <properties/>
  <testcase name="parseNull" classname="org.jabref.logic.util.DevelopmentStageTest" time="0.001"/>
  <testcase name="parseStages" classname="org.jabref.logic.util.DevelopmentStageTest" time="0.0"/>
  <testcase name="parseUnknownString" classname="org.jabref.logic.util.DevelopmentStageTest" time="0.0"/>
  <testcase name="checkStabilityOrder" classname="org.jabref.logic.util.DevelopmentStageTest" time="0.0"/>
  <system-out><![CDATA[02:36:32.546 [Test worker] WARN  org.jabref.logic.util.Version - The stage cannot be null
02:36:32.547 [Test worker] WARN  org.jabref.logic.util.Version - Unknown development stage: asdf
]]></system-out>
  <system-err><![CDATA[]]></system-err>
</testsuite>
