<?xml version="1.0" encoding="UTF-8"?>
<testsuite name="org.jabref.model.BibDatabaseContextTest" tests="4" skipped="0" failures="0" errors="0" timestamp="2017-06-25T05:35:22" hostname="jessicadias-VPCEH40EB" time="0.009">
  <properties/>
  <testcase name="testTypeBasedOnInferredModeBiblatex" classname="org.jabref.model.BibDatabaseContextTest" time="0.004"/>
  <testcase name="testTypeBasedOnDefaultBiblatex" classname="org.jabref.model.BibDatabaseContextTest" time="0.002"/>
  <testcase name="testTypeBasedOnDefaultBibtex" classname="org.jabref.model.BibDatabaseContextTest" time="0.001"/>
  <testcase name="testTypeBasedOnInferredModeBibTeX" classname="org.jabref.model.BibDatabaseContextTest" time="0.002"/>
  <system-out><![CDATA[]]></system-out>
  <system-err><![CDATA[]]></system-err>
</testsuite>
