<?xml version="1.0" encoding="UTF-8"?>
<testsuite name="org.jabref.logic.l10n.LanguagesTest" tests="6" skipped="0" failures="0" errors="0" timestamp="2017-06-20T11:35:04" hostname="auri-inspiron" time="0.002">
  <properties/>
  <testcase name="convertKnownLanguageAndCountryOnly" classname="org.jabref.logic.l10n.LanguagesTest" time="0.0"/>
  <testcase name="convertToKnownLocaleNull" classname="org.jabref.logic.l10n.LanguagesTest" time="0.001"/>
  <testcase name="convertKnownLanguageAndUnknownCountry" classname="org.jabref.logic.l10n.LanguagesTest" time="0.0"/>
  <testcase name="convertKnownLanguageOnly" classname="org.jabref.logic.l10n.LanguagesTest" time="0.0"/>
  <testcase name="convertUnknownLanguage" classname="org.jabref.logic.l10n.LanguagesTest" time="0.0"/>
  <testcase name="convertUnknownKnownLanguageAndUnknownCountry" classname="org.jabref.logic.l10n.LanguagesTest" time="0.0"/>
  <system-out><![CDATA[]]></system-out>
  <system-err><![CDATA[]]></system-err>
</testsuite>
