<?xml version="1.0" encoding="UTF-8"?>
<testsuite name="org.jabref.logic.cleanup.BiblatexCleanupTest" tests="2" skipped="0" failures="0" errors="0" timestamp="2017-06-25T05:36:07" hostname="jessicadias-VPCEH40EB" time="0.005">
  <properties/>
  <testcase name="convertToBiblatexDateAlreadyPresent" classname="org.jabref.logic.cleanup.BiblatexCleanupTest" time="0.003"/>
  <testcase name="convertToBiblatexMovesYearMonthToDate" classname="org.jabref.logic.cleanup.BiblatexCleanupTest" time="0.002"/>
  <system-out><![CDATA[]]></system-out>
  <system-err><![CDATA[]]></system-err>
</testsuite>
