<?xml version="1.0" encoding="UTF-8"?>
<testsuite name="org.jabref.logic.exporter.BibtexDatabaseWriterTest" tests="35" skipped="0" failures="0" errors="0" timestamp="2017-06-20T11:36:02" hostname="auri-inspiron" time="2.049">
  <properties/>
  <testcase name="roundtripWithUnknownMetaData" classname="org.jabref.logic.exporter.BibtexDatabaseWriterTest" time="0.841"/>
  <testcase name="writeStringAndEncoding" classname="org.jabref.logic.exporter.BibtexDatabaseWriterTest" time="0.101"/>
  <testcase name="writeEntriesSorted" classname="org.jabref.logic.exporter.BibtexDatabaseWriterTest" time="0.012"/>
  <testcase name="writeMetadataAndEncoding" classname="org.jabref.logic.exporter.BibtexDatabaseWriterTest" time="0.729"/>
  <testcase name="writeSavedSerializationOfStringIfUnchanged" classname="org.jabref.logic.exporter.BibtexDatabaseWriterTest" time="0.001"/>
  <testcase name="writeEntriesInOriginalOrderWhenNoSaveOrderConfigIsSetInMetadata" classname="org.jabref.logic.exporter.BibtexDatabaseWriterTest" time="0.005"/>
  <testcase name="roundtripWithUserCommentAndEntryChange" classname="org.jabref.logic.exporter.BibtexDatabaseWriterTest" time="0.273"/>
  <testcase name="reformatStringIfAskedToDoSo" classname="org.jabref.logic.exporter.BibtexDatabaseWriterTest" time="0.001"/>
  <testcase name="writeEntryWithCustomizedTypeAlsoWritesTypeDeclaration" classname="org.jabref.logic.exporter.BibtexDatabaseWriterTest" time="0.005"/>
  <testcase name="writeSaveOrderConfig" classname="org.jabref.logic.exporter.BibtexDatabaseWriterTest" time="0.001"/>
  <testcase name="writeGroupsAndEncoding" classname="org.jabref.logic.exporter.BibtexDatabaseWriterTest" time="0.003"/>
  <testcase name="writeEntry" classname="org.jabref.logic.exporter.BibtexDatabaseWriterTest" time="0.002"/>
  <testcase name="writeSaveActions" classname="org.jabref.logic.exporter.BibtexDatabaseWriterTest" time="0.001"/>
  <testcase name="writeEncodingAndEntry" classname="org.jabref.logic.exporter.BibtexDatabaseWriterTest" time="0.001"/>
  <testcase name="writeEncoding" classname="org.jabref.logic.exporter.BibtexDatabaseWriterTest" time="0.001"/>
  <testcase name="roundtripWithContentSelectorsAndUmlauts" classname="org.jabref.logic.exporter.BibtexDatabaseWriterTest" time="0.002"/>
  <testcase name="writeCustomKeyPattern" classname="org.jabref.logic.exporter.BibtexDatabaseWriterTest" time="0.001"/>
  <testcase name="roundtrip" classname="org.jabref.logic.exporter.BibtexDatabaseWriterTest" time="0.039"/>
  <testcase name="roundtripWithUserCommentBeforeStringAndChange" classname="org.jabref.logic.exporter.BibtexDatabaseWriterTest" time="0.014"/>
  <testcase name="writePreambleAndEncoding" classname="org.jabref.logic.exporter.BibtexDatabaseWriterTest" time="0.001"/>
  <testcase name="writeEpilogueAndEncoding" classname="org.jabref.logic.exporter.BibtexDatabaseWriterTest" time="0.0"/>
  <testcase name="writeWithNullPreferencesThrowsException" classname="org.jabref.logic.exporter.BibtexDatabaseWriterTest" time="0.001"/>
  <testcase name="roundtripWithUserComment" classname="org.jabref.logic.exporter.BibtexDatabaseWriterTest" time="0.004"/>
  <testcase name="writeProtectedFlag" classname="org.jabref.logic.exporter.BibtexDatabaseWriterTest" time="0.0"/>
  <testcase name="reformatEntryIfAskedToDoSo" classname="org.jabref.logic.exporter.BibtexDatabaseWriterTest" time="0.002"/>
  <testcase name="writeGroups" classname="org.jabref.logic.exporter.BibtexDatabaseWriterTest" time="0.001"/>
  <testcase name="writePreamble" classname="org.jabref.logic.exporter.BibtexDatabaseWriterTest" time="0.0"/>
  <testcase name="writeWithNullContextThrowsException" classname="org.jabref.logic.exporter.BibtexDatabaseWriterTest" time="0.001"/>
  <testcase name="writeFileDirectories" classname="org.jabref.logic.exporter.BibtexDatabaseWriterTest" time="0.0"/>
  <testcase name="writeWithNullEntriesThrowsException" classname="org.jabref.logic.exporter.BibtexDatabaseWriterTest" time="0.0"/>
  <testcase name="writeString" classname="org.jabref.logic.exporter.BibtexDatabaseWriterTest" time="0.0"/>
  <testcase name="writeBiblatexMode" classname="org.jabref.logic.exporter.BibtexDatabaseWriterTest" time="0.0"/>
  <testcase name="writeEpilogue" classname="org.jabref.logic.exporter.BibtexDatabaseWriterTest" time="0.0"/>
  <testcase name="writeSavedSerializationOfEntryIfUnchanged" classname="org.jabref.logic.exporter.BibtexDatabaseWriterTest" time="0.002"/>
  <testcase name="writeMetadata" classname="org.jabref.logic.exporter.BibtexDatabaseWriterTest" time="0.0"/>
  <system-out><![CDATA[08:36:04.322 [Test worker] INFO  org.jabref.logic.importer.fileformat.BibtexParser - Found unbracketed comment
08:36:04.323 [Test worker] INFO  org.jabref.logic.importer.fileformat.BibtexParser - Found unbracketed comment
08:36:04.617 [Test worker] INFO  org.jabref.logic.importer.fileformat.BibtexParser - Found unbracketed comment
08:36:04.618 [Test worker] INFO  org.jabref.logic.importer.fileformat.BibtexParser - Found unbracketed comment
]]></system-out>
  <system-err><![CDATA[]]></system-err>
</testsuite>
