<?xml version="1.0" encoding="UTF-8"?>
<testsuite name="org.jabref.model.entry.BibEntryTest" tests="4" skipped="0" failures="0" errors="0" timestamp="2017-06-23T03:37:24" hostname="jessicadias-VPCEH40EB" time="0.013">
  <properties/>
  <testcase name="notOverrideReservedFields" classname="org.jabref.model.entry.BibEntryTest" time="0.0"/>
  <testcase name="clonedBibentryHasUniqueID" classname="org.jabref.model.entry.BibEntryTest" time="0.001"/>
  <testcase name="notClearReservedFields" classname="org.jabref.model.entry.BibEntryTest" time="0.0"/>
  <testcase name="getFieldIsCaseInsensitive" classname="org.jabref.model.entry.BibEntryTest" time="0.006"/>
  <system-out><![CDATA[]]></system-out>
  <system-err><![CDATA[]]></system-err>
</testsuite>
