<?xml version="1.0" encoding="UTF-8"?>
<testsuite name="org.jabref.model.entry.identifier.ArXivIdentifierTest" tests="2" skipped="0" failures="0" errors="0" timestamp="2017-06-25T05:35:22" hostname="jessicadias-VPCEH40EB" time="0.001">
  <properties/>
  <testcase name="parseIgnoresArXivPrefix" classname="org.jabref.model.entry.identifier.ArXivIdentifierTest" time="0.001"/>
  <testcase name="parseIgnoresArxivPrefix" classname="org.jabref.model.entry.identifier.ArXivIdentifierTest" time="0.0"/>
  <system-out><![CDATA[]]></system-out>
  <system-err><![CDATA[]]></system-err>
</testsuite>
