<?xml version="1.0" encoding="UTF-8"?>
<testsuite name="org.jabref.gui.groups.GroupNodeViewModelTest" tests="8" skipped="0" failures="0" errors="0" timestamp="2017-06-25T05:34:52" hostname="jessicadias-VPCEH40EB" time="1.793">
  <properties/>
  <testcase name="draggedOnTopOfGroupAddsBeforeIt" classname="org.jabref.gui.groups.GroupNodeViewModelTest" time="1.528"/>
  <testcase name="treeOfAutomaticKeywordGroupIsCombined" classname="org.jabref.gui.groups.GroupNodeViewModelTest" time="0.059"/>
  <testcase name="alwaysMatchedByEmptySearchString" classname="org.jabref.gui.groups.GroupNodeViewModelTest" time="0.008"/>
  <testcase name="draggedOnBottomOfGroupAddsAfterItWhenSourceGroupWasBefore" classname="org.jabref.gui.groups.GroupNodeViewModelTest" time="0.022"/>
  <testcase name="draggedOnBottomOfGroupAddsAfterIt" classname="org.jabref.gui.groups.GroupNodeViewModelTest" time="0.013"/>
  <testcase name="isMatchedIfContainsPartOfSearchString" classname="org.jabref.gui.groups.GroupNodeViewModelTest" time="0.126"/>
  <testcase name="getDisplayNameConvertsLatexToUnicode" classname="org.jabref.gui.groups.GroupNodeViewModelTest" time="0.021"/>
  <testcase name="draggedOnTopOfGroupAddsBeforeItWhenSourceGroupWasBefore" classname="org.jabref.gui.groups.GroupNodeViewModelTest" time="0.012"/>
  <system-out><![CDATA[]]></system-out>
  <system-err><![CDATA[]]></system-err>
</testsuite>
