<?xml version="1.0" encoding="UTF-8"?>
<testsuite name="org.jabref.logic.formatter.bibtexfields.NormalizeDateFormatterTest" tests="24" skipped="0" failures="0" errors="0" timestamp="2017-06-20T11:38:17" hostname="auri-inspiron" time="0.009">
  <properties/>
  <testcase name="formatDate0DdotMdotYYYY" classname="org.jabref.logic.formatter.bibtexfields.NormalizeDateFormatterTest" time="0.0"/>
  <testcase name="formatDateMYY" classname="org.jabref.logic.formatter.bibtexfields.NormalizeDateFormatterTest" time="0.001"/>
  <testcase name="formatDate0Ddot0MdotYYYY" classname="org.jabref.logic.formatter.bibtexfields.NormalizeDateFormatterTest" time="0.0"/>
  <testcase name="formatDateMMMDCommaYYYY" classname="org.jabref.logic.formatter.bibtexfields.NormalizeDateFormatterTest" time="0.0"/>
  <testcase name="formatDate0MYYYY" classname="org.jabref.logic.formatter.bibtexfields.NormalizeDateFormatterTest" time="0.0"/>
  <testcase name="formatDateDdotMMdotYYYY" classname="org.jabref.logic.formatter.bibtexfields.NormalizeDateFormatterTest" time="0.0"/>
  <testcase name="formatDateMYYYY" classname="org.jabref.logic.formatter.bibtexfields.NormalizeDateFormatterTest" time="0.001"/>
  <testcase name="formatDateYYYYM" classname="org.jabref.logic.formatter.bibtexfields.NormalizeDateFormatterTest" time="0.0"/>
  <testcase name="formatDateMMMDDCommaYYYY" classname="org.jabref.logic.formatter.bibtexfields.NormalizeDateFormatterTest" time="0.0"/>
  <testcase name="formatDateMMYYYY" classname="org.jabref.logic.formatter.bibtexfields.NormalizeDateFormatterTest" time="0.0"/>
  <testcase name="formatDateMMMCommaYYYY" classname="org.jabref.logic.formatter.bibtexfields.NormalizeDateFormatterTest" time="0.001"/>
  <testcase name="formatDateDdot0MdotYYYY" classname="org.jabref.logic.formatter.bibtexfields.NormalizeDateFormatterTest" time="0.0"/>
  <testcase name="formatDateYYYYMD" classname="org.jabref.logic.formatter.bibtexfields.NormalizeDateFormatterTest" time="0.0"/>
  <testcase name="formatDateYYYYMM" classname="org.jabref.logic.formatter.bibtexfields.NormalizeDateFormatterTest" time="0.0"/>
  <testcase name="formatExample" classname="org.jabref.logic.formatter.bibtexfields.NormalizeDateFormatterTest" time="0.0"/>
  <testcase name="formatDateDDdotMMdotYYYY" classname="org.jabref.logic.formatter.bibtexfields.NormalizeDateFormatterTest" time="0.0"/>
  <testcase name="formatDateDDdotMdotYYYY" classname="org.jabref.logic.formatter.bibtexfields.NormalizeDateFormatterTest" time="0.001"/>
  <testcase name="formatDateDdotMdotYYYY" classname="org.jabref.logic.formatter.bibtexfields.NormalizeDateFormatterTest" time="0.0"/>
  <testcase name="formatDateYYYYM0D" classname="org.jabref.logic.formatter.bibtexfields.NormalizeDateFormatterTest" time="0.0"/>
  <testcase name="formatDateDDdot0MdotYYYY" classname="org.jabref.logic.formatter.bibtexfields.NormalizeDateFormatterTest" time="0.001"/>
  <testcase name="formatDate0MYY" classname="org.jabref.logic.formatter.bibtexfields.NormalizeDateFormatterTest" time="0.0"/>
  <testcase name="formatDateMMYY" classname="org.jabref.logic.formatter.bibtexfields.NormalizeDateFormatterTest" time="0.0"/>
  <testcase name="formatDateYYYYMM0D" classname="org.jabref.logic.formatter.bibtexfields.NormalizeDateFormatterTest" time="0.001"/>
  <testcase name="formatDate0DdotMMdotYYYY" classname="org.jabref.logic.formatter.bibtexfields.NormalizeDateFormatterTest" time="0.0"/>
  <system-out><![CDATA[]]></system-out>
  <system-err><![CDATA[]]></system-err>
</testsuite>
