<?xml version="1.0" encoding="UTF-8"?>
<testsuite name="org.jabref.logic.search.SearchQueryHighlightObservableTest" tests="3" skipped="0" failures="0" errors="0" timestamp="2017-06-25T05:38:08" hostname="jessicadias-VPCEH40EB" time="0.011">
  <properties/>
  <testcase name="addSearchListenerNotifiesRegisteredListener" classname="org.jabref.logic.search.SearchQueryHighlightObservableTest" time="0.007"/>
  <testcase name="addSearchListenerNotifiesListenerAboutPreviousPattern" classname="org.jabref.logic.search.SearchQueryHighlightObservableTest" time="0.001"/>
  <testcase name="addSearchListenerNotifiesRegisteredListenerAboutGrammarBasedSearches" classname="org.jabref.logic.search.SearchQueryHighlightObservableTest" time="0.001"/>
  <system-out><![CDATA[]]></system-out>
  <system-err><![CDATA[]]></system-err>
</testsuite>
