<?xml version="1.0" encoding="UTF-8"?>
<testsuite name="org.jabref.MainArchitectureTests" tests="11" skipped="0" failures="0" errors="0" timestamp="2017-06-25T05:35:23" hostname="jessicadias-VPCEH40EB" time="1.409">
  <properties/>
  <testcase name="firstPackageIsIndependentOfSecondPackage[0 -- is org.jabref.logic independent of java.awt?]" classname="org.jabref.MainArchitectureTests" time="0.308"/>
  <testcase name="firstPackageIsIndependentOfSecondPackage[1 -- is org.jabref.logic independent of javax.swing?]" classname="org.jabref.MainArchitectureTests" time="0.146"/>
  <testcase name="firstPackageIsIndependentOfSecondPackage[2 -- is org.jabref.logic independent of javafx?]" classname="org.jabref.MainArchitectureTests" time="0.148"/>
  <testcase name="firstPackageIsIndependentOfSecondPackage[3 -- is org.jabref.logic independent of org.jabref.gui?]" classname="org.jabref.MainArchitectureTests" time="0.302"/>
  <testcase name="firstPackageIsIndependentOfSecondPackage[4 -- is org.jabref.logic independent of org.jabref.Globals?]" classname="org.jabref.MainArchitectureTests" time="0.158"/>
  <testcase name="firstPackageIsIndependentOfSecondPackage[5 -- is org.jabref.model independent of java.awt?]" classname="org.jabref.MainArchitectureTests" time="0.062"/>
  <testcase name="firstPackageIsIndependentOfSecondPackage[6 -- is org.jabref.model independent of javax.swing?]" classname="org.jabref.MainArchitectureTests" time="0.053"/>
  <testcase name="firstPackageIsIndependentOfSecondPackage[7 -- is org.jabref.model independent of javafx?]" classname="org.jabref.MainArchitectureTests" time="0.06"/>
  <testcase name="firstPackageIsIndependentOfSecondPackage[8 -- is org.jabref.model independent of org.jabref.gui?]" classname="org.jabref.MainArchitectureTests" time="0.056"/>
  <testcase name="firstPackageIsIndependentOfSecondPackage[9 -- is org.jabref.model independent of org.jabref.logic?]" classname="org.jabref.MainArchitectureTests" time="0.058"/>
  <testcase name="firstPackageIsIndependentOfSecondPackage[10 -- is org.jabref.model independent of org.jabref.Globals?]" classname="org.jabref.MainArchitectureTests" time="0.058"/>
  <system-out><![CDATA[]]></system-out>
  <system-err><![CDATA[]]></system-err>
</testsuite>
