<?xml version="1.0" encoding="UTF-8"?>
<testsuite name="org.jabref.logic.exporter.FieldFormatterCleanupsTest" tests="8" skipped="0" failures="0" errors="0" timestamp="2017-06-20T11:35:47" hostname="auri-inspiron" time="0.404">
  <properties/>
  <testcase name="checkSimpleUseCase" classname="org.jabref.logic.exporter.FieldFormatterCleanupsTest" time="0.001"/>
  <testcase name="checkThreeSaveActionsForOneField" classname="org.jabref.logic.exporter.FieldFormatterCleanupsTest" time="0.396"/>
  <testcase name="invalidSaveActionSting" classname="org.jabref.logic.exporter.FieldFormatterCleanupsTest" time="0.0"/>
  <testcase name="checkMultipleSaveActions" classname="org.jabref.logic.exporter.FieldFormatterCleanupsTest" time="0.001"/>
  <testcase name="clearFormatterRemovesField" classname="org.jabref.logic.exporter.FieldFormatterCleanupsTest" time="0.001"/>
  <testcase name="checkMultipleSaveActionsWithMultipleFormatters" classname="org.jabref.logic.exporter.FieldFormatterCleanupsTest" time="0.001"/>
  <testcase name="checkTwoSaveActionsForOneField" classname="org.jabref.logic.exporter.FieldFormatterCleanupsTest" time="0.0"/>
  <testcase name="checkLowerCaseSaveAction" classname="org.jabref.logic.exporter.FieldFormatterCleanupsTest" time="0.001"/>
  <system-out><![CDATA[]]></system-out>
  <system-err><![CDATA[]]></system-err>
</testsuite>
