<?xml version="1.0" encoding="UTF-8"?>
<testsuite name="org.jabref.cli.JabRefCLITest" tests="3" skipped="0" failures="0" errors="0" timestamp="2017-06-20T11:39:00" hostname="auri-inspiron" time="0.076">
  <properties/>
  <testcase name="testCLIParsingShortOptions" classname="org.jabref.cli.JabRefCLITest" time="0.074"/>
  <testcase name="testCLIParsingLongOptions" classname="org.jabref.cli.JabRefCLITest" time="0.001"/>
  <testcase name="testPreferencesExport" classname="org.jabref.cli.JabRefCLITest" time="0.001"/>
  <system-out><![CDATA[]]></system-out>
  <system-err><![CDATA[]]></system-err>
</testsuite>
