<?xml version="1.0" encoding="UTF-8"?>
<testsuite name="org.jabref.logic.importer.fileformat.MedlineImporterTestFiles" tests="18" skipped="0" failures="0" errors="0" timestamp="2017-06-25T05:36:19" hostname="jessicadias-VPCEH40EB" time="2.245">
  <properties/>
  <testcase name="testImportEntries[/home/jessicadias/Documentos/Github/DC-UFSCar-ES2-201701-Grupo-RainBow/build/classes/test/org/jabref/logic/importer/fileformat/MedlineImporterTestNbib.xml]" classname="org.jabref.logic.importer.fileformat.MedlineImporterTestFiles" time="1.352"/>
  <testcase name="testIsRecognizedFormat[/home/jessicadias/Documentos/Github/DC-UFSCar-ES2-201701-Grupo-RainBow/build/classes/test/org/jabref/logic/importer/fileformat/MedlineImporterTestNbib.xml]" classname="org.jabref.logic.importer.fileformat.MedlineImporterTestFiles" time="0.0"/>
  <testcase name="testImportEntries[/home/jessicadias/Documentos/Github/DC-UFSCar-ES2-201701-Grupo-RainBow/build/classes/test/org/jabref/logic/importer/fileformat/MedlineImporterTestMalformedEntry.xml]" classname="org.jabref.logic.importer.fileformat.MedlineImporterTestFiles" time="0.075"/>
  <testcase name="testIsRecognizedFormat[/home/jessicadias/Documentos/Github/DC-UFSCar-ES2-201701-Grupo-RainBow/build/classes/test/org/jabref/logic/importer/fileformat/MedlineImporterTestMalformedEntry.xml]" classname="org.jabref.logic.importer.fileformat.MedlineImporterTestFiles" time="0.0"/>
  <testcase name="testImportEntries[/home/jessicadias/Documentos/Github/DC-UFSCar-ES2-201701-Grupo-RainBow/build/classes/test/org/jabref/logic/importer/fileformat/MedlineImporterTestDOI.xml]" classname="org.jabref.logic.importer.fileformat.MedlineImporterTestFiles" time="0.15"/>
  <testcase name="testIsRecognizedFormat[/home/jessicadias/Documentos/Github/DC-UFSCar-ES2-201701-Grupo-RainBow/build/classes/test/org/jabref/logic/importer/fileformat/MedlineImporterTestDOI.xml]" classname="org.jabref.logic.importer.fileformat.MedlineImporterTestFiles" time="0.001"/>
  <testcase name="testImportEntries[/home/jessicadias/Documentos/Github/DC-UFSCar-ES2-201701-Grupo-RainBow/build/classes/test/org/jabref/logic/importer/fileformat/MedlineImporterTestArticleID.xml]" classname="org.jabref.logic.importer.fileformat.MedlineImporterTestFiles" time="0.104"/>
  <testcase name="testIsRecognizedFormat[/home/jessicadias/Documentos/Github/DC-UFSCar-ES2-201701-Grupo-RainBow/build/classes/test/org/jabref/logic/importer/fileformat/MedlineImporterTestArticleID.xml]" classname="org.jabref.logic.importer.fileformat.MedlineImporterTestFiles" time="0.0"/>
  <testcase name="testImportEntries[/home/jessicadias/Documentos/Github/DC-UFSCar-ES2-201701-Grupo-RainBow/build/classes/test/org/jabref/logic/importer/fileformat/MedlineImporterTestMinimalEntry.xml]" classname="org.jabref.logic.importer.fileformat.MedlineImporterTestFiles" time="0.103"/>
  <testcase name="testIsRecognizedFormat[/home/jessicadias/Documentos/Github/DC-UFSCar-ES2-201701-Grupo-RainBow/build/classes/test/org/jabref/logic/importer/fileformat/MedlineImporterTestMinimalEntry.xml]" classname="org.jabref.logic.importer.fileformat.MedlineImporterTestFiles" time="0.0"/>
  <testcase name="testImportEntries[/home/jessicadias/Documentos/Github/DC-UFSCar-ES2-201701-Grupo-RainBow/build/classes/test/org/jabref/logic/importer/fileformat/MedlineImporterTestArticleNoISSN.xml]" classname="org.jabref.logic.importer.fileformat.MedlineImporterTestFiles" time="0.104"/>
  <testcase name="testIsRecognizedFormat[/home/jessicadias/Documentos/Github/DC-UFSCar-ES2-201701-Grupo-RainBow/build/classes/test/org/jabref/logic/importer/fileformat/MedlineImporterTestArticleNoISSN.xml]" classname="org.jabref.logic.importer.fileformat.MedlineImporterTestFiles" time="0.001"/>
  <testcase name="testImportEntries[/home/jessicadias/Documentos/Github/DC-UFSCar-ES2-201701-Grupo-RainBow/build/classes/test/org/jabref/logic/importer/fileformat/MedlineImporterTestKeywordSingleEntry.xml]" classname="org.jabref.logic.importer.fileformat.MedlineImporterTestFiles" time="0.112"/>
  <testcase name="testIsRecognizedFormat[/home/jessicadias/Documentos/Github/DC-UFSCar-ES2-201701-Grupo-RainBow/build/classes/test/org/jabref/logic/importer/fileformat/MedlineImporterTestKeywordSingleEntry.xml]" classname="org.jabref.logic.importer.fileformat.MedlineImporterTestFiles" time="0.001"/>
  <testcase name="testImportEntries[/home/jessicadias/Documentos/Github/DC-UFSCar-ES2-201701-Grupo-RainBow/build/classes/test/org/jabref/logic/importer/fileformat/MedlineImporterTestPubmedBook.xml]" classname="org.jabref.logic.importer.fileformat.MedlineImporterTestFiles" time="0.134"/>
  <testcase name="testIsRecognizedFormat[/home/jessicadias/Documentos/Github/DC-UFSCar-ES2-201701-Grupo-RainBow/build/classes/test/org/jabref/logic/importer/fileformat/MedlineImporterTestPubmedBook.xml]" classname="org.jabref.logic.importer.fileformat.MedlineImporterTestFiles" time="0.001"/>
  <testcase name="testImportEntries[/home/jessicadias/Documentos/Github/DC-UFSCar-ES2-201701-Grupo-RainBow/build/classes/test/org/jabref/logic/importer/fileformat/MedlineImporterTestBookArticleSet.xml]" classname="org.jabref.logic.importer.fileformat.MedlineImporterTestFiles" time="0.101"/>
  <testcase name="testIsRecognizedFormat[/home/jessicadias/Documentos/Github/DC-UFSCar-ES2-201701-Grupo-RainBow/build/classes/test/org/jabref/logic/importer/fileformat/MedlineImporterTestBookArticleSet.xml]" classname="org.jabref.logic.importer.fileformat.MedlineImporterTestFiles" time="0.001"/>
  <system-out><![CDATA[]]></system-out>
  <system-err><![CDATA[]]></system-err>
</testsuite>
