<?xml version="1.0" encoding="UTF-8"?>
<testsuite name="org.jabref.logic.journals.AbbreviationsTest" tests="5" skipped="0" failures="0" errors="0" timestamp="2017-06-25T05:36:32" hostname="jessicadias-VPCEH40EB" time="45.215">
  <properties/>
  <testcase name="getNextAbbreviationRemovesPoint" classname="org.jabref.logic.journals.AbbreviationsTest" time="9.646"/>
  <testcase name="getNextAbbreviationAbbreviatesIEEEJournalTitle" classname="org.jabref.logic.journals.AbbreviationsTest" time="8.95"/>
  <testcase name="getNextAbbreviationExpandsIEEEAbbreviation" classname="org.jabref.logic.journals.AbbreviationsTest" time="8.873"/>
  <testcase name="getNextAbbreviationExpandsAbbreviation" classname="org.jabref.logic.journals.AbbreviationsTest" time="8.933"/>
  <testcase name="getNextAbbreviationAbbreviatesJournalTitle" classname="org.jabref.logic.journals.AbbreviationsTest" time="8.811"/>
  <system-out><![CDATA[]]></system-out>
  <system-err><![CDATA[]]></system-err>
</testsuite>
