<?xml version="1.0" encoding="UTF-8"?>
<testsuite name="org.jabref.logic.importer.fileformat.MedlinePlainImporterTest" tests="17" skipped="0" failures="0" errors="0" timestamp="2017-06-23T03:38:28" hostname="jessicadias-VPCEH40EB" time="0.09">
  <properties/>
  <testcase name="testEmptyFileImport" classname="org.jabref.logic.importer.fileformat.MedlinePlainImporterTest" time="0.025"/>
  <testcase name="testGetCLIId" classname="org.jabref.logic.importer.fileformat.MedlinePlainImporterTest" time="0.0"/>
  <testcase name="testMultiLineComments" classname="org.jabref.logic.importer.fileformat.MedlinePlainImporterTest" time="0.003"/>
  <testcase name="testAllArticleTypes" classname="org.jabref.logic.importer.fileformat.MedlinePlainImporterTest" time="0.001"/>
  <testcase name="testWithMultipleEntries" classname="org.jabref.logic.importer.fileformat.MedlinePlainImporterTest" time="0.025"/>
  <testcase name="testIsRecognizedFormat" classname="org.jabref.logic.importer.fileformat.MedlinePlainImporterTest" time="0.002"/>
  <testcase name="testInvalidFormat" classname="org.jabref.logic.importer.fileformat.MedlinePlainImporterTest" time="0.0"/>
  <testcase name="testImportSingleEntriesInSingleFiles" classname="org.jabref.logic.importer.fileformat.MedlinePlainImporterTest" time="0.013"/>
  <testcase name="testsGetExtensions" classname="org.jabref.logic.importer.fileformat.MedlinePlainImporterTest" time="0.0"/>
  <testcase name="testGetDescription" classname="org.jabref.logic.importer.fileformat.MedlinePlainImporterTest" time="0.001"/>
  <testcase name="testIsNotRecognizedFormat" classname="org.jabref.logic.importer.fileformat.MedlinePlainImporterTest" time="0.0"/>
  <testcase name="testNullReader" classname="org.jabref.logic.importer.fileformat.MedlinePlainImporterTest" time="0.0"/>
  <testcase name="testKeyWords" classname="org.jabref.logic.importer.fileformat.MedlinePlainImporterTest" time="0.001"/>
  <testcase name="doesNotRecognizeEmptyFiles" classname="org.jabref.logic.importer.fileformat.MedlinePlainImporterTest" time="0.0"/>
  <testcase name="testImportMultipleEntriesInSingleFile" classname="org.jabref.logic.importer.fileformat.MedlinePlainImporterTest" time="0.006"/>
  <testcase name="testWithNbibFile" classname="org.jabref.logic.importer.fileformat.MedlinePlainImporterTest" time="0.011"/>
  <testcase name="testGetFormatName" classname="org.jabref.logic.importer.fileformat.MedlinePlainImporterTest" time="0.0"/>
  <system-out><![CDATA[]]></system-out>
  <system-err><![CDATA[]]></system-err>
</testsuite>
