<?xml version="1.0" encoding="UTF-8"?>
<testsuite name="org.jabref.logic.bibtex.FieldContentParserTest" tests="3" skipped="0" failures="0" errors="0" timestamp="2017-06-20T11:35:42" hostname="auri-inspiron" time="0.0">
  <properties/>
  <testcase name="unifiesLineBreaks" classname="org.jabref.logic.bibtex.FieldContentParserTest" time="0.0"/>
  <testcase name="retainsWhitespaceForMultiLineFields" classname="org.jabref.logic.bibtex.FieldContentParserTest" time="0.0"/>
  <testcase name="removeWhitespaceFromNonMultiLineFields" classname="org.jabref.logic.bibtex.FieldContentParserTest" time="0.0"/>
  <system-out><![CDATA[]]></system-out>
  <system-err><![CDATA[]]></system-err>
</testsuite>
