<?xml version="1.0" encoding="UTF-8"?>
<testsuite name="org.jabref.logic.importer.fileformat.OvidImporterTest" tests="10" skipped="0" failures="0" errors="0" timestamp="2017-06-20T11:37:10" hostname="auri-inspiron" time="0.011">
  <properties/>
  <testcase name="testGetCLIId" classname="org.jabref.logic.importer.fileformat.OvidImporterTest" time="0.0"/>
  <testcase name="testsGetExtensions" classname="org.jabref.logic.importer.fileformat.OvidImporterTest" time="0.0"/>
  <testcase name="testGetDescription" classname="org.jabref.logic.importer.fileformat.OvidImporterTest" time="0.0"/>
  <testcase name="testImportEmpty" classname="org.jabref.logic.importer.fileformat.OvidImporterTest" time="0.001"/>
  <testcase name="testIsRecognizedFormatAccept" classname="org.jabref.logic.importer.fileformat.OvidImporterTest" time="0.0"/>
  <testcase name="testImportEntries1" classname="org.jabref.logic.importer.fileformat.OvidImporterTest" time="0.002"/>
  <testcase name="testImportEntries2" classname="org.jabref.logic.importer.fileformat.OvidImporterTest" time="0.0"/>
  <testcase name="testImportSingleEntries" classname="org.jabref.logic.importer.fileformat.OvidImporterTest" time="0.008"/>
  <testcase name="testGetFormatName" classname="org.jabref.logic.importer.fileformat.OvidImporterTest" time="0.0"/>
  <testcase name="testIsRecognizedFormatRejected" classname="org.jabref.logic.importer.fileformat.OvidImporterTest" time="0.0"/>
  <system-out><![CDATA[]]></system-out>
  <system-err><![CDATA[]]></system-err>
</testsuite>
