<?xml version="1.0" encoding="UTF-8"?>
<testsuite name="org.jabref.logic.bst.BibtexCaseChangersTest" tests="4" skipped="0" failures="0" errors="0" timestamp="2017-06-23T03:38:05" hostname="jessicadias-VPCEH40EB" time="0.003">
  <properties/>
  <testcase name="testTitleCase" classname="org.jabref.logic.bst.BibtexCaseChangersTest" time="0.0"/>
  <testcase name="testColon" classname="org.jabref.logic.bst.BibtexCaseChangersTest" time="0.001"/>
  <testcase name="testSpecialBracketPlacement" classname="org.jabref.logic.bst.BibtexCaseChangersTest" time="0.001"/>
  <testcase name="testChangeCase" classname="org.jabref.logic.bst.BibtexCaseChangersTest" time="0.001"/>
  <system-out><![CDATA[]]></system-out>
  <system-err><![CDATA[]]></system-err>
</testsuite>
