<?xml version="1.0" encoding="UTF-8"?>
<testsuite name="org.jabref.logic.net.URLUtilTest" tests="3" skipped="0" failures="0" errors="0" timestamp="2017-06-25T05:36:07" hostname="jessicadias-VPCEH40EB" time="0.003">
  <properties/>
  <testcase name="cleanGoogleSearchURL" classname="org.jabref.logic.net.URLUtilTest" time="0.003"/>
  <testcase name="isURLshouldAcceptValidURL" classname="org.jabref.logic.net.URLUtilTest" time="0.0"/>
  <testcase name="isURLshouldRejectInvalidURL" classname="org.jabref.logic.net.URLUtilTest" time="0.0"/>
  <system-out><![CDATA[]]></system-out>
  <system-err><![CDATA[]]></system-err>
</testsuite>
