<?xml version="1.0" encoding="UTF-8"?>
<testsuite name="org.jabref.logic.net.URLUtilTest" tests="3" skipped="0" failures="0" errors="0" timestamp="2017-06-20T11:38:33" hostname="auri-inspiron" time="0.001">
  <properties/>
  <testcase name="cleanGoogleSearchURL" classname="org.jabref.logic.net.URLUtilTest" time="0.001"/>
  <testcase name="isURLshouldAcceptValidURL" classname="org.jabref.logic.net.URLUtilTest" time="0.0"/>
  <testcase name="isURLshouldRejectInvalidURL" classname="org.jabref.logic.net.URLUtilTest" time="0.0"/>
  <system-out><![CDATA[]]></system-out>
  <system-err><![CDATA[]]></system-err>
</testsuite>
