<?xml version="1.0" encoding="UTF-8"?>
<testsuite name="org.jabref.model.database.BibDatabaseTest" tests="27" skipped="0" failures="0" errors="0" timestamp="2017-06-23T03:37:25" hostname="jessicadias-VPCEH40EB" time="0.09">
  <properties/>
  <testcase name="hasStringLabelFindsString" classname="org.jabref.model.database.BibDatabaseTest" time="0.002"/>
  <testcase name="removeEntryPostsRemovedEntryEvent" classname="org.jabref.model.database.BibDatabaseTest" time="0.007"/>
  <testcase name="getUsedStrings" classname="org.jabref.model.database.BibDatabaseTest" time="0.003"/>
  <testcase name="removeNullEntryThrowsException" classname="org.jabref.model.database.BibDatabaseTest" time="0.006"/>
  <testcase name="changingEntryPostsChangeEntryEvent" classname="org.jabref.model.database.BibDatabaseTest" time="0.003"/>
  <testcase name="insertEntryWithSameIdThrowsException" classname="org.jabref.model.database.BibDatabaseTest" time="0.003"/>
  <testcase name="insertEntryAddsEntryToEntriesList" classname="org.jabref.model.database.BibDatabaseTest" time="0.005"/>
  <testcase name="getUsedStringsSingleString" classname="org.jabref.model.database.BibDatabaseTest" time="0.003"/>
  <testcase name="correctKeyCountAfterRemoving" classname="org.jabref.model.database.BibDatabaseTest" time="0.008"/>
  <testcase name="removeEntryRemovesEntryFromEntriesList" classname="org.jabref.model.database.BibDatabaseTest" time="0.012"/>
  <testcase name="addSameStringIdTwiceThrowsKeyCollisionException" classname="org.jabref.model.database.BibDatabaseTest" time="0.001"/>
  <testcase name="resolveForStringsOddHashMarkAtTheEnd" classname="org.jabref.model.database.BibDatabaseTest" time="0.001"/>
  <testcase name="circularStringResolving" classname="org.jabref.model.database.BibDatabaseTest" time="0.003"/>
  <testcase name="resolveForStringsMonth" classname="org.jabref.model.database.BibDatabaseTest" time="0.002"/>
  <testcase name="circularStringResolvingLongerCycle" classname="org.jabref.model.database.BibDatabaseTest" time="0.006"/>
  <testcase name="insertNullEntryThrowsException" classname="org.jabref.model.database.BibDatabaseTest" time="0.002"/>
  <testcase name="insertStringUpdatesStringList" classname="org.jabref.model.database.BibDatabaseTest" time="0.001"/>
  <testcase name="correctKeyCountOne" classname="org.jabref.model.database.BibDatabaseTest" time="0.002"/>
  <testcase name="correctKeyCountTwo" classname="org.jabref.model.database.BibDatabaseTest" time="0.001"/>
  <testcase name="setPreambleWorks" classname="org.jabref.model.database.BibDatabaseTest" time="0.001"/>
  <testcase name="removeStringUpdatesStringList" classname="org.jabref.model.database.BibDatabaseTest" time="0.005"/>
  <testcase name="insertEntryPostsAddedEntryEvent" classname="org.jabref.model.database.BibDatabaseTest" time="0.002"/>
  <testcase name="emptyDatabaseHasNoStrings" classname="org.jabref.model.database.BibDatabaseTest" time="0.001"/>
  <testcase name="addSameStringLabelTwiceThrowsKeyCollisionException" classname="org.jabref.model.database.BibDatabaseTest" time="0.001"/>
  <testcase name="containsEntryIdFindsEntry" classname="org.jabref.model.database.BibDatabaseTest" time="0.002"/>
  <testcase name="getUsedStringsNoString" classname="org.jabref.model.database.BibDatabaseTest" time="0.001"/>
  <testcase name="resolveForStringsSurroundingContent" classname="org.jabref.model.database.BibDatabaseTest" time="0.001"/>
  <system-out><![CDATA[00:37:25.077 [Test worker] INFO  org.jabref.model.database.BibDatabase - Stopped due to circular reference in strings: AAA
00:37:25.079 [Test worker] INFO  org.jabref.model.database.BibDatabase - Stopped due to circular reference in strings: BBB
00:37:25.083 [Test worker] INFO  org.jabref.model.database.BibDatabase - Stopped due to circular reference in strings: AAA
00:37:25.083 [Test worker] INFO  org.jabref.model.database.BibDatabase - Stopped due to circular reference in strings: BBB
00:37:25.084 [Test worker] INFO  org.jabref.model.database.BibDatabase - Stopped due to circular reference in strings: CCC
00:37:25.085 [Test worker] INFO  org.jabref.model.database.BibDatabase - Stopped due to circular reference in strings: DDD
]]></system-out>
  <system-err><![CDATA[]]></system-err>
</testsuite>
