<?xml version="1.0" encoding="UTF-8"?>
<testsuite name="org.jabref.logic.layout.format.CompositeFormatTest" tests="3" skipped="0" failures="0" errors="0" timestamp="2017-06-25T05:36:31" hostname="jessicadias-VPCEH40EB" time="0.007">
  <properties/>
  <testcase name="testEmptyComposite" classname="org.jabref.logic.layout.format.CompositeFormatTest" time="0.0"/>
  <testcase name="testArrayComposite" classname="org.jabref.logic.layout.format.CompositeFormatTest" time="0.004"/>
  <testcase name="testDoubleComposite" classname="org.jabref.logic.layout.format.CompositeFormatTest" time="0.001"/>
  <system-out><![CDATA[]]></system-out>
  <system-err><![CDATA[]]></system-err>
</testsuite>
