<?xml version="1.0" encoding="UTF-8"?>
<testsuite name="org.jabref.logic.journals.AbbreviationTest" tests="5" skipped="0" failures="0" errors="0" timestamp="2017-06-20T11:38:03" hostname="auri-inspiron" time="0.0">
  <properties/>
  <testcase name="testAbbreviationsWithUnusedElements" classname="org.jabref.logic.journals.AbbreviationTest" time="0.0"/>
  <testcase name="testGetNextElementWithTrailingSpaces" classname="org.jabref.logic.journals.AbbreviationTest" time="0.0"/>
  <testcase name="testIsoAndMedlineAbbreviationsAreSame" classname="org.jabref.logic.journals.AbbreviationTest" time="0.0"/>
  <testcase name="testAbbreviationsWithTrailingSpaces" classname="org.jabref.logic.journals.AbbreviationTest" time="0.0"/>
  <testcase name="testGetNextElement" classname="org.jabref.logic.journals.AbbreviationTest" time="0.0"/>
  <system-out><![CDATA[]]></system-out>
  <system-err><![CDATA[]]></system-err>
</testsuite>
