<?xml version="1.0" encoding="UTF-8"?>
<testsuite name="org.jabref.logic.layout.format.RisMonthTest" tests="4" skipped="0" failures="0" errors="0" timestamp="2017-06-20T11:35:42" hostname="auri-inspiron" time="0.002">
  <properties/>
  <testcase name="testEmpty" classname="org.jabref.logic.layout.format.RisMonthTest" time="0.002"/>
  <testcase name="testMonth" classname="org.jabref.logic.layout.format.RisMonthTest" time="0.0"/>
  <testcase name="testNull" classname="org.jabref.logic.layout.format.RisMonthTest" time="0.0"/>
  <testcase name="testInvalidMonth" classname="org.jabref.logic.layout.format.RisMonthTest" time="0.0"/>
  <system-out><![CDATA[]]></system-out>
  <system-err><![CDATA[]]></system-err>
</testsuite>
