<?xml version="1.0" encoding="UTF-8"?>
<testsuite name="org.jabref.model.database.BibDatabaseTest" tests="27" skipped="0" failures="0" errors="0" timestamp="2017-06-20T11:39:01" hostname="auri-inspiron" time="0.015">
  <properties/>
  <testcase name="hasStringLabelFindsString" classname="org.jabref.model.database.BibDatabaseTest" time="0.0"/>
  <testcase name="removeEntryPostsRemovedEntryEvent" classname="org.jabref.model.database.BibDatabaseTest" time="0.002"/>
  <testcase name="getUsedStrings" classname="org.jabref.model.database.BibDatabaseTest" time="0.0"/>
  <testcase name="removeNullEntryThrowsException" classname="org.jabref.model.database.BibDatabaseTest" time="0.001"/>
  <testcase name="changingEntryPostsChangeEntryEvent" classname="org.jabref.model.database.BibDatabaseTest" time="0.0"/>
  <testcase name="insertEntryWithSameIdThrowsException" classname="org.jabref.model.database.BibDatabaseTest" time="0.001"/>
  <testcase name="insertEntryAddsEntryToEntriesList" classname="org.jabref.model.database.BibDatabaseTest" time="0.0"/>
  <testcase name="getUsedStringsSingleString" classname="org.jabref.model.database.BibDatabaseTest" time="0.001"/>
  <testcase name="correctKeyCountAfterRemoving" classname="org.jabref.model.database.BibDatabaseTest" time="0.0"/>
  <testcase name="removeEntryRemovesEntryFromEntriesList" classname="org.jabref.model.database.BibDatabaseTest" time="0.001"/>
  <testcase name="addSameStringIdTwiceThrowsKeyCollisionException" classname="org.jabref.model.database.BibDatabaseTest" time="0.0"/>
  <testcase name="resolveForStringsOddHashMarkAtTheEnd" classname="org.jabref.model.database.BibDatabaseTest" time="0.0"/>
  <testcase name="circularStringResolving" classname="org.jabref.model.database.BibDatabaseTest" time="0.001"/>
  <testcase name="resolveForStringsMonth" classname="org.jabref.model.database.BibDatabaseTest" time="0.001"/>
  <testcase name="circularStringResolvingLongerCycle" classname="org.jabref.model.database.BibDatabaseTest" time="0.001"/>
  <testcase name="insertNullEntryThrowsException" classname="org.jabref.model.database.BibDatabaseTest" time="0.002"/>
  <testcase name="insertStringUpdatesStringList" classname="org.jabref.model.database.BibDatabaseTest" time="0.0"/>
  <testcase name="correctKeyCountOne" classname="org.jabref.model.database.BibDatabaseTest" time="0.001"/>
  <testcase name="correctKeyCountTwo" classname="org.jabref.model.database.BibDatabaseTest" time="0.0"/>
  <testcase name="setPreambleWorks" classname="org.jabref.model.database.BibDatabaseTest" time="0.0"/>
  <testcase name="removeStringUpdatesStringList" classname="org.jabref.model.database.BibDatabaseTest" time="0.001"/>
  <testcase name="insertEntryPostsAddedEntryEvent" classname="org.jabref.model.database.BibDatabaseTest" time="0.0"/>
  <testcase name="emptyDatabaseHasNoStrings" classname="org.jabref.model.database.BibDatabaseTest" time="0.0"/>
  <testcase name="addSameStringLabelTwiceThrowsKeyCollisionException" classname="org.jabref.model.database.BibDatabaseTest" time="0.001"/>
  <testcase name="containsEntryIdFindsEntry" classname="org.jabref.model.database.BibDatabaseTest" time="0.0"/>
  <testcase name="getUsedStringsNoString" classname="org.jabref.model.database.BibDatabaseTest" time="0.0"/>
  <testcase name="resolveForStringsSurroundingContent" classname="org.jabref.model.database.BibDatabaseTest" time="0.001"/>
  <system-out><![CDATA[08:39:01.393 [Test worker] INFO  org.jabref.model.database.BibDatabase - Stopped due to circular reference in strings: AAA
08:39:01.393 [Test worker] INFO  org.jabref.model.database.BibDatabase - Stopped due to circular reference in strings: BBB
08:39:01.394 [Test worker] INFO  org.jabref.model.database.BibDatabase - Stopped due to circular reference in strings: AAA
08:39:01.394 [Test worker] INFO  org.jabref.model.database.BibDatabase - Stopped due to circular reference in strings: BBB
08:39:01.394 [Test worker] INFO  org.jabref.model.database.BibDatabase - Stopped due to circular reference in strings: CCC
08:39:01.395 [Test worker] INFO  org.jabref.model.database.BibDatabase - Stopped due to circular reference in strings: DDD
]]></system-out>
  <system-err><![CDATA[]]></system-err>
</testsuite>
