<?xml version="1.0" encoding="UTF-8"?>
<testsuite name="org.jabref.logic.layout.format.FirstPageTest" tests="5" skipped="0" failures="0" errors="0" timestamp="2017-06-20T11:35:42" hostname="auri-inspiron" time="0.001">
  <properties/>
  <testcase name="testFormatDoubleDash" classname="org.jabref.logic.layout.format.FirstPageTest" time="0.0"/>
  <testcase name="testFormatSingleDash" classname="org.jabref.logic.layout.format.FirstPageTest" time="0.0"/>
  <testcase name="testFormatSinglePage" classname="org.jabref.logic.layout.format.FirstPageTest" time="0.0"/>
  <testcase name="testFormatNull" classname="org.jabref.logic.layout.format.FirstPageTest" time="0.0"/>
  <testcase name="testFormatEmpty" classname="org.jabref.logic.layout.format.FirstPageTest" time="0.0"/>
  <system-out><![CDATA[]]></system-out>
  <system-err><![CDATA[]]></system-err>
</testsuite>
