<?xml version="1.0" encoding="UTF-8"?>
<testsuite name="org.jabref.logic.journals.AbbreviationParserTest" tests="1" skipped="0" failures="0" errors="0" timestamp="2017-06-23T03:40:27" hostname="jessicadias-VPCEH40EB" time="12.97">
  <properties/>
  <testcase name="testReadJournalListFromResource" classname="org.jabref.logic.journals.AbbreviationParserTest" time="12.97"/>
  <system-out><![CDATA[]]></system-out>
  <system-err><![CDATA[]]></system-err>
</testsuite>
