<?xml version="1.0" encoding="UTF-8"?>
<testsuite name="org.jabref.logic.bst.BibtexWidthTest" tests="2" skipped="0" failures="0" errors="0" timestamp="2017-06-20T11:35:22" hostname="auri-inspiron" time="0.001">
  <properties/>
  <testcase name="testGetCharWidth" classname="org.jabref.logic.bst.BibtexWidthTest" time="0.0"/>
  <testcase name="testWidth" classname="org.jabref.logic.bst.BibtexWidthTest" time="0.001"/>
  <system-out><![CDATA[]]></system-out>
  <system-err><![CDATA[]]></system-err>
</testsuite>
