<?xml version="1.0" encoding="UTF-8"?>
<testsuite name="org.jabref.logic.layout.format.WrapFileLinksTest" tests="17" skipped="0" failures="0" errors="0" timestamp="2017-06-20T11:35:42" hostname="auri-inspiron" time="0.032">
  <properties/>
  <testcase name="testFileExtensionNoExtension" classname="org.jabref.logic.layout.format.WrapFileLinksTest" time="0.001"/>
  <testcase name="testDescriptionNoDescription" classname="org.jabref.logic.layout.format.WrapFileLinksTest" time="0.0"/>
  <testcase name="testEmpty" classname="org.jabref.logic.layout.format.WrapFileLinksTest" time="0.0"/>
  <testcase name="testNull" classname="org.jabref.logic.layout.format.WrapFileLinksTest" time="0.0"/>
  <testcase name="testPath" classname="org.jabref.logic.layout.format.WrapFileLinksTest" time="0.001"/>
  <testcase name="testType" classname="org.jabref.logic.layout.format.WrapFileLinksTest" time="0.0"/>
  <testcase name="testNoFormatSetNonEmptyString" classname="org.jabref.logic.layout.format.WrapFileLinksTest" time="0.0"/>
  <testcase name="testPathFallBackToGeneratedDir" classname="org.jabref.logic.layout.format.WrapFileLinksTest" time="0.0"/>
  <testcase name="testPlainTextString" classname="org.jabref.logic.layout.format.WrapFileLinksTest" time="0.0"/>
  <testcase name="testIteratorTwoItems" classname="org.jabref.logic.layout.format.WrapFileLinksTest" time="0.0"/>
  <testcase name="testEndingBracket" classname="org.jabref.logic.layout.format.WrapFileLinksTest" time="0.0"/>
  <testcase name="testFileExtension" classname="org.jabref.logic.layout.format.WrapFileLinksTest" time="0.0"/>
  <testcase name="testPathReturnsRelativePathIfNotFound" classname="org.jabref.logic.layout.format.WrapFileLinksTest" time="0.027"/>
  <testcase name="testRelativePath" classname="org.jabref.logic.layout.format.WrapFileLinksTest" time="0.0"/>
  <testcase name="testIterator" classname="org.jabref.logic.layout.format.WrapFileLinksTest" time="0.001"/>
  <testcase name="testDescription" classname="org.jabref.logic.layout.format.WrapFileLinksTest" time="0.0"/>
  <testcase name="testTypeNoType" classname="org.jabref.logic.layout.format.WrapFileLinksTest" time="0.0"/>
  <system-out><![CDATA[]]></system-out>
  <system-err><![CDATA[]]></system-err>
</testsuite>
