<?xml version="1.0" encoding="UTF-8"?>
<testsuite name="org.jabref.logic.exporter.HtmlExportFormatTest" tests="1" skipped="0" failures="0" errors="0" timestamp="2017-06-20T11:35:42" hostname="auri-inspiron" time="0.784">
  <properties/>
  <testcase name="emitWellFormedHtml" classname="org.jabref.logic.exporter.HtmlExportFormatTest" time="0.784"/>
  <system-out><![CDATA[]]></system-out>
  <system-err><![CDATA[]]></system-err>
</testsuite>
