<?xml version="1.0" encoding="UTF-8"?>
<testsuite name="org.jabref.logic.integrity.IntegrityCheckTest" tests="27" skipped="0" failures="0" errors="0" timestamp="2017-06-25T05:36:08" hostname="jessicadias-VPCEH40EB" time="0.743">
  <properties/>
  <testcase name="testHowpublishedChecks" classname="org.jabref.logic.integrity.IntegrityCheckTest" time="0.058"/>
  <testcase name="testPageNumbersChecks" classname="org.jabref.logic.integrity.IntegrityCheckTest" time="0.055"/>
  <testcase name="testDOIChecks" classname="org.jabref.logic.integrity.IntegrityCheckTest" time="0.017"/>
  <testcase name="testAbbreviationChecks" classname="org.jabref.logic.integrity.IntegrityCheckTest" time="0.016"/>
  <testcase name="fileCheckFindsFilesRelativeToBibFile" classname="org.jabref.logic.integrity.IntegrityCheckTest" time="0.006"/>
  <testcase name="testJournaltitleChecks" classname="org.jabref.logic.integrity.IntegrityCheckTest" time="0.005"/>
  <testcase name="testTitleChecks" classname="org.jabref.logic.integrity.IntegrityCheckTest" time="0.03"/>
  <testcase name="testMonthChecks" classname="org.jabref.logic.integrity.IntegrityCheckTest" time="0.028"/>
  <testcase name="testBooktitleChecks" classname="org.jabref.logic.integrity.IntegrityCheckTest" time="0.005"/>
  <testcase name="testBiblatexPageNumbersChecks" classname="org.jabref.logic.integrity.IntegrityCheckTest" time="0.009"/>
  <testcase name="testUrlChecks" classname="org.jabref.logic.integrity.IntegrityCheckTest" time="0.013"/>
  <testcase name="testHTMLCharacterChecks" classname="org.jabref.logic.integrity.IntegrityCheckTest" time="0.015"/>
  <testcase name="testFileChecks" classname="org.jabref.logic.integrity.IntegrityCheckTest" time="0.191"/>
  <testcase name="testYearChecks" classname="org.jabref.logic.integrity.IntegrityCheckTest" time="0.041"/>
  <testcase name="testBibStringChecks" classname="org.jabref.logic.integrity.IntegrityCheckTest" time="0.013"/>
  <testcase name="testEntryIsUnchangedAfterChecks" classname="org.jabref.logic.integrity.IntegrityCheckTest" time="0.011"/>
  <testcase name="testAuthorNameChecks" classname="org.jabref.logic.integrity.IntegrityCheckTest" time="0.136"/>
  <testcase name="testEntryTypeChecks" classname="org.jabref.logic.integrity.IntegrityCheckTest" time="0.007"/>
  <testcase name="testEditionChecks" classname="org.jabref.logic.integrity.IntegrityCheckTest" time="0.016"/>
  <testcase name="testISSNChecks" classname="org.jabref.logic.integrity.IntegrityCheckTest" time="0.013"/>
  <testcase name="testTypeChecks" classname="org.jabref.logic.integrity.IntegrityCheckTest" time="0.004"/>
  <testcase name="testJournalIsKnownInAbbreviationList" classname="org.jabref.logic.integrity.IntegrityCheckTest" time="0.004"/>
  <testcase name="testASCIIChecks" classname="org.jabref.logic.integrity.IntegrityCheckTest" time="0.006"/>
  <testcase name="testBracketChecks" classname="org.jabref.logic.integrity.IntegrityCheckTest" time="0.01"/>
  <testcase name="testISBNChecks" classname="org.jabref.logic.integrity.IntegrityCheckTest" time="0.012"/>
  <testcase name="testBibtexkeyChecks" classname="org.jabref.logic.integrity.IntegrityCheckTest" time="0.008"/>
  <testcase name="testNoteChecks" classname="org.jabref.logic.integrity.IntegrityCheckTest" time="0.011"/>
  <system-out><![CDATA[]]></system-out>
  <system-err><![CDATA[]]></system-err>
</testsuite>
