<?xml version="1.0" encoding="UTF-8"?>
<testsuite name="org.jabref.gui.groups.GroupNodeViewModelTest" tests="8" skipped="0" failures="0" errors="0" timestamp="2017-06-23T03:36:48" hostname="jessicadias-VPCEH40EB" time="2.368">
  <properties/>
  <testcase name="draggedOnTopOfGroupAddsBeforeIt" classname="org.jabref.gui.groups.GroupNodeViewModelTest" time="2.202"/>
  <testcase name="treeOfAutomaticKeywordGroupIsCombined" classname="org.jabref.gui.groups.GroupNodeViewModelTest" time="0.076"/>
  <testcase name="alwaysMatchedByEmptySearchString" classname="org.jabref.gui.groups.GroupNodeViewModelTest" time="0.001"/>
  <testcase name="draggedOnBottomOfGroupAddsAfterItWhenSourceGroupWasBefore" classname="org.jabref.gui.groups.GroupNodeViewModelTest" time="0.008"/>
  <testcase name="draggedOnBottomOfGroupAddsAfterIt" classname="org.jabref.gui.groups.GroupNodeViewModelTest" time="0.007"/>
  <testcase name="isMatchedIfContainsPartOfSearchString" classname="org.jabref.gui.groups.GroupNodeViewModelTest" time="0.026"/>
  <testcase name="getDisplayNameConvertsLatexToUnicode" classname="org.jabref.gui.groups.GroupNodeViewModelTest" time="0.036"/>
  <testcase name="draggedOnTopOfGroupAddsBeforeItWhenSourceGroupWasBefore" classname="org.jabref.gui.groups.GroupNodeViewModelTest" time="0.009"/>
  <system-out><![CDATA[]]></system-out>
  <system-err><![CDATA[]]></system-err>
</testsuite>
