<?xml version="1.0" encoding="UTF-8"?>
<testsuite name="org.jabref.logic.importer.fileformat.BibTeXMLImporterTestFiles" tests="40" skipped="0" failures="0" errors="0" timestamp="2017-06-23T03:38:30" hostname="jessicadias-VPCEH40EB" time="3.873">
  <properties/>
  <testcase name="testImportEntries[/home/jessicadias/Documentos/Github/jabref-master/build/classes/test/org/jabref/logic/importer/fileformat/BibTeXMLImporterTestMasterThesis.xml]" classname="org.jabref.logic.importer.fileformat.BibTeXMLImporterTestFiles" time="0.274"/>
  <testcase name="testIsRecognizedFormat[/home/jessicadias/Documentos/Github/jabref-master/build/classes/test/org/jabref/logic/importer/fileformat/BibTeXMLImporterTestMasterThesis.xml]" classname="org.jabref.logic.importer.fileformat.BibTeXMLImporterTestFiles" time="0.0"/>
  <testcase name="testImportEntries[/home/jessicadias/Documentos/Github/jabref-master/build/classes/test/org/jabref/logic/importer/fileformat/BibTeXMLImporterTestInbookLessFields.xml]" classname="org.jabref.logic.importer.fileformat.BibTeXMLImporterTestFiles" time="0.185"/>
  <testcase name="testIsRecognizedFormat[/home/jessicadias/Documentos/Github/jabref-master/build/classes/test/org/jabref/logic/importer/fileformat/BibTeXMLImporterTestInbookLessFields.xml]" classname="org.jabref.logic.importer.fileformat.BibTeXMLImporterTestFiles" time="0.0"/>
  <testcase name="testImportEntries[/home/jessicadias/Documentos/Github/jabref-master/build/classes/test/org/jabref/logic/importer/fileformat/BibTeXMLImporterTestArticle2.xml]" classname="org.jabref.logic.importer.fileformat.BibTeXMLImporterTestFiles" time="0.192"/>
  <testcase name="testIsRecognizedFormat[/home/jessicadias/Documentos/Github/jabref-master/build/classes/test/org/jabref/logic/importer/fileformat/BibTeXMLImporterTestArticle2.xml]" classname="org.jabref.logic.importer.fileformat.BibTeXMLImporterTestFiles" time="0.0"/>
  <testcase name="testImportEntries[/home/jessicadias/Documentos/Github/jabref-master/build/classes/test/org/jabref/logic/importer/fileformat/BibTeXMLImporterTestMisc.xml]" classname="org.jabref.logic.importer.fileformat.BibTeXMLImporterTestFiles" time="0.179"/>
  <testcase name="testIsRecognizedFormat[/home/jessicadias/Documentos/Github/jabref-master/build/classes/test/org/jabref/logic/importer/fileformat/BibTeXMLImporterTestMisc.xml]" classname="org.jabref.logic.importer.fileformat.BibTeXMLImporterTestFiles" time="0.0"/>
  <testcase name="testImportEntries[/home/jessicadias/Documentos/Github/jabref-master/build/classes/test/org/jabref/logic/importer/fileformat/BibTeXMLImporterTestBooklet.xml]" classname="org.jabref.logic.importer.fileformat.BibTeXMLImporterTestFiles" time="0.17"/>
  <testcase name="testIsRecognizedFormat[/home/jessicadias/Documentos/Github/jabref-master/build/classes/test/org/jabref/logic/importer/fileformat/BibTeXMLImporterTestBooklet.xml]" classname="org.jabref.logic.importer.fileformat.BibTeXMLImporterTestFiles" time="0.0"/>
  <testcase name="testImportEntries[/home/jessicadias/Documentos/Github/jabref-master/build/classes/test/org/jabref/logic/importer/fileformat/BibTeXMLImporterTestInvalidInbook.xml]" classname="org.jabref.logic.importer.fileformat.BibTeXMLImporterTestFiles" time="0.202"/>
  <testcase name="testIsRecognizedFormat[/home/jessicadias/Documentos/Github/jabref-master/build/classes/test/org/jabref/logic/importer/fileformat/BibTeXMLImporterTestInvalidInbook.xml]" classname="org.jabref.logic.importer.fileformat.BibTeXMLImporterTestFiles" time="0.001"/>
  <testcase name="testImportEntries[/home/jessicadias/Documentos/Github/jabref-master/build/classes/test/org/jabref/logic/importer/fileformat/BibTeXMLImporterTestIncollectionWithoutChapter.xml]" classname="org.jabref.logic.importer.fileformat.BibTeXMLImporterTestFiles" time="0.212"/>
  <testcase name="testIsRecognizedFormat[/home/jessicadias/Documentos/Github/jabref-master/build/classes/test/org/jabref/logic/importer/fileformat/BibTeXMLImporterTestIncollectionWithoutChapter.xml]" classname="org.jabref.logic.importer.fileformat.BibTeXMLImporterTestFiles" time="0.001"/>
  <testcase name="testImportEntries[/home/jessicadias/Documentos/Github/jabref-master/build/classes/test/org/jabref/logic/importer/fileformat/BibTeXMLImporterTestEmpty.xml]" classname="org.jabref.logic.importer.fileformat.BibTeXMLImporterTestFiles" time="0.19"/>
  <testcase name="testIsRecognizedFormat[/home/jessicadias/Documentos/Github/jabref-master/build/classes/test/org/jabref/logic/importer/fileformat/BibTeXMLImporterTestEmpty.xml]" classname="org.jabref.logic.importer.fileformat.BibTeXMLImporterTestFiles" time="0.001"/>
  <testcase name="testImportEntries[/home/jessicadias/Documentos/Github/jabref-master/build/classes/test/org/jabref/logic/importer/fileformat/BibTeXMLImporterTestConference.xml]" classname="org.jabref.logic.importer.fileformat.BibTeXMLImporterTestFiles" time="0.19"/>
  <testcase name="testIsRecognizedFormat[/home/jessicadias/Documentos/Github/jabref-master/build/classes/test/org/jabref/logic/importer/fileformat/BibTeXMLImporterTestConference.xml]" classname="org.jabref.logic.importer.fileformat.BibTeXMLImporterTestFiles" time="0.001"/>
  <testcase name="testImportEntries[/home/jessicadias/Documentos/Github/jabref-master/build/classes/test/org/jabref/logic/importer/fileformat/BibTeXMLImporterTestProceedings.xml]" classname="org.jabref.logic.importer.fileformat.BibTeXMLImporterTestFiles" time="0.192"/>
  <testcase name="testIsRecognizedFormat[/home/jessicadias/Documentos/Github/jabref-master/build/classes/test/org/jabref/logic/importer/fileformat/BibTeXMLImporterTestProceedings.xml]" classname="org.jabref.logic.importer.fileformat.BibTeXMLImporterTestFiles" time="0.041"/>
  <testcase name="testImportEntries[/home/jessicadias/Documentos/Github/jabref-master/build/classes/test/org/jabref/logic/importer/fileformat/BibTeXMLImporterTestInBook.xml]" classname="org.jabref.logic.importer.fileformat.BibTeXMLImporterTestFiles" time="0.233"/>
  <testcase name="testIsRecognizedFormat[/home/jessicadias/Documentos/Github/jabref-master/build/classes/test/org/jabref/logic/importer/fileformat/BibTeXMLImporterTestInBook.xml]" classname="org.jabref.logic.importer.fileformat.BibTeXMLImporterTestFiles" time="0.0"/>
  <testcase name="testImportEntries[/home/jessicadias/Documentos/Github/jabref-master/build/classes/test/org/jabref/logic/importer/fileformat/BibTeXMLImporterTestTechReport.xml]" classname="org.jabref.logic.importer.fileformat.BibTeXMLImporterTestFiles" time="0.172"/>
  <testcase name="testIsRecognizedFormat[/home/jessicadias/Documentos/Github/jabref-master/build/classes/test/org/jabref/logic/importer/fileformat/BibTeXMLImporterTestTechReport.xml]" classname="org.jabref.logic.importer.fileformat.BibTeXMLImporterTestFiles" time="0.0"/>
  <testcase name="testImportEntries[/home/jessicadias/Documentos/Github/jabref-master/build/classes/test/org/jabref/logic/importer/fileformat/BibTeXMLImporterTestBook.xml]" classname="org.jabref.logic.importer.fileformat.BibTeXMLImporterTestFiles" time="0.194"/>
  <testcase name="testIsRecognizedFormat[/home/jessicadias/Documentos/Github/jabref-master/build/classes/test/org/jabref/logic/importer/fileformat/BibTeXMLImporterTestBook.xml]" classname="org.jabref.logic.importer.fileformat.BibTeXMLImporterTestFiles" time="0.001"/>
  <testcase name="testImportEntries[/home/jessicadias/Documentos/Github/jabref-master/build/classes/test/org/jabref/logic/importer/fileformat/BibTeXMLImporterTestInProceedings.xml]" classname="org.jabref.logic.importer.fileformat.BibTeXMLImporterTestFiles" time="0.2"/>
  <testcase name="testIsRecognizedFormat[/home/jessicadias/Documentos/Github/jabref-master/build/classes/test/org/jabref/logic/importer/fileformat/BibTeXMLImporterTestInProceedings.xml]" classname="org.jabref.logic.importer.fileformat.BibTeXMLImporterTestFiles" time="0.0"/>
  <testcase name="testImportEntries[/home/jessicadias/Documentos/Github/jabref-master/build/classes/test/org/jabref/logic/importer/fileformat/BibTeXMLImporterTestArticle.xml]" classname="org.jabref.logic.importer.fileformat.BibTeXMLImporterTestFiles" time="0.209"/>
  <testcase name="testIsRecognizedFormat[/home/jessicadias/Documentos/Github/jabref-master/build/classes/test/org/jabref/logic/importer/fileformat/BibTeXMLImporterTestArticle.xml]" classname="org.jabref.logic.importer.fileformat.BibTeXMLImporterTestFiles" time="0.0"/>
  <testcase name="testImportEntries[/home/jessicadias/Documentos/Github/jabref-master/build/classes/test/org/jabref/logic/importer/fileformat/BibTeXMLImporterTestPhdThesis.xml]" classname="org.jabref.logic.importer.fileformat.BibTeXMLImporterTestFiles" time="0.156"/>
  <testcase name="testIsRecognizedFormat[/home/jessicadias/Documentos/Github/jabref-master/build/classes/test/org/jabref/logic/importer/fileformat/BibTeXMLImporterTestPhdThesis.xml]" classname="org.jabref.logic.importer.fileformat.BibTeXMLImporterTestFiles" time="0.001"/>
  <testcase name="testImportEntries[/home/jessicadias/Documentos/Github/jabref-master/build/classes/test/org/jabref/logic/importer/fileformat/BibTeXMLImporterTestInCollection.xml]" classname="org.jabref.logic.importer.fileformat.BibTeXMLImporterTestFiles" time="0.154"/>
  <testcase name="testIsRecognizedFormat[/home/jessicadias/Documentos/Github/jabref-master/build/classes/test/org/jabref/logic/importer/fileformat/BibTeXMLImporterTestInCollection.xml]" classname="org.jabref.logic.importer.fileformat.BibTeXMLImporterTestFiles" time="0.001"/>
  <testcase name="testImportEntries[/home/jessicadias/Documentos/Github/jabref-master/build/classes/test/org/jabref/logic/importer/fileformat/BibTeXMLImporterTestUnpublished.xml]" classname="org.jabref.logic.importer.fileformat.BibTeXMLImporterTestFiles" time="0.186"/>
  <testcase name="testIsRecognizedFormat[/home/jessicadias/Documentos/Github/jabref-master/build/classes/test/org/jabref/logic/importer/fileformat/BibTeXMLImporterTestUnpublished.xml]" classname="org.jabref.logic.importer.fileformat.BibTeXMLImporterTestFiles" time="0.0"/>
  <testcase name="testImportEntries[/home/jessicadias/Documentos/Github/jabref-master/build/classes/test/org/jabref/logic/importer/fileformat/BibTeXMLImporterTestManual.xml]" classname="org.jabref.logic.importer.fileformat.BibTeXMLImporterTestFiles" time="0.175"/>
  <testcase name="testIsRecognizedFormat[/home/jessicadias/Documentos/Github/jabref-master/build/classes/test/org/jabref/logic/importer/fileformat/BibTeXMLImporterTestManual.xml]" classname="org.jabref.logic.importer.fileformat.BibTeXMLImporterTestFiles" time="0.0"/>
  <testcase name="testImportEntries[/home/jessicadias/Documentos/Github/jabref-master/build/classes/test/org/jabref/logic/importer/fileformat/BibTeXMLImporterTestArticleWithoutID.xml]" classname="org.jabref.logic.importer.fileformat.BibTeXMLImporterTestFiles" time="0.147"/>
  <testcase name="testIsRecognizedFormat[/home/jessicadias/Documentos/Github/jabref-master/build/classes/test/org/jabref/logic/importer/fileformat/BibTeXMLImporterTestArticleWithoutID.xml]" classname="org.jabref.logic.importer.fileformat.BibTeXMLImporterTestFiles" time="0.0"/>
  <system-out><![CDATA[00:38:32.143 [Test worker] ERROR org.jabref.logic.importer.fileformat.BibTeXMLImporter - Error with XML parser configuration
javax.xml.bind.UnmarshalException: unexpected element (uri:"BibteXMLImporterEmpty.xml", local:"file"). Expected elements are <{http://bibtexml.sf.net/}article>,<{http://bibtexml.sf.net/}book>,<{http://bibtexml.sf.net/}booklet>,<{http://bibtexml.sf.net/}conference>,<{http://bibtexml.sf.net/}entry>,<{http://bibtexml.sf.net/}file>,<{http://bibtexml.sf.net/}inbook>,<{http://bibtexml.sf.net/}incollection>,<{http://bibtexml.sf.net/}inproceedings>,<{http://bibtexml.sf.net/}manual>,<{http://bibtexml.sf.net/}mastersthesis>,<{http://bibtexml.sf.net/}misc>,<{http://bibtexml.sf.net/}phdthesis>,<{http://bibtexml.sf.net/}proceedings>,<{http://bibtexml.sf.net/}techreport>,<{http://bibtexml.sf.net/}unpublished>
	at com.sun.xml.internal.bind.v2.runtime.unmarshaller.UnmarshallingContext.handleEvent(UnmarshallingContext.java:726) ~[?:1.8.0_111]
	at com.sun.xml.internal.bind.v2.runtime.unmarshaller.Loader.reportError(Loader.java:247) ~[?:1.8.0_111]
	at com.sun.xml.internal.bind.v2.runtime.unmarshaller.Loader.reportError(Loader.java:242) ~[?:1.8.0_111]
	at com.sun.xml.internal.bind.v2.runtime.unmarshaller.Loader.reportUnexpectedChildElement(Loader.java:109) ~[?:1.8.0_111]
	at com.sun.xml.internal.bind.v2.runtime.unmarshaller.UnmarshallingContext$DefaultRootLoader.childElement(UnmarshallingContext.java:1131) ~[?:1.8.0_111]
	at com.sun.xml.internal.bind.v2.runtime.unmarshaller.UnmarshallingContext._startElement(UnmarshallingContext.java:556) ~[?:1.8.0_111]
	at com.sun.xml.internal.bind.v2.runtime.unmarshaller.UnmarshallingContext.startElement(UnmarshallingContext.java:538) ~[?:1.8.0_111]
	at com.sun.xml.internal.bind.v2.runtime.unmarshaller.SAXConnector.startElement(SAXConnector.java:153) ~[?:1.8.0_111]
	at com.sun.org.apache.xerces.internal.parsers.AbstractSAXParser.startElement(AbstractSAXParser.java:509) ~[?:1.8.0_111]
	at com.sun.org.apache.xerces.internal.impl.XMLNSDocumentScannerImpl.scanStartElement(XMLNSDocumentScannerImpl.java:374) ~[?:1.8.0_111]
	at com.sun.org.apache.xerces.internal.impl.XMLNSDocumentScannerImpl$NSContentDriver.scanRootElementHook(XMLNSDocumentScannerImpl.java:613) ~[?:1.8.0_111]
	at com.sun.org.apache.xerces.internal.impl.XMLDocumentFragmentScannerImpl$FragmentContentDriver.next(XMLDocumentFragmentScannerImpl.java:3132) ~[?:1.8.0_111]
	at com.sun.org.apache.xerces.internal.impl.XMLDocumentScannerImpl$PrologDriver.next(XMLDocumentScannerImpl.java:852) ~[?:1.8.0_111]
	at com.sun.org.apache.xerces.internal.impl.XMLDocumentScannerImpl.next(XMLDocumentScannerImpl.java:602) ~[?:1.8.0_111]
	at com.sun.org.apache.xerces.internal.impl.XMLNSDocumentScannerImpl.next(XMLNSDocumentScannerImpl.java:112) ~[?:1.8.0_111]
	at com.sun.org.apache.xerces.internal.impl.XMLDocumentFragmentScannerImpl.scanDocument(XMLDocumentFragmentScannerImpl.java:505) ~[?:1.8.0_111]
	at com.sun.org.apache.xerces.internal.parsers.XML11Configuration.parse(XML11Configuration.java:841) ~[?:1.8.0_111]
	at com.sun.org.apache.xerces.internal.parsers.XML11Configuration.parse(XML11Configuration.java:770) ~[?:1.8.0_111]
	at com.sun.org.apache.xerces.internal.parsers.XMLParser.parse(XMLParser.java:141) ~[?:1.8.0_111]
	at com.sun.org.apache.xerces.internal.parsers.AbstractSAXParser.parse(AbstractSAXParser.java:1213) ~[?:1.8.0_111]
	at com.sun.org.apache.xerces.internal.jaxp.SAXParserImpl$JAXPSAXParser.parse(SAXParserImpl.java:643) ~[?:1.8.0_111]
	at com.sun.xml.internal.bind.v2.runtime.unmarshaller.UnmarshallerImpl.unmarshal0(UnmarshallerImpl.java:243) ~[?:1.8.0_111]
	at com.sun.xml.internal.bind.v2.runtime.unmarshaller.UnmarshallerImpl.unmarshal(UnmarshallerImpl.java:214) ~[?:1.8.0_111]
	at javax.xml.bind.helpers.AbstractUnmarshallerImpl.unmarshal(AbstractUnmarshallerImpl.java:157) ~[?:1.8.0_111]
	at javax.xml.bind.helpers.AbstractUnmarshallerImpl.unmarshal(AbstractUnmarshallerImpl.java:214) ~[?:1.8.0_111]
	at org.jabref.logic.importer.fileformat.BibTeXMLImporter.importDatabase(BibTeXMLImporter.java:86) [main/:?]
	at org.jabref.logic.importer.Importer.importDatabase(Importer.java:65) [main/:?]
	at org.jabref.logic.importer.fileformat.BibTeXMLImporterTestFiles.testImportEntries(BibTeXMLImporterTestFiles.java:56) [test/:?]
	at sun.reflect.NativeMethodAccessorImpl.invoke0(Native Method) ~[?:1.8.0_111]
	at sun.reflect.NativeMethodAccessorImpl.invoke(NativeMethodAccessorImpl.java:62) ~[?:1.8.0_111]
	at sun.reflect.DelegatingMethodAccessorImpl.invoke(DelegatingMethodAccessorImpl.java:43) ~[?:1.8.0_111]
	at java.lang.reflect.Method.invoke(Method.java:498) ~[?:1.8.0_111]
	at org.junit.runners.model.FrameworkMethod$1.runReflectiveCall(FrameworkMethod.java:50) [junit-4.12.jar:4.12]
	at org.junit.internal.runners.model.ReflectiveCallable.run(ReflectiveCallable.java:12) [junit-4.12.jar:4.12]
	at org.junit.runners.model.FrameworkMethod.invokeExplosively(FrameworkMethod.java:47) [junit-4.12.jar:4.12]
	at org.junit.internal.runners.statements.InvokeMethod.evaluate(InvokeMethod.java:17) [junit-4.12.jar:4.12]
	at org.junit.internal.runners.statements.RunBefores.evaluate(RunBefores.java:26) [junit-4.12.jar:4.12]
	at org.junit.runners.ParentRunner.runLeaf(ParentRunner.java:325) [junit-4.12.jar:4.12]
	at org.junit.runners.BlockJUnit4ClassRunner.runChild(BlockJUnit4ClassRunner.java:78) [junit-4.12.jar:4.12]
	at org.junit.runners.BlockJUnit4ClassRunner.runChild(BlockJUnit4ClassRunner.java:57) [junit-4.12.jar:4.12]
	at org.junit.runners.ParentRunner$3.run(ParentRunner.java:290) [junit-4.12.jar:4.12]
	at org.junit.runners.ParentRunner$1.schedule(ParentRunner.java:71) [junit-4.12.jar:4.12]
	at org.junit.runners.ParentRunner.runChildren(ParentRunner.java:288) [junit-4.12.jar:4.12]
	at org.junit.runners.ParentRunner.access$000(ParentRunner.java:58) [junit-4.12.jar:4.12]
	at org.junit.runners.ParentRunner$2.evaluate(ParentRunner.java:268) [junit-4.12.jar:4.12]
	at org.junit.runners.ParentRunner.run(ParentRunner.java:363) [junit-4.12.jar:4.12]
	at org.junit.runners.Suite.runChild(Suite.java:128) [junit-4.12.jar:4.12]
	at org.junit.runners.Suite.runChild(Suite.java:27) [junit-4.12.jar:4.12]
	at org.junit.runners.ParentRunner$3.run(ParentRunner.java:290) [junit-4.12.jar:4.12]
	at org.junit.runners.ParentRunner$1.schedule(ParentRunner.java:71) [junit-4.12.jar:4.12]
	at org.junit.runners.ParentRunner.runChildren(ParentRunner.java:288) [junit-4.12.jar:4.12]
	at org.junit.runners.ParentRunner.access$000(ParentRunner.java:58) [junit-4.12.jar:4.12]
	at org.junit.runners.ParentRunner$2.evaluate(ParentRunner.java:268) [junit-4.12.jar:4.12]
	at org.junit.runners.ParentRunner.run(ParentRunner.java:363) [junit-4.12.jar:4.12]
	at org.gradle.api.internal.tasks.testing.junit.JUnitTestClassExecuter.runTestClass(JUnitTestClassExecuter.java:114) [gradle-testing-jvm-3.5.jar:3.5]
	at org.gradle.api.internal.tasks.testing.junit.JUnitTestClassExecuter.execute(JUnitTestClassExecuter.java:57) [gradle-testing-jvm-3.5.jar:3.5]
	at org.gradle.api.internal.tasks.testing.junit.JUnitTestClassProcessor.processTestClass(JUnitTestClassProcessor.java:66) [gradle-testing-jvm-3.5.jar:3.5]
	at org.gradle.api.internal.tasks.testing.SuiteTestClassProcessor.processTestClass(SuiteTestClassProcessor.java:51) [gradle-testing-base-3.5.jar:3.5]
	at sun.reflect.GeneratedMethodAccessor29.invoke(Unknown Source) ~[?:?]
	at sun.reflect.DelegatingMethodAccessorImpl.invoke(DelegatingMethodAccessorImpl.java:43) ~[?:1.8.0_111]
	at java.lang.reflect.Method.invoke(Method.java:498) ~[?:1.8.0_111]
	at org.gradle.internal.dispatch.ReflectionDispatch.dispatch(ReflectionDispatch.java:35) [gradle-messaging-3.5.jar:3.5]
	at org.gradle.internal.dispatch.ReflectionDispatch.dispatch(ReflectionDispatch.java:24) [gradle-messaging-3.5.jar:3.5]
	at org.gradle.internal.dispatch.ContextClassLoaderDispatch.dispatch(ContextClassLoaderDispatch.java:32) [gradle-messaging-3.5.jar:3.5]
	at org.gradle.internal.dispatch.ProxyDispatchAdapter$DispatchingInvocationHandler.invoke(ProxyDispatchAdapter.java:93) [gradle-messaging-3.5.jar:3.5]
	at com.sun.proxy.$Proxy2.processTestClass(Unknown Source) [?:?]
	at org.gradle.api.internal.tasks.testing.worker.TestWorker.processTestClass(TestWorker.java:109) [gradle-testing-base-3.5.jar:3.5]
	at sun.reflect.GeneratedMethodAccessor28.invoke(Unknown Source) ~[?:?]
	at sun.reflect.DelegatingMethodAccessorImpl.invoke(DelegatingMethodAccessorImpl.java:43) ~[?:1.8.0_111]
	at java.lang.reflect.Method.invoke(Method.java:498) ~[?:1.8.0_111]
	at org.gradle.internal.dispatch.ReflectionDispatch.dispatch(ReflectionDispatch.java:35) [gradle-messaging-3.5.jar:3.5]
	at org.gradle.internal.dispatch.ReflectionDispatch.dispatch(ReflectionDispatch.java:24) [gradle-messaging-3.5.jar:3.5]
	at org.gradle.internal.remote.internal.hub.MessageHubBackedObjectConnection$DispatchWrapper.dispatch(MessageHubBackedObjectConnection.java:147) [gradle-messaging-3.5.jar:3.5]
	at org.gradle.internal.remote.internal.hub.MessageHubBackedObjectConnection$DispatchWrapper.dispatch(MessageHubBackedObjectConnection.java:129) [gradle-messaging-3.5.jar:3.5]
	at org.gradle.internal.remote.internal.hub.MessageHub$Handler.run(MessageHub.java:404) [gradle-messaging-3.5.jar:3.5]
	at org.gradle.internal.concurrent.ExecutorPolicy$CatchAndRecordFailures.onExecute(ExecutorPolicy.java:63) [gradle-base-services-3.5.jar:3.5]
	at org.gradle.internal.concurrent.StoppableExecutorImpl$1.run(StoppableExecutorImpl.java:46) [gradle-base-services-3.5.jar:3.5]
	at java.util.concurrent.ThreadPoolExecutor.runWorker(ThreadPoolExecutor.java:1142) [?:1.8.0_111]
	at java.util.concurrent.ThreadPoolExecutor$Worker.run(ThreadPoolExecutor.java:617) [?:1.8.0_111]
	at java.lang.Thread.run(Thread.java:745) [?:1.8.0_111]
]]></system-out>
  <system-err><![CDATA[]]></system-err>
</testsuite>
