<?xml version="1.0" encoding="UTF-8"?>
<testsuite name="org.jabref.logic.importer.fileformat.RepecNepImporterTest" tests="9" skipped="0" failures="0" errors="0" timestamp="2017-06-23T03:38:29" hostname="jessicadias-VPCEH40EB" time="0.018">
  <properties/>
  <testcase name="testGetCliId" classname="org.jabref.logic.importer.fileformat.RepecNepImporterTest" time="0.0"/>
  <testcase name="testIsRecognizedFormat" classname="org.jabref.logic.importer.fileformat.RepecNepImporterTest" time="0.001"/>
  <testcase name="testGetExtension" classname="org.jabref.logic.importer.fileformat.RepecNepImporterTest" time="0.001"/>
  <testcase name="testGetDescription" classname="org.jabref.logic.importer.fileformat.RepecNepImporterTest" time="0.0"/>
  <testcase name="testIsNotRecognizedFormat" classname="org.jabref.logic.importer.fileformat.RepecNepImporterTest" time="0.001"/>
  <testcase name="testImportEntries1" classname="org.jabref.logic.importer.fileformat.RepecNepImporterTest" time="0.007"/>
  <testcase name="testImportEntries2" classname="org.jabref.logic.importer.fileformat.RepecNepImporterTest" time="0.004"/>
  <testcase name="testImportEntries3" classname="org.jabref.logic.importer.fileformat.RepecNepImporterTest" time="0.003"/>
  <testcase name="testGetFormatName" classname="org.jabref.logic.importer.fileformat.RepecNepImporterTest" time="0.001"/>
  <system-out><![CDATA[]]></system-out>
  <system-err><![CDATA[]]></system-err>
</testsuite>
