<?xml version="1.0" encoding="UTF-8"?>
<testsuite name="org.jabref.logic.util.io.RegExpBasedFileFinderTests" tests="3" skipped="0" failures="0" errors="0" timestamp="2017-06-25T05:36:32" hostname="jessicadias-VPCEH40EB" time="0.01">
  <properties/>
  <testcase name="testFieldAndFormat" classname="org.jabref.logic.util.io.RegExpBasedFileFinderTests" time="0.003"/>
  <testcase name="testFindFiles" classname="org.jabref.logic.util.io.RegExpBasedFileFinderTests" time="0.005"/>
  <testcase name="testExpandBrackets" classname="org.jabref.logic.util.io.RegExpBasedFileFinderTests" time="0.001"/>
  <system-out><![CDATA[]]></system-out>
  <system-err><![CDATA[]]></system-err>
</testsuite>
