<?xml version="1.0" encoding="UTF-8"?>
<testsuite name="org.jabref.model.database.EntrySorterTest" tests="3" skipped="0" failures="0" errors="0" timestamp="2017-06-23T03:37:25" hostname="jessicadias-VPCEH40EB" time="0.006">
  <properties/>
  <testcase name="testEmptyEntrySorter" classname="org.jabref.model.database.EntrySorterTest" time="0.003"/>
  <testcase name="testEntrySorterWithOneElement" classname="org.jabref.model.database.EntrySorterTest" time="0.001"/>
  <testcase name="testEntrySorterWithTwoElements" classname="org.jabref.model.database.EntrySorterTest" time="0.001"/>
  <system-out><![CDATA[]]></system-out>
  <system-err><![CDATA[]]></system-err>
</testsuite>
