<?xml version="1.0" encoding="UTF-8"?>
<testsuite name="org.jabref.logic.formatter.bibtexfields.UnicodeConverterTest" tests="4" skipped="0" failures="0" errors="0" timestamp="2017-06-23T03:37:42" hostname="jessicadias-VPCEH40EB" time="0.02">
  <properties/>
  <testcase name="testUnicodeSingle" classname="org.jabref.logic.formatter.bibtexfields.UnicodeConverterTest" time="0.006"/>
  <testcase name="testUnicodeCombiningAccents" classname="org.jabref.logic.formatter.bibtexfields.UnicodeConverterTest" time="0.008"/>
  <testcase name="testBasic" classname="org.jabref.logic.formatter.bibtexfields.UnicodeConverterTest" time="0.002"/>
  <testcase name="testUnicode" classname="org.jabref.logic.formatter.bibtexfields.UnicodeConverterTest" time="0.002"/>
  <system-out><![CDATA[]]></system-out>
  <system-err><![CDATA[]]></system-err>
</testsuite>
