<?xml version="1.0" encoding="UTF-8"?>
<testsuite name="org.jabref.logic.formatter.bibtexfields.RemoveBracesFormatterTest" tests="11" skipped="0" failures="0" errors="0" timestamp="2017-06-25T05:35:28" hostname="jessicadias-VPCEH40EB" time="0.001">
  <properties/>
  <testcase name="formatKeepsUnmatchedBracesAtEnd" classname="org.jabref.logic.formatter.bibtexfields.RemoveBracesFormatterTest" time="0.0"/>
  <testcase name="formatKeepsUnmatchedBracesAtBeginning" classname="org.jabref.logic.formatter.bibtexfields.RemoveBracesFormatterTest" time="0.0"/>
  <testcase name="formatKeepsNonMatchingBraces" classname="org.jabref.logic.formatter.bibtexfields.RemoveBracesFormatterTest" time="0.0"/>
  <testcase name="formatKeepsShortString" classname="org.jabref.logic.formatter.bibtexfields.RemoveBracesFormatterTest" time="0.0"/>
  <testcase name="formatKeepsEmptyString" classname="org.jabref.logic.formatter.bibtexfields.RemoveBracesFormatterTest" time="0.001"/>
  <testcase name="formatRemovesSingleEnclosingBraces" classname="org.jabref.logic.formatter.bibtexfields.RemoveBracesFormatterTest" time="0.0"/>
  <testcase name="formatExample" classname="org.jabref.logic.formatter.bibtexfields.RemoveBracesFormatterTest" time="0.0"/>
  <testcase name="formatRemovesTripleEnclosingBraces" classname="org.jabref.logic.formatter.bibtexfields.RemoveBracesFormatterTest" time="0.0"/>
  <testcase name="formatDoesNotRemoveBracesInBrokenString" classname="org.jabref.logic.formatter.bibtexfields.RemoveBracesFormatterTest" time="0.0"/>
  <testcase name="formatRemovesOnlyMatchingBraces" classname="org.jabref.logic.formatter.bibtexfields.RemoveBracesFormatterTest" time="0.0"/>
  <testcase name="formatRemovesDoubleEnclosingBraces" classname="org.jabref.logic.formatter.bibtexfields.RemoveBracesFormatterTest" time="0.0"/>
  <system-out><![CDATA[]]></system-out>
  <system-err><![CDATA[]]></system-err>
</testsuite>
