<?xml version="1.0" encoding="UTF-8"?>
<testsuite name="org.jabref.logic.importer.fileformat.BibtexParserTest" tests="116" skipped="0" failures="0" errors="0" timestamp="2017-06-20T11:37:10" hostname="auri-inspiron" time="0.071">
  <properties/>
  <testcase name="parseRecognizesStringAndEntry" classname="org.jabref.logic.importer.fileformat.BibtexParserTest" time="0.001"/>
  <testcase name="integrationTestGroupTree" classname="org.jabref.logic.importer.fileformat.BibtexParserTest" time="0.002"/>
  <testcase name="integrationTestBiblatexMode" classname="org.jabref.logic.importer.fileformat.BibtexParserTest" time="0.0"/>
  <testcase name="parseIgnoresComments" classname="org.jabref.logic.importer.fileformat.BibtexParserTest" time="0.001"/>
  <testcase name="parseCommentContainingEntries" classname="org.jabref.logic.importer.fileformat.BibtexParserTest" time="0.0"/>
  <testcase name="parsePreservesTabsInAbstractField" classname="org.jabref.logic.importer.fileformat.BibtexParserTest" time="0.001"/>
  <testcase name="singleFromStringReturnsEmptyFromEmptyString" classname="org.jabref.logic.importer.fileformat.BibtexParserTest" time="0.001"/>
  <testcase name="parseRecognizesDatabaseID" classname="org.jabref.logic.importer.fileformat.BibtexParserTest" time="0.0"/>
  <testcase name="parseCommentAndEntryInOneLine" classname="org.jabref.logic.importer.fileformat.BibtexParserTest" time="0.001"/>
  <testcase name="parseSavesOneNewlineAfterEntryInParsedSerialization" classname="org.jabref.logic.importer.fileformat.BibtexParserTest" time="0.0"/>
  <testcase name="parseAcceptsEntryWithAtSymbolInBrackets" classname="org.jabref.logic.importer.fileformat.BibtexParserTest" time="0.0"/>
  <testcase name="parseRecognizesPreambleWithConcatenation" classname="org.jabref.logic.importer.fileformat.BibtexParserTest" time="0.001"/>
  <testcase name="parseIgnoresWhitespaceInEpilogueAfterEntry" classname="org.jabref.logic.importer.fileformat.BibtexParserTest" time="0.0"/>
  <testcase name="parseRecognizesFieldValuesInQuotationMarks" classname="org.jabref.logic.importer.fileformat.BibtexParserTest" time="0.001"/>
  <testcase name="parsePreservesMultipleSpacesInNonWrappableField" classname="org.jabref.logic.importer.fileformat.BibtexParserTest" time="0.0"/>
  <testcase name="parseTrimsWhitespaceInEpilogueAfterEntry" classname="org.jabref.logic.importer.fileformat.BibtexParserTest" time="0.001"/>
  <testcase name="parseSavesNewlinesBeforeEntryInParsedSerialization" classname="org.jabref.logic.importer.fileformat.BibtexParserTest" time="0.0"/>
  <testcase name="parseRecognizesStringInParenthesis" classname="org.jabref.logic.importer.fileformat.BibtexParserTest" time="0.001"/>
  <testcase name="parseIgnoresAndWarnsAboutEntryWithUnmatchedOpenBracket" classname="org.jabref.logic.importer.fileformat.BibtexParserTest" time="0.0"/>
  <testcase name="parseRecognizesFieldsWithEscapedQuotationMarks" classname="org.jabref.logic.importer.fileformat.BibtexParserTest" time="0.0"/>
  <testcase name="parseReturnsEmptyListIfNoEntryExistent" classname="org.jabref.logic.importer.fileformat.BibtexParserTest" time="0.001"/>
  <testcase name="parseWithNullThrowsNullPointerException" classname="org.jabref.logic.importer.fileformat.BibtexParserTest" time="0.0"/>
  <testcase name="parseAddsEscapedOpenBracketToFieldValue" classname="org.jabref.logic.importer.fileformat.BibtexParserTest" time="0.001"/>
  <testcase name="integrationTestCustomKeyPattern" classname="org.jabref.logic.importer.fileformat.BibtexParserTest" time="0.0"/>
  <testcase name="parseRecognizesEntryWithUnknownType" classname="org.jabref.logic.importer.fileformat.BibtexParserTest" time="0.001"/>
  <testcase name="parseRecognizesEntryPrecedingComment" classname="org.jabref.logic.importer.fileformat.BibtexParserTest" time="0.001"/>
  <testcase name="parseRecognizesEntryWithAtInField" classname="org.jabref.logic.importer.fileformat.BibtexParserTest" time="0.0"/>
  <testcase name="parseSetsParsedSerialization" classname="org.jabref.logic.importer.fileformat.BibtexParserTest" time="0.001"/>
  <testcase name="parseRecognizesString" classname="org.jabref.logic.importer.fileformat.BibtexParserTest" time="0.0"/>
  <testcase name="parseConvertsMultipleNewlinesToSpace" classname="org.jabref.logic.importer.fileformat.BibtexParserTest" time="0.001"/>
  <testcase name="parseDoesNotRecognizeDatabaseIDasUserComment" classname="org.jabref.logic.importer.fileformat.BibtexParserTest" time="0.001"/>
  <testcase name="parseFileHeaderAndPreambleWithoutNewLine" classname="org.jabref.logic.importer.fileformat.BibtexParserTest" time="0.0"/>
  <testcase name="integrationTestSaveActions" classname="org.jabref.logic.importer.fileformat.BibtexParserTest" time="0.001"/>
  <testcase name="parseSavesNewlinesBetweenEntriesInParsedSerialization" classname="org.jabref.logic.importer.fileformat.BibtexParserTest" time="0.001"/>
  <testcase name="preserveEncodingPrefixInsideEntry" classname="org.jabref.logic.importer.fileformat.BibtexParserTest" time="0.0"/>
  <testcase name="parseRecognizesEntryWithVeryLongType" classname="org.jabref.logic.importer.fileformat.BibtexParserTest" time="0.001"/>
  <testcase name="parseRecognizesEntryWithWhitespaceAtBegining" classname="org.jabref.logic.importer.fileformat.BibtexParserTest" time="0.001"/>
  <testcase name="parseReturnsEmptyListIfNoEntryRecognized" classname="org.jabref.logic.importer.fileformat.BibtexParserTest" time="0.001"/>
  <testcase name="parsePreservesNewlineInAbstractField" classname="org.jabref.logic.importer.fileformat.BibtexParserTest" time="0.0"/>
  <testcase name="parseRecognizesMonthFieldsWithFollowingComma" classname="org.jabref.logic.importer.fileformat.BibtexParserTest" time="0.001"/>
  <testcase name="parseQuotedEntries" classname="org.jabref.logic.importer.fileformat.BibtexParserTest" time="0.001"/>
  <testcase name="integrationTestContentSelectors" classname="org.jabref.logic.importer.fileformat.BibtexParserTest" time="0.0"/>
  <testcase name="parseRecognizesBibtexKeyWithSpecialCharacters" classname="org.jabref.logic.importer.fileformat.BibtexParserTest" time="0.001"/>
  <testcase name="fromStringReturnsEmptyListFromEmptyString" classname="org.jabref.logic.importer.fileformat.BibtexParserTest" time="0.0"/>
  <testcase name="parseIgnoresArbitraryContentAfterEntry" classname="org.jabref.logic.importer.fileformat.BibtexParserTest" time="0.001"/>
  <testcase name="parseIgnoresCommentsAfterEntry" classname="org.jabref.logic.importer.fileformat.BibtexParserTest" time="0.001"/>
  <testcase name="parseRecognizesPreambleWithWhitespace" classname="org.jabref.logic.importer.fileformat.BibtexParserTest" time="0.0"/>
  <testcase name="integrationTestProtectedFlag" classname="org.jabref.logic.importer.fileformat.BibtexParserTest" time="0.0"/>
  <testcase name="parseCombinesMultipleEditorFields" classname="org.jabref.logic.importer.fileformat.BibtexParserTest" time="0.0"/>
  <testcase name="parseRecognizesPreambleInParenthesis" classname="org.jabref.logic.importer.fileformat.BibtexParserTest" time="0.001"/>
  <testcase name="parseReallyUnknownType" classname="org.jabref.logic.importer.fileformat.BibtexParserTest" time="0.0"/>
  <testcase name="parseRecognizesEntryWhereLastFieldIsFinishedWithComma" classname="org.jabref.logic.importer.fileformat.BibtexParserTest" time="0.001"/>
  <testcase name="parseConvertsTabToSpace" classname="org.jabref.logic.importer.fileformat.BibtexParserTest" time="0.001"/>
  <testcase name="parseRecognizesDuplicateBibtexKeys" classname="org.jabref.logic.importer.fileformat.BibtexParserTest" time="0.0"/>
  <testcase name="parseCommentWithoutBracketsBeforeEntry" classname="org.jabref.logic.importer.fileformat.BibtexParserTest" time="0.001"/>
  <testcase name="parseNotWarnsAboutEntryWithoutBibtexKey" classname="org.jabref.logic.importer.fileformat.BibtexParserTest" time="0.001"/>
  <testcase name="parseRecognizesUppercasePreamble" classname="org.jabref.logic.importer.fileformat.BibtexParserTest" time="0.0"/>
  <testcase name="parseIgnoresTextBeforeEntry" classname="org.jabref.logic.importer.fileformat.BibtexParserTest" time="0.001"/>
  <testcase name="parseSavesOneNewlineAfterStringInParsedSerialization" classname="org.jabref.logic.importer.fileformat.BibtexParserTest" time="0.0"/>
  <testcase name="integrationTestFileDirectories" classname="org.jabref.logic.importer.fileformat.BibtexParserTest" time="0.001"/>
  <testcase name="parseIgnoresAndWarnsAboutCorruptedEntryButRecognizeOthers" classname="org.jabref.logic.importer.fileformat.BibtexParserTest" time="0.0"/>
  <testcase name="singleFromStringRecognizesEntry" classname="org.jabref.logic.importer.fileformat.BibtexParserTest" time="0.0"/>
  <testcase name="parseRecognizesMultipleStrings" classname="org.jabref.logic.importer.fileformat.BibtexParserTest" time="0.001"/>
  <testcase name="parseCommentContainingEntriesAndAtSymbols" classname="org.jabref.logic.importer.fileformat.BibtexParserTest" time="0.0"/>
  <testcase name="singleFromStringReturnsEmptyIfNoEntryRecognized" classname="org.jabref.logic.importer.fileformat.BibtexParserTest" time="0.001"/>
  <testcase name="parseRemovesEncodingLineInParsedSerialization" classname="org.jabref.logic.importer.fileformat.BibtexParserTest" time="0.001"/>
  <testcase name="parseRecognizesAbsoluteFile" classname="org.jabref.logic.importer.fileformat.BibtexParserTest" time="0.0"/>
  <testcase name="parseCombinesMultipleKeywordsFields" classname="org.jabref.logic.importer.fileformat.BibtexParserTest" time="0.001"/>
  <testcase name="parseWarnsAboutUnmatchedContentInEntry" classname="org.jabref.logic.importer.fileformat.BibtexParserTest" time="0.001"/>
  <testcase name="parseWarnsAboutUnmatchedContentInEntryWithoutComma" classname="org.jabref.logic.importer.fileformat.BibtexParserTest" time="0.001"/>
  <testcase name="parseRecognizesMultipleEntries" classname="org.jabref.logic.importer.fileformat.BibtexParserTest" time="0.001"/>
  <testcase name="parseRecognizesEntryWithAtSymbolInQuotationMarks" classname="org.jabref.logic.importer.fileformat.BibtexParserTest" time="0.0"/>
  <testcase name="parseRecognizesEntryWithNewlines" classname="org.jabref.logic.importer.fileformat.BibtexParserTest" time="0.001"/>
  <testcase name="parseRecognizesEntryInParenthesis" classname="org.jabref.logic.importer.fileformat.BibtexParserTest" time="0.001"/>
  <testcase name="parseHandlesAccentsCorrectly" classname="org.jabref.logic.importer.fileformat.BibtexParserTest" time="0.0"/>
  <testcase name="parseEmptyPreambleLeadsToEmpty" classname="org.jabref.logic.importer.fileformat.BibtexParserTest" time="0.001"/>
  <testcase name="fromStringReturnsEmptyListIfNoEntryRecognized" classname="org.jabref.logic.importer.fileformat.BibtexParserTest" time="0.0"/>
  <testcase name="parseRecognizesEntryOnlyWithKey" classname="org.jabref.logic.importer.fileformat.BibtexParserTest" time="0.001"/>
  <testcase name="parseCommentWithoutBrackets" classname="org.jabref.logic.importer.fileformat.BibtexParserTest" time="0.0"/>
  <testcase name="parseRecognizesStringWithWhitespace" classname="org.jabref.logic.importer.fileformat.BibtexParserTest" time="0.001"/>
  <testcase name="parseReturnsEntriesInSameOrder" classname="org.jabref.logic.importer.fileformat.BibtexParserTest" time="0.0"/>
  <testcase name="parseCombinesMultipleAuthorFields" classname="org.jabref.logic.importer.fileformat.BibtexParserTest" time="0.001"/>
  <testcase name="parseRecognizesMultipleEntriesOnSameLine" classname="org.jabref.logic.importer.fileformat.BibtexParserTest" time="0.001"/>
  <testcase name="parseRecognizesFormatedEntry" classname="org.jabref.logic.importer.fileformat.BibtexParserTest" time="0.0"/>
  <testcase name="parseRecognizesSaveActionsAfterEntry" classname="org.jabref.logic.importer.fileformat.BibtexParserTest" time="0.001"/>
  <testcase name="parseIgnoresUpercaseComments" classname="org.jabref.logic.importer.fileformat.BibtexParserTest" time="0.0"/>
  <testcase name="parseIgnoresText" classname="org.jabref.logic.importer.fileformat.BibtexParserTest" time="0.001"/>
  <testcase name="parseIgnoresWhitespaceInEpilogue" classname="org.jabref.logic.importer.fileformat.BibtexParserTest" time="0.0"/>
  <testcase name="parseRecognizesUppercaseFields" classname="org.jabref.logic.importer.fileformat.BibtexParserTest" time="0.001"/>
  <testcase name="parseIgnoresAndWarnsAboutEntryWithFieldsThatAreNotSeperatedByComma" classname="org.jabref.logic.importer.fileformat.BibtexParserTest" time="0.0"/>
  <testcase name="parseWarnsAboutStringsWithSameNameAndOnlyKeepsOne" classname="org.jabref.logic.importer.fileformat.BibtexParserTest" time="0.001"/>
  <testcase name="parseIgnoresTextAfterEntry" classname="org.jabref.logic.importer.fileformat.BibtexParserTest" time="0.001"/>
  <testcase name="parseIgnoresCommentsBeforeEntry" classname="org.jabref.logic.importer.fileformat.BibtexParserTest" time="0.0"/>
  <testcase name="parseConvertsMultipleTabsToSpace" classname="org.jabref.logic.importer.fileformat.BibtexParserTest" time="0.001"/>
  <testcase name="parseRecognizesNumbersWithoutBracketsOrQuotationMarks" classname="org.jabref.logic.importer.fileformat.BibtexParserTest" time="0.0"/>
  <testcase name="parseBracketedComment" classname="org.jabref.logic.importer.fileformat.BibtexParserTest" time="0.001"/>
  <testcase name="fromStringRecognizesEntry" classname="org.jabref.logic.importer.fileformat.BibtexParserTest" time="0.0"/>
  <testcase name="parseOtherTypeTest" classname="org.jabref.logic.importer.fileformat.BibtexParserTest" time="0.001"/>
  <testcase name="parseRecognizesHeaderButIgnoresEncoding" classname="org.jabref.logic.importer.fileformat.BibtexParserTest" time="0.0"/>
  <testcase name="parseRecognizesEntry" classname="org.jabref.logic.importer.fileformat.BibtexParserTest" time="0.001"/>
  <testcase name="parsePrecedingComment" classname="org.jabref.logic.importer.fileformat.BibtexParserTest" time="0.0"/>
  <testcase name="singleFromStringRecognizesEntryInMultiple" classname="org.jabref.logic.importer.fileformat.BibtexParserTest" time="0.001"/>
  <testcase name="parseAddsEscapedClosingBracketToFieldValue" classname="org.jabref.logic.importer.fileformat.BibtexParserTest" time="0.0"/>
  <testcase name="parseRecognizesFieldsWithBracketsEnclosedInQuotationMarks" classname="org.jabref.logic.importer.fileformat.BibtexParserTest" time="0.001"/>
  <testcase name="parseRegularCommentBeforeEntry" classname="org.jabref.logic.importer.fileformat.BibtexParserTest" time="0.0"/>
  <testcase name="parseRecognizesPreamble" classname="org.jabref.logic.importer.fileformat.BibtexParserTest" time="0.001"/>
  <testcase name="parseRecognizesEntryWithBigNumbers" classname="org.jabref.logic.importer.fileformat.BibtexParserTest" time="0.0"/>
  <testcase name="parseRecognizesEntryWithWhitespace" classname="org.jabref.logic.importer.fileformat.BibtexParserTest" time="0.001"/>
  <testcase name="integrationTestCustomEntryType" classname="org.jabref.logic.importer.fileformat.BibtexParserTest" time="0.0"/>
  <testcase name="parseRecognizesDateFieldWithConcatenation" classname="org.jabref.logic.importer.fileformat.BibtexParserTest" time="0.001"/>
  <testcase name="parseSavesEntryInParsedSerialization" classname="org.jabref.logic.importer.fileformat.BibtexParserTest" time="0.0"/>
  <testcase name="parseIgnoresAndWarnsAboutEntryWithUnmatchedOpenBracketInQuotationMarks" classname="org.jabref.logic.importer.fileformat.BibtexParserTest" time="0.001"/>
  <testcase name="integrationTestSaveOrderConfig" classname="org.jabref.logic.importer.fileformat.BibtexParserTest" time="0.0"/>
  <testcase name="parseConvertsNewlineToSpace" classname="org.jabref.logic.importer.fileformat.BibtexParserTest" time="0.001"/>
  <testcase name="parseEmptyFileLeadsToPreamble" classname="org.jabref.logic.importer.fileformat.BibtexParserTest" time="0.0"/>
  <testcase name="parsePreambleAndEntryWithoutNewLine" classname="org.jabref.logic.importer.fileformat.BibtexParserTest" time="0.001"/>
  <system-out><![CDATA[08:37:10.642 [Test worker] INFO  org.jabref.logic.importer.fileformat.BibtexParser - Found unbracketed comment
08:37:10.657 [Test worker] INFO  org.jabref.logic.importer.fileformat.BibtexParser - Found unbracketed comment
]]></system-out>
  <system-err><![CDATA[]]></system-err>
</testsuite>
