<?xml version="1.0" encoding="UTF-8"?>
<testsuite name="org.jabref.model.entry.FieldNameTest" tests="2" skipped="0" failures="0" errors="0" timestamp="2017-06-20T11:39:01" hostname="auri-inspiron" time="0.0">
  <properties/>
  <testcase name="testOrFieldsThreeTerms" classname="org.jabref.model.entry.FieldNameTest" time="0.0"/>
  <testcase name="testOrFieldsTwoTerms" classname="org.jabref.model.entry.FieldNameTest" time="0.0"/>
  <system-out><![CDATA[]]></system-out>
  <system-err><![CDATA[]]></system-err>
</testsuite>
