<?xml version="1.0" encoding="UTF-8"?>
<testsuite name="org.jabref.model.entry.CanonicalBibEntryTest" tests="2" skipped="0" failures="0" errors="0" timestamp="2017-06-20T11:39:01" hostname="auri-inspiron" time="0.002">
  <properties/>
  <testcase name="simpleCanonicalRepresentation" classname="org.jabref.model.entry.CanonicalBibEntryTest" time="0.002"/>
  <testcase name="canonicalRepresentationWithNewlines" classname="org.jabref.model.entry.CanonicalBibEntryTest" time="0.0"/>
  <system-out><![CDATA[]]></system-out>
  <system-err><![CDATA[]]></system-err>
</testsuite>
