<?xml version="1.0" encoding="UTF-8"?>
<testsuite name="org.jabref.TestArchitectureTests" tests="2" skipped="0" failures="0" errors="0" timestamp="2017-06-25T05:34:52" hostname="jessicadias-VPCEH40EB" time="0.295">
  <properties/>
  <testcase name="testsAreIndependent[tests independent of org.jabref.preferences.JabRefPreferences?]" classname="org.jabref.TestArchitectureTests" time="0.234"/>
  <testcase name="testsAreIndependent[tests independent of org.jabref.Globals?]" classname="org.jabref.TestArchitectureTests" time="0.06"/>
  <system-out><![CDATA[]]></system-out>
  <system-err><![CDATA[]]></system-err>
</testsuite>
