<?xml version="1.0" encoding="UTF-8"?>
<testsuite name="org.jabref.logic.importer.fileformat.PdfContentImporterTestFiles" tests="2" skipped="0" failures="0" errors="0" timestamp="2017-06-25T05:36:18" hostname="jessicadias-VPCEH40EB" time="1.187">
  <properties/>
  <testcase name="correctContent[0: LNCS-minimal]" classname="org.jabref.logic.importer.fileformat.PdfContentImporterTestFiles" time="0.884"/>
  <testcase name="correctContent[1: LNCS-minimal-protected]" classname="org.jabref.logic.importer.fileformat.PdfContentImporterTestFiles" time="0.303"/>
  <system-out><![CDATA[]]></system-out>
  <system-err><![CDATA[]]></system-err>
</testsuite>
