<?xml version="1.0" encoding="UTF-8"?>
<testsuite name="org.jabref.logic.openoffice.OOBibStyleTest" tests="24" skipped="0" failures="0" errors="0" timestamp="2017-06-23T03:37:33" hostname="jessicadias-VPCEH40EB" time="0.616">
  <properties/>
  <testcase name="testNumerical" classname="org.jabref.logic.openoffice.OOBibStyleTest" time="0.189"/>
  <testcase name="testGetCitationMarkerInParenthesisUniquefiers" classname="org.jabref.logic.openoffice.OOBibStyleTest" time="0.027"/>
  <testcase name="testCompareToEqual" classname="org.jabref.logic.openoffice.OOBibStyleTest" time="0.024"/>
  <testcase name="testGetCitationMarkerInTextUniquefiersThreeSameAuthor" classname="org.jabref.logic.openoffice.OOBibStyleTest" time="0.012"/>
  <testcase name="testEmptyEntryMarker" classname="org.jabref.logic.openoffice.OOBibStyleTest" time="0.014"/>
  <testcase name="testGetNumCitationMarker" classname="org.jabref.logic.openoffice.OOBibStyleTest" time="0.012"/>
  <testcase name="testEmptyStringPropertyAndOxfordComma" classname="org.jabref.logic.openoffice.OOBibStyleTest" time="0.052"/>
  <testcase name="testInstitutionAuthorMarker" classname="org.jabref.logic.openoffice.OOBibStyleTest" time="0.009"/>
  <testcase name="testNullYearMarker" classname="org.jabref.logic.openoffice.OOBibStyleTest" time="0.009"/>
  <testcase name="testNullAuthorMarker" classname="org.jabref.logic.openoffice.OOBibStyleTest" time="0.01"/>
  <testcase name="testVonAuthor" classname="org.jabref.logic.openoffice.OOBibStyleTest" time="0.014"/>
  <testcase name="testGetNumCitationMarkerUndefined" classname="org.jabref.logic.openoffice.OOBibStyleTest" time="0.006"/>
  <testcase name="testVonAuthorMarker" classname="org.jabref.logic.openoffice.OOBibStyleTest" time="0.01"/>
  <testcase name="testCompareToNotEqual" classname="org.jabref.logic.openoffice.OOBibStyleTest" time="0.034"/>
  <testcase name="testAuthorYearAsFile" classname="org.jabref.logic.openoffice.OOBibStyleTest" time="0.005"/>
  <testcase name="testGetCitationMarkerInTextUniquefiers" classname="org.jabref.logic.openoffice.OOBibStyleTest" time="0.024"/>
  <testcase name="testInstitutionAuthor" classname="org.jabref.logic.openoffice.OOBibStyleTest" time="0.007"/>
  <testcase name="testGetCitationMarker" classname="org.jabref.logic.openoffice.OOBibStyleTest" time="0.06"/>
  <testcase name="testGetCitProperty" classname="org.jabref.logic.openoffice.OOBibStyleTest" time="0.006"/>
  <testcase name="testEquals" classname="org.jabref.logic.openoffice.OOBibStyleTest" time="0.013"/>
  <testcase name="testLayout" classname="org.jabref.logic.openoffice.OOBibStyleTest" time="0.039"/>
  <testcase name="testNotEquals" classname="org.jabref.logic.openoffice.OOBibStyleTest" time="0.012"/>
  <testcase name="testGetCitationMarkerInParenthesisUniquefiersThreeSameAuthor" classname="org.jabref.logic.openoffice.OOBibStyleTest" time="0.009"/>
  <testcase name="testAuthorYear" classname="org.jabref.logic.openoffice.OOBibStyleTest" time="0.007"/>
  <system-out><![CDATA[]]></system-out>
  <system-err><![CDATA[]]></system-err>
</testsuite>
