<?xml version="1.0" encoding="UTF-8"?>
<testsuite name="org.jabref.logic.importer.fileformat.IsiImporterTest" tests="19" skipped="0" failures="0" errors="0" timestamp="2017-06-23T03:38:34" hostname="jessicadias-VPCEH40EB" time="0.032">
  <properties/>
  <testcase name="testImportEntriesWOS" classname="org.jabref.logic.importer.fileformat.IsiImporterTest" time="0.004"/>
  <testcase name="testGetCLIId" classname="org.jabref.logic.importer.fileformat.IsiImporterTest" time="0.0"/>
  <testcase name="testProcessSubSup" classname="org.jabref.logic.importer.fileformat.IsiImporterTest" time="0.0"/>
  <testcase name="testIEEEImport" classname="org.jabref.logic.importer.fileformat.IsiImporterTest" time="0.001"/>
  <testcase name="testImportEntriesEmpty" classname="org.jabref.logic.importer.fileformat.IsiImporterTest" time="0.0"/>
  <testcase name="testParseMonthException" classname="org.jabref.logic.importer.fileformat.IsiImporterTest" time="0.001"/>
  <testcase name="testImportEntriesINSPEC" classname="org.jabref.logic.importer.fileformat.IsiImporterTest" time="0.002"/>
  <testcase name="testImportIEEEExport" classname="org.jabref.logic.importer.fileformat.IsiImporterTest" time="0.002"/>
  <testcase name="testMonthConvert" classname="org.jabref.logic.importer.fileformat.IsiImporterTest" time="0.005"/>
  <testcase name="testsGetExtensions" classname="org.jabref.logic.importer.fileformat.IsiImporterTest" time="0.0"/>
  <testcase name="testIsRecognizedFormatAccepted" classname="org.jabref.logic.importer.fileformat.IsiImporterTest" time="0.001"/>
  <testcase name="testGetDescription" classname="org.jabref.logic.importer.fileformat.IsiImporterTest" time="0.0"/>
  <testcase name="testIsiAuthorConvert" classname="org.jabref.logic.importer.fileformat.IsiImporterTest" time="0.003"/>
  <testcase name="testIsiAuthorsConvert" classname="org.jabref.logic.importer.fileformat.IsiImporterTest" time="0.0"/>
  <testcase name="testImportEntries1" classname="org.jabref.logic.importer.fileformat.IsiImporterTest" time="0.001"/>
  <testcase name="testImportEntries2" classname="org.jabref.logic.importer.fileformat.IsiImporterTest" time="0.004"/>
  <testcase name="testGetFormatName" classname="org.jabref.logic.importer.fileformat.IsiImporterTest" time="0.001"/>
  <testcase name="testImportEntriesMedline" classname="org.jabref.logic.importer.fileformat.IsiImporterTest" time="0.001"/>
  <testcase name="testIsRecognizedFormatRejected" classname="org.jabref.logic.importer.fileformat.IsiImporterTest" time="0.0"/>
  <system-out><![CDATA[]]></system-out>
  <system-err><![CDATA[]]></system-err>
</testsuite>
