<?xml version="1.0" encoding="UTF-8"?>
<testsuite name="org.jabref.logic.cleanup.ISSNCleanupTest" tests="3" skipped="0" failures="0" errors="0" timestamp="2017-06-20T11:38:17" hostname="auri-inspiron" time="0.088">
  <properties/>
  <testcase name="cleanupISSNAddsMissingDash" classname="org.jabref.logic.cleanup.ISSNCleanupTest" time="0.087"/>
  <testcase name="cleanupISSNJunkStaysJunk" classname="org.jabref.logic.cleanup.ISSNCleanupTest" time="0.001"/>
  <testcase name="cleanupISSNReturnsCorrectISSN" classname="org.jabref.logic.cleanup.ISSNCleanupTest" time="0.0"/>
  <system-out><![CDATA[]]></system-out>
  <system-err><![CDATA[]]></system-err>
</testsuite>
