<?xml version="1.0" encoding="UTF-8"?>
<testsuite name="org.jabref.logic.autocompleter.BibtexKeyAutoCompleterTest" tests="12" skipped="0" failures="0" errors="0" timestamp="2017-06-25T05:35:28" hostname="jessicadias-VPCEH40EB" time="0.011">
  <properties/>
  <testcase name="completeKeyReturnsKey" classname="org.jabref.logic.autocompleter.BibtexKeyAutoCompleterTest" time="0.002"/>
  <testcase name="completeAfterAddingNullReturnsNothing" classname="org.jabref.logic.autocompleter.BibtexKeyAutoCompleterTest" time="0.0"/>
  <testcase name="completeLowercaseKeyReturnsKey" classname="org.jabref.logic.autocompleter.BibtexKeyAutoCompleterTest" time="0.001"/>
  <testcase name="completeTooShortInputReturnsNothing" classname="org.jabref.logic.autocompleter.BibtexKeyAutoCompleterTest" time="0.001"/>
  <testcase name="completeAfterAddingEmptyEntryReturnsNothing" classname="org.jabref.logic.autocompleter.BibtexKeyAutoCompleterTest" time="0.0"/>
  <testcase name="completeWithoutAddingAnythingReturnsNothing" classname="org.jabref.logic.autocompleter.BibtexKeyAutoCompleterTest" time="0.0"/>
  <testcase name="completeReturnsMultipleResults" classname="org.jabref.logic.autocompleter.BibtexKeyAutoCompleterTest" time="0.001"/>
  <testcase name="completeBeginnigOfKeyReturnsKey" classname="org.jabref.logic.autocompleter.BibtexKeyAutoCompleterTest" time="0.001"/>
  <testcase name="completeShortKeyReturnsKey" classname="org.jabref.logic.autocompleter.BibtexKeyAutoCompleterTest" time="0.001"/>
  <testcase name="completeEmptyStringReturnsNothing" classname="org.jabref.logic.autocompleter.BibtexKeyAutoCompleterTest" time="0.001"/>
  <testcase name="initAutoCompleterWithNullPreferenceThrowsException" classname="org.jabref.logic.autocompleter.BibtexKeyAutoCompleterTest" time="0.0"/>
  <testcase name="completeNullReturnsNothing" classname="org.jabref.logic.autocompleter.BibtexKeyAutoCompleterTest" time="0.001"/>
  <system-out><![CDATA[]]></system-out>
  <system-err><![CDATA[]]></system-err>
</testsuite>
