<?xml version="1.0" encoding="UTF-8"?>
<testsuite name="org.jabref.logic.cleanup.BiblatexCleanupTest" tests="2" skipped="0" failures="0" errors="0" timestamp="2017-06-20T11:38:17" hostname="auri-inspiron" time="0.012">
  <properties/>
  <testcase name="convertToBiblatexDateAlreadyPresent" classname="org.jabref.logic.cleanup.BiblatexCleanupTest" time="0.011"/>
  <testcase name="convertToBiblatexMovesYearMonthToDate" classname="org.jabref.logic.cleanup.BiblatexCleanupTest" time="0.001"/>
  <system-out><![CDATA[]]></system-out>
  <system-err><![CDATA[]]></system-err>
</testsuite>
