<?xml version="1.0" encoding="UTF-8"?>
<testsuite name="org.jabref.logic.layout.format.NameFormatterTest" tests="2" skipped="0" failures="0" errors="0" timestamp="2017-06-23T03:39:05" hostname="jessicadias-VPCEH40EB" time="0.002">
  <properties/>
  <testcase name="testFormatStringStringBibtexEntry" classname="org.jabref.logic.layout.format.NameFormatterTest" time="0.001"/>
  <testcase name="testFormat" classname="org.jabref.logic.layout.format.NameFormatterTest" time="0.001"/>
  <system-out><![CDATA[]]></system-out>
  <system-err><![CDATA[]]></system-err>
</testsuite>
