<?xml version="1.0" encoding="UTF-8"?>
<testsuite name="org.jabref.logic.util.io.RegExpBasedFileFinderTests" tests="5" skipped="0" failures="0" errors="0" timestamp="2017-06-23T03:39:06" hostname="jessicadias-VPCEH40EB" time="0.013">
  <properties/>
  <testcase name="testFindFileNonRecursive" classname="org.jabref.logic.util.io.RegExpBasedFileFinderTests" time="0.005"/>
  <testcase name="testFindFileInSubdirectory" classname="org.jabref.logic.util.io.RegExpBasedFileFinderTests" time="0.004"/>
  <testcase name="testFieldAndFormat" classname="org.jabref.logic.util.io.RegExpBasedFileFinderTests" time="0.001"/>
  <testcase name="testFindFiles" classname="org.jabref.logic.util.io.RegExpBasedFileFinderTests" time="0.001"/>
  <testcase name="testExpandBrackets" classname="org.jabref.logic.util.io.RegExpBasedFileFinderTests" time="0.002"/>
  <system-out><![CDATA[]]></system-out>
  <system-err><![CDATA[]]></system-err>
</testsuite>
