<?xml version="1.0" encoding="UTF-8"?>
<testsuite name="org.jabref.logic.formatter.bibtexfields.HtmlToLatexFormatterTest" tests="8" skipped="0" failures="0" errors="0" timestamp="2017-06-23T03:37:42" hostname="jessicadias-VPCEH40EB" time="0.02">
  <properties/>
  <testcase name="testBasic" classname="org.jabref.logic.formatter.bibtexfields.HtmlToLatexFormatterTest" time="0.002"/>
  <testcase name="testHTMLCombiningAccents" classname="org.jabref.logic.formatter.bibtexfields.HtmlToLatexFormatterTest" time="0.005"/>
  <testcase name="testHTML" classname="org.jabref.logic.formatter.bibtexfields.HtmlToLatexFormatterTest" time="0.003"/>
  <testcase name="testHTMLRemoveTags" classname="org.jabref.logic.formatter.bibtexfields.HtmlToLatexFormatterTest" time="0.002"/>
  <testcase name="formatExample" classname="org.jabref.logic.formatter.bibtexfields.HtmlToLatexFormatterTest" time="0.001"/>
  <testcase name="formatMultipleHtmlCharacters" classname="org.jabref.logic.formatter.bibtexfields.HtmlToLatexFormatterTest" time="0.001"/>
  <testcase name="formatCombinedAccent" classname="org.jabref.logic.formatter.bibtexfields.HtmlToLatexFormatterTest" time="0.002"/>
  <testcase name="formatWithoutHtmlCharactersReturnsSameString" classname="org.jabref.logic.formatter.bibtexfields.HtmlToLatexFormatterTest" time="0.001"/>
  <system-out><![CDATA[]]></system-out>
  <system-err><![CDATA[]]></system-err>
</testsuite>
