<?xml version="1.0" encoding="UTF-8"?>
<testsuite name="org.jabref.logic.l10n.PropertiesLocaleCompletenessTest" tests="2" skipped="0" failures="0" errors="0" timestamp="2017-06-20T11:35:18" hostname="auri-inspiron" time="0.035">
  <properties/>
  <testcase name="testi10nFiles" classname="org.jabref.logic.l10n.PropertiesLocaleCompletenessTest" time="0.034"/>
  <testcase name="testCompletenessOfBundles" classname="org.jabref.logic.l10n.PropertiesLocaleCompletenessTest" time="0.001"/>
  <system-out><![CDATA[]]></system-out>
  <system-err><![CDATA[]]></system-err>
</testsuite>
