<?xml version="1.0" encoding="UTF-8"?>
<testsuite name="org.jabref.model.entry.KeywordTest" tests="2" skipped="0" failures="0" errors="0" timestamp="2017-06-23T03:37:24" hostname="jessicadias-VPCEH40EB" time="0.054">
  <properties/>
  <testcase name="getAllSubchainsAsStringForSimpleChain" classname="org.jabref.model.entry.KeywordTest" time="0.053"/>
  <testcase name="getPathFromRootAsStringForSimpleChain" classname="org.jabref.model.entry.KeywordTest" time="0.0"/>
  <system-out><![CDATA[]]></system-out>
  <system-err><![CDATA[]]></system-err>
</testsuite>
