<?xml version="1.0" encoding="UTF-8"?>
<testsuite name="org.jabref.cli.JabRefCLITest" tests="3" skipped="0" failures="0" errors="0" timestamp="2017-06-23T03:36:44" hostname="jessicadias-VPCEH40EB" time="0.025">
  <properties/>
  <testcase name="testCLIParsingShortOptions" classname="org.jabref.cli.JabRefCLITest" time="0.021"/>
  <testcase name="testCLIParsingLongOptions" classname="org.jabref.cli.JabRefCLITest" time="0.002"/>
  <testcase name="testPreferencesExport" classname="org.jabref.cli.JabRefCLITest" time="0.002"/>
  <system-out><![CDATA[]]></system-out>
  <system-err><![CDATA[]]></system-err>
</testsuite>
