<?xml version="1.0" encoding="UTF-8"?>
<testsuite name="org.jabref.logic.bibtexkeypattern.MakeLabelWithoutDatabaseTest" tests="2" skipped="0" failures="0" errors="0" timestamp="2017-06-20T11:38:34" hostname="auri-inspiron" time="0.001">
  <properties/>
  <testcase name="makeEditorLabelForFileSearch" classname="org.jabref.logic.bibtexkeypattern.MakeLabelWithoutDatabaseTest" time="0.001"/>
  <testcase name="makeLabelForFileSearch" classname="org.jabref.logic.bibtexkeypattern.MakeLabelWithoutDatabaseTest" time="0.0"/>
  <system-out><![CDATA[]]></system-out>
  <system-err><![CDATA[]]></system-err>
</testsuite>
