<?xml version="1.0" encoding="UTF-8"?>
<testsuite name="org.jabref.model.entry.DateTest" tests="2" skipped="0" failures="0" errors="0" timestamp="2017-06-25T05:35:23" hostname="jessicadias-VPCEH40EB" time="0.007">
  <properties/>
  <testcase name="parseCorrectlyDayMonthYearDate" classname="org.jabref.model.entry.DateTest" time="0.007"/>
  <testcase name="parseDateNull" classname="org.jabref.model.entry.DateTest" time="0.0"/>
  <system-out><![CDATA[]]></system-out>
  <system-err><![CDATA[]]></system-err>
</testsuite>
