<?xml version="1.0" encoding="UTF-8"?>
<testsuite name="org.jabref.logic.bst.TestVM" tests="34" skipped="0" failures="0" errors="0" timestamp="2017-06-25T05:35:51" hostname="jessicadias-VPCEH40EB" time="0.248">
  <properties/>
  <testcase name="testVMIfSkipPop" classname="org.jabref.logic.bst.TestVM" time="0.056"/>
  <testcase name="testVMSimple" classname="org.jabref.logic.bst.TestVM" time="0.006"/>
  <testcase name="testHypthenatedName" classname="org.jabref.logic.bst.TestVM" time="0.078"/>
  <testcase name="testVMStringOps1" classname="org.jabref.logic.bst.TestVM" time="0.001"/>
  <testcase name="testVMExecuteSimple" classname="org.jabref.logic.bst.TestVM" time="0.0"/>
  <testcase name="testAbbrv" classname="org.jabref.logic.bst.TestVM" time="0.031"/>
  <testcase name="testEmpty" classname="org.jabref.logic.bst.TestVM" time="0.003"/>
  <testcase name="testLabel" classname="org.jabref.logic.bst.TestVM" time="0.003"/>
  <testcase name="testQuote" classname="org.jabref.logic.bst.TestVM" time="0.0"/>
  <testcase name="testNumNames" classname="org.jabref.logic.bst.TestVM" time="0.001"/>
  <testcase name="testWhile" classname="org.jabref.logic.bst.TestVM" time="0.002"/>
  <testcase name="testWidth" classname="org.jabref.logic.bst.TestVM" time="0.003"/>
  <testcase name="testSort" classname="org.jabref.logic.bst.TestVM" time="0.006"/>
  <testcase name="testType" classname="org.jabref.logic.bst.TestVM" time="0.007"/>
  <testcase name="testVMExecuteSimple2" classname="org.jabref.logic.bst.TestVM" time="0.0"/>
  <testcase name="testFormatName" classname="org.jabref.logic.bst.TestVM" time="0.001"/>
  <testcase name="testVMArithmetic" classname="org.jabref.logic.bst.TestVM" time="0.001"/>
  <testcase name="testVMChrToIntIntToChr" classname="org.jabref.logic.bst.TestVM" time="0.0"/>
  <testcase name="testBuildIn" classname="org.jabref.logic.bst.TestVM" time="0.001"/>
  <testcase name="testDuplicateEmptyPopSwapIf" classname="org.jabref.logic.bst.TestVM" time="0.0"/>
  <testcase name="testCallType" classname="org.jabref.logic.bst.TestVM" time="0.007"/>
  <testcase name="testVariables" classname="org.jabref.logic.bst.TestVM" time="0.001"/>
  <testcase name="testMissing" classname="org.jabref.logic.bst.TestVM" time="0.011"/>
  <testcase name="testVMIntToStr" classname="org.jabref.logic.bst.TestVM" time="0.001"/>
  <testcase name="testFormatName2" classname="org.jabref.logic.bst.TestVM" time="0.005"/>
  <testcase name="testTextLength" classname="org.jabref.logic.bst.TestVM" time="0.0"/>
  <testcase name="testSubstring" classname="org.jabref.logic.bst.TestVM" time="0.001"/>
  <testcase name="testChangeCase" classname="org.jabref.logic.bst.TestVM" time="0.009"/>
  <testcase name="testVMFunction1" classname="org.jabref.logic.bst.TestVM" time="0.001"/>
  <testcase name="testIterate" classname="org.jabref.logic.bst.TestVM" time="0.003"/>
  <testcase name="testNumNames2" classname="org.jabref.logic.bst.TestVM" time="0.0"/>
  <testcase name="testVMArithmetic2" classname="org.jabref.logic.bst.TestVM" time="0.002"/>
  <testcase name="testVMSwap" classname="org.jabref.logic.bst.TestVM" time="0.001"/>
  <testcase name="testVMChrToInt" classname="org.jabref.logic.bst.TestVM" time="0.0"/>
  <system-out><![CDATA[02:35:51.301 [Test worker] WARN  org.jabref.logic.bst.VM - Warning (#1): empty title in canh05
02:35:51.302 [Test worker] WARN  org.jabref.logic.bst.VM - Warning (#2): empty journal in canh05
02:35:51.302 [Test worker] WARN  org.jabref.logic.bst.VM - Warning (#3): empty year in canh05
02:35:51.408 [Test worker] ERROR org.jabref.logic.bst.VM - ERROR Can only compare two integers with + (1)
]]></system-out>
  <system-err><![CDATA[]]></system-err>
</testsuite>
