<?xml version="1.0" encoding="UTF-8"?>
<testsuite name="org.jabref.model.BibDatabaseContextTest" tests="4" skipped="0" failures="0" errors="0" timestamp="2017-06-23T03:37:23" hostname="jessicadias-VPCEH40EB" time="0.034">
  <properties/>
  <testcase name="testTypeBasedOnInferredModeBiblatex" classname="org.jabref.model.BibDatabaseContextTest" time="0.023"/>
  <testcase name="testTypeBasedOnDefaultBiblatex" classname="org.jabref.model.BibDatabaseContextTest" time="0.001"/>
  <testcase name="testTypeBasedOnDefaultBibtex" classname="org.jabref.model.BibDatabaseContextTest" time="0.004"/>
  <testcase name="testTypeBasedOnInferredModeBibTeX" classname="org.jabref.model.BibDatabaseContextTest" time="0.006"/>
  <system-out><![CDATA[]]></system-out>
  <system-err><![CDATA[]]></system-err>
</testsuite>
