<?xml version="1.0" encoding="UTF-8"?>
<testsuite name="org.jabref.logic.xmp.XMPSchemaBibtexTest" tests="9" skipped="0" failures="0" errors="0" timestamp="2017-06-23T03:39:05" hostname="jessicadias-VPCEH40EB" time="0.059">
  <properties/>
  <testcase name="testSetGetTextPropertyString" classname="org.jabref.logic.xmp.XMPSchemaBibtexTest" time="0.034"/>
  <testcase name="testGetTextContent" classname="org.jabref.logic.xmp.XMPSchemaBibtexTest" time="0.009"/>
  <testcase name="testGetSequenceListString" classname="org.jabref.logic.xmp.XMPSchemaBibtexTest" time="0.002"/>
  <testcase name="testGetSetPersonList" classname="org.jabref.logic.xmp.XMPSchemaBibtexTest" time="0.001"/>
  <testcase name="testSetBibtexEntry" classname="org.jabref.logic.xmp.XMPSchemaBibtexTest" time="0.005"/>
  <testcase name="testXMPSchemaBibtexElement" classname="org.jabref.logic.xmp.XMPSchemaBibtexTest" time="0.001"/>
  <testcase name="testGetAllProperties" classname="org.jabref.logic.xmp.XMPSchemaBibtexTest" time="0.002"/>
  <testcase name="testXMPSchemaBibtexXMPMetadata" classname="org.jabref.logic.xmp.XMPSchemaBibtexTest" time="0.001"/>
  <testcase name="testSetGetBagListString" classname="org.jabref.logic.xmp.XMPSchemaBibtexTest" time="0.001"/>
  <system-out><![CDATA[]]></system-out>
  <system-err><![CDATA[]]></system-err>
</testsuite>
