<?xml version="1.0" encoding="UTF-8"?>
<testsuite name="org.jabref.logic.util.io.FileNameCleanerTest" tests="1" skipped="0" failures="0" errors="0" timestamp="2017-06-20T11:38:17" hostname="auri-inspiron" time="0.0">
  <properties/>
  <testcase name="testCleanFileName" classname="org.jabref.logic.util.io.FileNameCleanerTest" time="0.0"/>
  <system-out><![CDATA[]]></system-out>
  <system-err><![CDATA[]]></system-err>
</testsuite>
