<?xml version="1.0" encoding="UTF-8"?>
<testsuite name="org.jabref.gui.journals.ManageJournalAbbreviationsViewModelTest" tests="24" skipped="0" failures="0" errors="0" timestamp="2017-06-25T05:34:54" hostname="jessicadias-VPCEH40EB" time="27.295">
  <properties/>
  <testcase name="testOpenDuplicatedFileResultsInAnException" classname="org.jabref.gui.journals.ManageJournalAbbreviationsViewModelTest" time="0.154"/>
  <testcase name="testInitialHasNoFilesAndNoAbbreviations" classname="org.jabref.gui.journals.ManageJournalAbbreviationsViewModelTest" time="0.024"/>
  <testcase name="testOpenValidFileContainsTheSpecificEntryAndEnoughAbbreviations" classname="org.jabref.gui.journals.ManageJournalAbbreviationsViewModelTest" time="0.007"/>
  <testcase name="testSaveExternalFilesListToPreferences" classname="org.jabref.gui.journals.ManageJournalAbbreviationsViewModelTest" time="0.017"/>
  <testcase name="testAddDuplicatedAbbreviationResultsInException" classname="org.jabref.gui.journals.ManageJournalAbbreviationsViewModelTest" time="0.005"/>
  <testcase name="testMixedFileUsage" classname="org.jabref.gui.journals.ManageJournalAbbreviationsViewModelTest" time="0.008"/>
  <testcase name="testInitialWithSavedFilesIncrementsFilesCounter" classname="org.jabref.gui.journals.ManageJournalAbbreviationsViewModelTest" time="0.006"/>
  <testcase name="testRemoveLastListSetsCurrentFileAndCurrentAbbreviationToNull" classname="org.jabref.gui.journals.ManageJournalAbbreviationsViewModelTest" time="0.004"/>
  <testcase name="testSaveAbbreviationsToFilesCreatesNewFilesWithWrittenAbbreviations" classname="org.jabref.gui.journals.ManageJournalAbbreviationsViewModelTest" time="0.038"/>
  <testcase name="testDeleteAbbreviationSelectsNextOne" classname="org.jabref.gui.journals.ManageJournalAbbreviationsViewModelTest" time="0.004"/>
  <testcase name="testEditAbbreviationToEmptyNameResultsInException" classname="org.jabref.gui.journals.ManageJournalAbbreviationsViewModelTest" time="0.005"/>
  <testcase name="testSelectLastJournalFileSwitchesFilesAndTheirAbbreviations" classname="org.jabref.gui.journals.ManageJournalAbbreviationsViewModelTest" time="0.005"/>
  <testcase name="testEditAbbreviationToEmptyAbbreviationResultsInException" classname="org.jabref.gui.journals.ManageJournalAbbreviationsViewModelTest" time="0.004"/>
  <testcase name="testEditAbbreviationToExistingOneResultsInException" classname="org.jabref.gui.journals.ManageJournalAbbreviationsViewModelTest" time="0.004"/>
  <testcase name="testcurrentFilePropertyChangeActiveFile" classname="org.jabref.gui.journals.ManageJournalAbbreviationsViewModelTest" time="0.01"/>
  <testcase name="testEditAbbreviationIncludesNewAbbreviationInAbbreviationsList" classname="org.jabref.gui.journals.ManageJournalAbbreviationsViewModelTest" time="0.007"/>
  <testcase name="testRemoveDuplicatesWhenReadingFiles" classname="org.jabref.gui.journals.ManageJournalAbbreviationsViewModelTest" time="0.008"/>
  <testcase name="testEditSameAbbreviationWithNoChangeDoesNotResultInException" classname="org.jabref.gui.journals.ManageJournalAbbreviationsViewModelTest" time="0.005"/>
  <testcase name="testDeleteAbbreviationSelectsPreviousOne" classname="org.jabref.gui.journals.ManageJournalAbbreviationsViewModelTest" time="0.006"/>
  <testcase name="testBuiltInListsStandardIEEEIncludesAllBuiltIEEEAbbreviations" classname="org.jabref.gui.journals.ManageJournalAbbreviationsViewModelTest" time="9.06"/>
  <testcase name="addDuplicatedFileResultsInErrorDialog" classname="org.jabref.gui.journals.ManageJournalAbbreviationsViewModelTest" time="0.005"/>
  <testcase name="addFileIncreasesCounterOfOpenFilesAndHasNoAbbreviations" classname="org.jabref.gui.journals.ManageJournalAbbreviationsViewModelTest" time="0.022"/>
  <testcase name="testAddAbbreviationIncludesAbbreviationsInAbbreviationList" classname="org.jabref.gui.journals.ManageJournalAbbreviationsViewModelTest" time="0.005"/>
  <testcase name="testBuiltInListsIncludeAllBuiltInAbbreviations" classname="org.jabref.gui.journals.ManageJournalAbbreviationsViewModelTest" time="17.876"/>
  <system-out><![CDATA[]]></system-out>
  <system-err><![CDATA[]]></system-err>
</testsuite>
