<?xml version="1.0" encoding="UTF-8"?>
<testsuite name="org.jabref.logic.importer.WebFetchersTest" tests="4" skipped="0" failures="0" errors="0" timestamp="2017-06-20T11:36:41" hostname="auri-inspiron" time="0.587">
  <properties/>
  <testcase name="getSearchBasedFetchersReturnsAllFetcherDerivingFromSearchBasedFetcher" classname="org.jabref.logic.importer.WebFetchersTest" time="0.031"/>
  <testcase name="getIdBasedFetchersReturnsAllFetcherDerivingFromIdBasedFetcher" classname="org.jabref.logic.importer.WebFetchersTest" time="0.002"/>
  <testcase name="getEntryBasedFetchersReturnsAllFetcherDerivingFromEntryBasedFetcher" classname="org.jabref.logic.importer.WebFetchersTest" time="0.002"/>
  <testcase name="getIdFetchersReturnsAllFetcherDerivingFromIdFetcher" classname="org.jabref.logic.importer.WebFetchersTest" time="0.0"/>
  <system-out><![CDATA[]]></system-out>
  <system-err><![CDATA[]]></system-err>
</testsuite>
