<?xml version="1.0" encoding="UTF-8"?>
<testsuite name="org.jabref.logic.net.MimeTypeDetectorTest" tests="7" skipped="0" failures="0" errors="0" timestamp="2017-06-25T05:36:04" hostname="jessicadias-VPCEH40EB" time="3.042">
  <properties/>
  <testcase name="handlePermanentRedirections" classname="org.jabref.logic.net.MimeTypeDetectorTest" time="2.19"/>
  <testcase name="beAbleToUseHeadRequest" classname="org.jabref.logic.net.MimeTypeDetectorTest" time="0.09"/>
  <testcase name="beTrueForLocalPdfUri" classname="org.jabref.logic.net.MimeTypeDetectorTest" time="0.02"/>
  <testcase name="beTrueForPdfMimeType" classname="org.jabref.logic.net.MimeTypeDetectorTest" time="0.399"/>
  <testcase name="beFalseForUnreachableUrl" classname="org.jabref.logic.net.MimeTypeDetectorTest" time="0.109"/>
  <testcase name="beTrueForPDFMimeTypeVariations" classname="org.jabref.logic.net.MimeTypeDetectorTest" time="0.068"/>
  <testcase name="beAbleToUseGetRequest" classname="org.jabref.logic.net.MimeTypeDetectorTest" time="0.121"/>
  <system-out><![CDATA[02:36:07.064 [Test worker] INFO  org.apache.http.impl.execchain.RetryExec - I/O exception (org.apache.http.NoHttpResponseException) caught when processing request to {}->http://localhost:8080: The target server failed to respond
02:36:07.065 [Test worker] INFO  org.apache.http.impl.execchain.RetryExec - Retrying request to {}->http://localhost:8080
02:36:07.697 [Test worker] INFO  org.apache.http.impl.execchain.RetryExec - I/O exception (org.apache.http.NoHttpResponseException) caught when processing request to {}->http://localhost:8080: The target server failed to respond
02:36:07.698 [Test worker] INFO  org.apache.http.impl.execchain.RetryExec - Retrying request to {}->http://localhost:8080
02:36:07.794 [Test worker] INFO  org.apache.http.impl.execchain.RetryExec - I/O exception (org.apache.http.NoHttpResponseException) caught when processing request to {}->http://localhost:8080: The target server failed to respond
02:36:07.795 [Test worker] INFO  org.apache.http.impl.execchain.RetryExec - Retrying request to {}->http://localhost:8080
]]></system-out>
  <system-err><![CDATA[]]></system-err>
</testsuite>
