<?xml version="1.0" encoding="UTF-8"?>
<testsuite name="org.jabref.gui.groups.GroupTreeViewModelTest" tests="1" skipped="0" failures="0" errors="0" timestamp="2017-06-25T05:34:54" hostname="jessicadias-VPCEH40EB" time="0.131">
  <properties/>
  <testcase name="rootGroupIsAllEntriesByDefault" classname="org.jabref.gui.groups.GroupTreeViewModelTest" time="0.131"/>
  <system-out><![CDATA[]]></system-out>
  <system-err><![CDATA[]]></system-err>
</testsuite>
