<?xml version="1.0" encoding="UTF-8"?>
<testsuite name="org.jabref.logic.importer.BibDatabaseTestsWithFiles" tests="1" skipped="0" failures="0" errors="0" timestamp="2017-06-25T05:36:28" hostname="jessicadias-VPCEH40EB" time="0.014">
  <properties/>
  <testcase name="resolveStrings" classname="org.jabref.logic.importer.BibDatabaseTestsWithFiles" time="0.014"/>
  <system-out><![CDATA[]]></system-out>
  <system-err><![CDATA[]]></system-err>
</testsuite>
