<?xml version="1.0" encoding="UTF-8"?>
<testsuite name="org.jabref.logic.bst.BibtexNameFormatterTest" tests="4" skipped="0" failures="0" errors="0" timestamp="2017-06-23T03:38:05" hostname="jessicadias-VPCEH40EB" time="0.006">
  <properties/>
  <testcase name="testConsumeToMatchingBrace" classname="org.jabref.logic.bst.BibtexNameFormatterTest" time="0.0"/>
  <testcase name="testFormatName" classname="org.jabref.logic.bst.BibtexNameFormatterTest" time="0.005"/>
  <testcase name="testGetFirstCharOfString" classname="org.jabref.logic.bst.BibtexNameFormatterTest" time="0.0"/>
  <testcase name="testNumberOfChars" classname="org.jabref.logic.bst.BibtexNameFormatterTest" time="0.001"/>
  <system-out><![CDATA[]]></system-out>
  <system-err><![CDATA[]]></system-err>
</testsuite>
