<?xml version="1.0" encoding="UTF-8"?>
<testsuite name="org.jabref.logic.importer.fileformat.PdfContentImporterTestFiles" tests="2" skipped="0" failures="0" errors="0" timestamp="2017-06-20T11:37:20" hostname="auri-inspiron" time="7.2">
  <properties/>
  <testcase name="correctContent[0: LNCS-minimal]" classname="org.jabref.logic.importer.fileformat.PdfContentImporterTestFiles" time="5.683"/>
  <testcase name="correctContent[1: LNCS-minimal-protected]" classname="org.jabref.logic.importer.fileformat.PdfContentImporterTestFiles" time="1.517"/>
  <system-out><![CDATA[]]></system-out>
  <system-err><![CDATA[]]></system-err>
</testsuite>
