<?xml version="1.0" encoding="UTF-8"?>
<testsuite name="org.jabref.logic.autosaveandbackup.BackupManagerTest" tests="1" skipped="0" failures="0" errors="0" timestamp="2017-06-20T11:38:17" hostname="auri-inspiron" time="0.023">
  <properties/>
  <testcase name="backupFileNameIsCorrectlyGeneratedWithinTmpDirectory" classname="org.jabref.logic.autosaveandbackup.BackupManagerTest" time="0.023"/>
  <system-out><![CDATA[]]></system-out>
  <system-err><![CDATA[]]></system-err>
</testsuite>
