<?xml version="1.0" encoding="UTF-8"?>
<testsuite name="org.jabref.logic.citationstyle.CitationStyleTest" tests="2" skipped="0" failures="0" errors="0" timestamp="2017-06-23T03:40:55" hostname="jessicadias-VPCEH40EB" time="0.379">
  <properties/>
  <testcase name="getDefault" classname="org.jabref.logic.citationstyle.CitationStyleTest" time="0.003"/>
  <testcase name="testDefaultCitation" classname="org.jabref.logic.citationstyle.CitationStyleTest" time="0.375"/>
  <system-out><![CDATA[]]></system-out>
  <system-err><![CDATA[]]></system-err>
</testsuite>
