<?xml version="1.0" encoding="UTF-8"?>
<testsuite name="org.jabref.gui.keyboard.KeyBindingsDialogViewModelTest" tests="8" skipped="0" failures="0" errors="0" timestamp="2017-06-23T03:36:51" hostname="jessicadias-VPCEH40EB" time="0.927">
  <properties/>
  <testcase name="testRandomNewKeyKeyBindingInRepository" classname="org.jabref.gui.keyboard.KeyBindingsDialogViewModelTest" time="0.887"/>
  <testcase name="testSaveNewKeyBindingsToPreferences" classname="org.jabref.gui.keyboard.KeyBindingsDialogViewModelTest" time="0.007"/>
  <testcase name="testSetAllKeyBindingsToDefault" classname="org.jabref.gui.keyboard.KeyBindingsDialogViewModelTest" time="0.007"/>
  <testcase name="testSpecialKeysValidKeyBindingIsSaved" classname="org.jabref.gui.keyboard.KeyBindingsDialogViewModelTest" time="0.006"/>
  <testcase name="testInvalidKeyBindingIsNotSaved" classname="org.jabref.gui.keyboard.KeyBindingsDialogViewModelTest" time="0.005"/>
  <testcase name="testKeyBindingCategory" classname="org.jabref.gui.keyboard.KeyBindingsDialogViewModelTest" time="0.003"/>
  <testcase name="testSaveNewSpecialKeysKeyBindingsToPreferences" classname="org.jabref.gui.keyboard.KeyBindingsDialogViewModelTest" time="0.004"/>
  <testcase name="testSetSingleKeyBindingToDefault" classname="org.jabref.gui.keyboard.KeyBindingsDialogViewModelTest" time="0.006"/>
  <system-out><![CDATA[]]></system-out>
  <system-err><![CDATA[]]></system-err>
</testsuite>
