<?xml version="1.0" encoding="UTF-8"?>
<testsuite name="org.jabref.logic.layout.format.CompositeFormatTest" tests="3" skipped="0" failures="0" errors="0" timestamp="2017-06-20T11:35:42" hostname="auri-inspiron" time="0.004">
  <properties/>
  <testcase name="testEmptyComposite" classname="org.jabref.logic.layout.format.CompositeFormatTest" time="0.0"/>
  <testcase name="testArrayComposite" classname="org.jabref.logic.layout.format.CompositeFormatTest" time="0.001"/>
  <testcase name="testDoubleComposite" classname="org.jabref.logic.layout.format.CompositeFormatTest" time="0.002"/>
  <system-out><![CDATA[]]></system-out>
  <system-err><![CDATA[]]></system-err>
</testsuite>
