<?xml version="1.0" encoding="UTF-8"?>
<testsuite name="org.jabref.gui.fieldeditors.IdentifierEditorViewModelTest" tests="1" skipped="0" failures="0" errors="0" timestamp="2017-06-23T03:36:52" hostname="jessicadias-VPCEH40EB" time="0.005">
  <properties/>
  <testcase name="validIdentifierIsNotPresentIsTrueForEmptyText" classname="org.jabref.gui.fieldeditors.IdentifierEditorViewModelTest" time="0.005"/>
  <system-out><![CDATA[]]></system-out>
  <system-err><![CDATA[]]></system-err>
</testsuite>
