<?xml version="1.0" encoding="UTF-8"?>
<testsuite name="org.jabref.logic.l10n.LocalizationKeyParamsTest" tests="2" skipped="0" failures="0" errors="0" timestamp="2017-06-25T05:35:25" hostname="jessicadias-VPCEH40EB" time="0.0">
  <properties/>
  <testcase name="testReplacePlaceholders" classname="org.jabref.logic.l10n.LocalizationKeyParamsTest" time="0.0"/>
  <testcase name="testTooManyParams" classname="org.jabref.logic.l10n.LocalizationKeyParamsTest" time="0.0"/>
  <system-out><![CDATA[]]></system-out>
  <system-err><![CDATA[]]></system-err>
</testsuite>
