<?xml version="1.0" encoding="UTF-8"?>
<testsuite name="org.jabref.logic.exporter.HtmlExportFormatTest" tests="1" skipped="0" failures="0" errors="0" timestamp="2017-06-23T03:41:04" hostname="jessicadias-VPCEH40EB" time="0.089">
  <properties/>
  <testcase name="emitWellFormedHtml" classname="org.jabref.logic.exporter.HtmlExportFormatTest" time="0.089"/>
  <system-out><![CDATA[]]></system-out>
  <system-err><![CDATA[]]></system-err>
</testsuite>
