<?xml version="1.0" encoding="UTF-8"?>
<testsuite name="org.jabref.logic.importer.fileformat.BiblioscapeImporterTestTypes" tests="9" skipped="0" failures="0" errors="0" timestamp="2017-06-23T03:38:30" hostname="jessicadias-VPCEH40EB" time="0.011">
  <properties/>
  <testcase name="importConvertsToCorrectBibType[0]" classname="org.jabref.logic.importer.fileformat.BiblioscapeImporterTestTypes" time="0.003"/>
  <testcase name="importConvertsToCorrectBibType[1]" classname="org.jabref.logic.importer.fileformat.BiblioscapeImporterTestTypes" time="0.002"/>
  <testcase name="importConvertsToCorrectBibType[2]" classname="org.jabref.logic.importer.fileformat.BiblioscapeImporterTestTypes" time="0.0"/>
  <testcase name="importConvertsToCorrectBibType[3]" classname="org.jabref.logic.importer.fileformat.BiblioscapeImporterTestTypes" time="0.0"/>
  <testcase name="importConvertsToCorrectBibType[4]" classname="org.jabref.logic.importer.fileformat.BiblioscapeImporterTestTypes" time="0.001"/>
  <testcase name="importConvertsToCorrectBibType[5]" classname="org.jabref.logic.importer.fileformat.BiblioscapeImporterTestTypes" time="0.0"/>
  <testcase name="importConvertsToCorrectBibType[6]" classname="org.jabref.logic.importer.fileformat.BiblioscapeImporterTestTypes" time="0.002"/>
  <testcase name="importConvertsToCorrectBibType[7]" classname="org.jabref.logic.importer.fileformat.BiblioscapeImporterTestTypes" time="0.001"/>
  <testcase name="importConvertsToCorrectBibType[8]" classname="org.jabref.logic.importer.fileformat.BiblioscapeImporterTestTypes" time="0.0"/>
  <system-out><![CDATA[]]></system-out>
  <system-err><![CDATA[]]></system-err>
</testsuite>
