<?xml version="1.0" encoding="UTF-8"?>
<testsuite name="org.jabref.logic.formatter.bibtexfields.EscapeUnderscoresFormatterTest" tests="3" skipped="0" failures="0" errors="0" timestamp="2017-06-25T05:35:28" hostname="jessicadias-VPCEH40EB" time="0.001">
  <properties/>
  <testcase name="formatReturnsSameTextIfNoUnderscoresPresent" classname="org.jabref.logic.formatter.bibtexfields.EscapeUnderscoresFormatterTest" time="0.001"/>
  <testcase name="formatEscapesUnderscoresIfPresent" classname="org.jabref.logic.formatter.bibtexfields.EscapeUnderscoresFormatterTest" time="0.0"/>
  <testcase name="formatExample" classname="org.jabref.logic.formatter.bibtexfields.EscapeUnderscoresFormatterTest" time="0.0"/>
  <system-out><![CDATA[]]></system-out>
  <system-err><![CDATA[]]></system-err>
</testsuite>
