<?xml version="1.0" encoding="UTF-8"?>
<testsuite name="org.jabref.logic.bibtex.LatexFieldFormatterTests" tests="11" skipped="0" failures="0" errors="0" timestamp="2017-06-20T11:35:42" hostname="auri-inspiron" time="0.076">
  <properties/>
  <testcase name="hashEnclosedWordsGetRealStringsInMonthFieldBecauseMonthIsStandardField" classname="org.jabref.logic.bibtex.LatexFieldFormatterTests" time="0.069"/>
  <testcase name="reportUnbalancedBracingWithEscapedBraces" classname="org.jabref.logic.bibtex.LatexFieldFormatterTests" time="0.001"/>
  <testcase name="preserveNewlineInAbstractField" classname="org.jabref.logic.bibtex.LatexFieldFormatterTests" time="0.001"/>
  <testcase name="tolerateEscapeCharacters" classname="org.jabref.logic.bibtex.LatexFieldFormatterTests" time="0.0"/>
  <testcase name="preserveNewlineInReviewField" classname="org.jabref.logic.bibtex.LatexFieldFormatterTests" time="0.001"/>
  <testcase name="reportUnbalancedBracing" classname="org.jabref.logic.bibtex.LatexFieldFormatterTests" time="0.001"/>
  <testcase name="tolerateBalancedBrace" classname="org.jabref.logic.bibtex.LatexFieldFormatterTests" time="0.0"/>
  <testcase name="hashEnclosedWordsGetRealStringsInMonthField" classname="org.jabref.logic.bibtex.LatexFieldFormatterTests" time="0.001"/>
  <testcase name="preserveMultipleNewlinesInAbstractField" classname="org.jabref.logic.bibtex.LatexFieldFormatterTests" time="0.001"/>
  <testcase name="removeWhitespaceFromNonMultiLineFields" classname="org.jabref.logic.bibtex.LatexFieldFormatterTests" time="0.0"/>
  <testcase name="normalizeNewlineInAbstractField" classname="org.jabref.logic.bibtex.LatexFieldFormatterTests" time="0.001"/>
  <system-out><![CDATA[]]></system-out>
  <system-err><![CDATA[]]></system-err>
</testsuite>
