<?xml version="1.0" encoding="UTF-8"?>
<testsuite name="org.jabref.model.entry.BibtexStringTest" tests="2" skipped="0" failures="0" errors="0" timestamp="2017-06-23T03:37:24" hostname="jessicadias-VPCEH40EB" time="0.004">
  <properties/>
  <testcase name="test" classname="org.jabref.model.entry.BibtexStringTest" time="0.003"/>
  <testcase name="getContentNeverReturnsNull" classname="org.jabref.model.entry.BibtexStringTest" time="0.001"/>
  <system-out><![CDATA[]]></system-out>
  <system-err><![CDATA[]]></system-err>
</testsuite>
