<?xml version="1.0" encoding="UTF-8"?>
<testsuite name="org.jabref.logic.importer.ParsedBibEntryTests" tests="1" skipped="0" failures="0" errors="0" timestamp="2017-06-20T11:36:06" hostname="auri-inspiron" time="0.249">
  <properties/>
  <testcase name="testGetPublicationDate" classname="org.jabref.logic.importer.ParsedBibEntryTests" time="0.249"/>
  <system-out><![CDATA[]]></system-out>
  <system-err><![CDATA[]]></system-err>
</testsuite>
