<?xml version="1.0" encoding="UTF-8"?>
<testsuite name="org.jabref.logic.journals.ShippedJournalAbbreviationDuplicateTest" tests="2" skipped="0" failures="0" errors="0" timestamp="2017-06-23T03:40:06" hostname="jessicadias-VPCEH40EB" time="21.032">
  <properties/>
  <testcase name="noDuplicatesInShippedIEEEStandardJournalAbbreviations" classname="org.jabref.logic.journals.ShippedJournalAbbreviationDuplicateTest" time="8.732"/>
  <testcase name="noDuplicatesInShippedIEEEOfficialJournalAbbreviations" classname="org.jabref.logic.journals.ShippedJournalAbbreviationDuplicateTest" time="12.3"/>
  <system-out><![CDATA[]]></system-out>
  <system-err><![CDATA[]]></system-err>
</testsuite>
