<?xml version="1.0" encoding="UTF-8"?>
<testsuite name="org.jabref.gui.journals.ManageJournalAbbreviationsViewModelTest" tests="24" skipped="0" failures="0" errors="0" timestamp="2017-06-20T11:38:41" hostname="auri-inspiron" time="16.685">
  <properties/>
  <testcase name="testOpenDuplicatedFileResultsInAnException" classname="org.jabref.gui.journals.ManageJournalAbbreviationsViewModelTest" time="0.032"/>
  <testcase name="testInitialHasNoFilesAndNoAbbreviations" classname="org.jabref.gui.journals.ManageJournalAbbreviationsViewModelTest" time="0.002"/>
  <testcase name="testOpenValidFileContainsTheSpecificEntryAndEnoughAbbreviations" classname="org.jabref.gui.journals.ManageJournalAbbreviationsViewModelTest" time="0.002"/>
  <testcase name="testSaveExternalFilesListToPreferences" classname="org.jabref.gui.journals.ManageJournalAbbreviationsViewModelTest" time="0.006"/>
  <testcase name="testAddDuplicatedAbbreviationResultsInException" classname="org.jabref.gui.journals.ManageJournalAbbreviationsViewModelTest" time="0.002"/>
  <testcase name="testMixedFileUsage" classname="org.jabref.gui.journals.ManageJournalAbbreviationsViewModelTest" time="0.003"/>
  <testcase name="testInitialWithSavedFilesIncrementsFilesCounter" classname="org.jabref.gui.journals.ManageJournalAbbreviationsViewModelTest" time="0.003"/>
  <testcase name="testRemoveLastListSetsCurrentFileAndCurrentAbbreviationToNull" classname="org.jabref.gui.journals.ManageJournalAbbreviationsViewModelTest" time="0.001"/>
  <testcase name="testSaveAbbreviationsToFilesCreatesNewFilesWithWrittenAbbreviations" classname="org.jabref.gui.journals.ManageJournalAbbreviationsViewModelTest" time="0.042"/>
  <testcase name="testDeleteAbbreviationSelectsNextOne" classname="org.jabref.gui.journals.ManageJournalAbbreviationsViewModelTest" time="0.003"/>
  <testcase name="testEditAbbreviationToEmptyNameResultsInException" classname="org.jabref.gui.journals.ManageJournalAbbreviationsViewModelTest" time="0.002"/>
  <testcase name="testSelectLastJournalFileSwitchesFilesAndTheirAbbreviations" classname="org.jabref.gui.journals.ManageJournalAbbreviationsViewModelTest" time="0.001"/>
  <testcase name="testEditAbbreviationToEmptyAbbreviationResultsInException" classname="org.jabref.gui.journals.ManageJournalAbbreviationsViewModelTest" time="0.001"/>
  <testcase name="testEditAbbreviationToExistingOneResultsInException" classname="org.jabref.gui.journals.ManageJournalAbbreviationsViewModelTest" time="0.002"/>
  <testcase name="testcurrentFilePropertyChangeActiveFile" classname="org.jabref.gui.journals.ManageJournalAbbreviationsViewModelTest" time="0.003"/>
  <testcase name="testEditAbbreviationIncludesNewAbbreviationInAbbreviationsList" classname="org.jabref.gui.journals.ManageJournalAbbreviationsViewModelTest" time="0.003"/>
  <testcase name="testRemoveDuplicatesWhenReadingFiles" classname="org.jabref.gui.journals.ManageJournalAbbreviationsViewModelTest" time="0.003"/>
  <testcase name="testEditSameAbbreviationWithNoChangeDoesNotResultInException" classname="org.jabref.gui.journals.ManageJournalAbbreviationsViewModelTest" time="0.002"/>
  <testcase name="testDeleteAbbreviationSelectsPreviousOne" classname="org.jabref.gui.journals.ManageJournalAbbreviationsViewModelTest" time="0.002"/>
  <testcase name="testBuiltInListsStandardIEEEIncludesAllBuiltIEEEAbbreviations" classname="org.jabref.gui.journals.ManageJournalAbbreviationsViewModelTest" time="6.135"/>
  <testcase name="addDuplicatedFileResultsInErrorDialog" classname="org.jabref.gui.journals.ManageJournalAbbreviationsViewModelTest" time="0.003"/>
  <testcase name="addFileIncreasesCounterOfOpenFilesAndHasNoAbbreviations" classname="org.jabref.gui.journals.ManageJournalAbbreviationsViewModelTest" time="0.001"/>
  <testcase name="testAddAbbreviationIncludesAbbreviationsInAbbreviationList" classname="org.jabref.gui.journals.ManageJournalAbbreviationsViewModelTest" time="0.002"/>
  <testcase name="testBuiltInListsIncludeAllBuiltInAbbreviations" classname="org.jabref.gui.journals.ManageJournalAbbreviationsViewModelTest" time="10.427"/>
  <system-out><![CDATA[]]></system-out>
  <system-err><![CDATA[]]></system-err>
</testsuite>
