<?xml version="1.0" encoding="UTF-8"?>
<testsuite name="org.jabref.logic.search.GrammarBasedSearchRuleDescriberTest" tests="2" skipped="0" failures="0" errors="0" timestamp="2017-06-20T11:37:29" hostname="auri-inspiron" time="0.006">
  <properties/>
  <testcase name="testSimpleQuery" classname="org.jabref.logic.search.GrammarBasedSearchRuleDescriberTest" time="0.001"/>
  <testcase name="testComplexQuery" classname="org.jabref.logic.search.GrammarBasedSearchRuleDescriberTest" time="0.005"/>
  <system-out><![CDATA[]]></system-out>
  <system-err><![CDATA[]]></system-err>
</testsuite>
