<?xml version="1.0" encoding="UTF-8"?>
<testsuite name="org.jabref.cli.AuxCommandLineTest" tests="1" skipped="0" failures="0" errors="0" timestamp="2017-06-23T03:36:41" hostname="jessicadias-VPCEH40EB" time="2.969">
  <properties/>
  <testcase name="test" classname="org.jabref.cli.AuxCommandLineTest" time="2.969"/>
  <system-out><![CDATA[keys in library 3
found in AUX file 2
resolved 2
not found 0
crossreferenced entries included 0strings included 0

]]></system-out>
  <system-err><![CDATA[]]></system-err>
</testsuite>
