<?xml version="1.0" encoding="UTF-8"?>
<testsuite name="org.jabref.logic.layout.format.AuthorAndToSemicolonReplacerTest" tests="5" skipped="0" failures="0" errors="0" timestamp="2017-06-20T11:35:42" hostname="auri-inspiron" time="0.001">
  <properties/>
  <testcase name="testFormat[0: format(&quot;&quot;)=&quot;&quot;]" classname="org.jabref.logic.layout.format.AuthorAndToSemicolonReplacerTest" time="0.001"/>
  <testcase name="testFormat[1: format(&quot;Someone, Van Something&quot;)=&quot;Someone, Van Something&quot;]" classname="org.jabref.logic.layout.format.AuthorAndToSemicolonReplacerTest" time="0.0"/>
  <testcase name="testFormat[2: format(&quot;John Smith and Black Brown, Peter&quot;)=&quot;John Smith; Black Brown, Peter&quot;]" classname="org.jabref.logic.layout.format.AuthorAndToSemicolonReplacerTest" time="0.0"/>
  <testcase name="testFormat[3: format(&quot;von Neumann, John and Smith, John and Black Brown, Peter&quot;)=&quot;von Neumann, John; Smith, John; Black Brown, Peter&quot;]" classname="org.jabref.logic.layout.format.AuthorAndToSemicolonReplacerTest" time="0.0"/>
  <testcase name="testFormat[4: format(&quot;John von Neumann and John Smith and Peter Black Brown&quot;)=&quot;John von Neumann; John Smith; Peter Black Brown&quot;]" classname="org.jabref.logic.layout.format.AuthorAndToSemicolonReplacerTest" time="0.0"/>
  <system-out><![CDATA[]]></system-out>
  <system-err><![CDATA[]]></system-err>
</testsuite>
