<?xml version="1.0" encoding="UTF-8"?>
<testsuite name="org.jabref.logic.layout.LayoutTest" tests="6" skipped="0" failures="0" errors="0" timestamp="2017-06-20T11:35:41" hostname="auri-inspiron" time="0.272">
  <properties/>
  <testcase name="testHTMLCharDoubleLineBreak" classname="org.jabref.logic.layout.LayoutTest" time="0.109"/>
  <testcase name="testWrapFileLinksLayout" classname="org.jabref.logic.layout.LayoutTest" time="0.134"/>
  <testcase name="testHTMLChar" classname="org.jabref.logic.layout.LayoutTest" time="0.005"/>
  <testcase name="testPluginLoading" classname="org.jabref.logic.layout.LayoutTest" time="0.004"/>
  <testcase name="testLayout" classname="org.jabref.logic.layout.LayoutTest" time="0.004"/>
  <testcase name="testLayoutBibtextype" classname="org.jabref.logic.layout.LayoutTest" time="0.016"/>
  <system-out><![CDATA[]]></system-out>
  <system-err><![CDATA[]]></system-err>
</testsuite>
