<?xml version="1.0" encoding="UTF-8"?>
<testsuite name="org.jabref.logic.layout.format.EntryTypeFormatterTest" tests="3" skipped="0" failures="0" errors="0" timestamp="2017-06-20T11:35:42" hostname="auri-inspiron" time="0.001">
  <properties/>
  <testcase name="testCorrectFormatInBook" classname="org.jabref.logic.layout.format.EntryTypeFormatterTest" time="0.001"/>
  <testcase name="testIncorrectTypeAarticle" classname="org.jabref.logic.layout.format.EntryTypeFormatterTest" time="0.0"/>
  <testcase name="testCorrectFormatArticle" classname="org.jabref.logic.layout.format.EntryTypeFormatterTest" time="0.0"/>
  <system-out><![CDATA[]]></system-out>
  <system-err><![CDATA[]]></system-err>
</testsuite>
