<?xml version="1.0" encoding="UTF-8"?>
<testsuite name="org.jabref.logic.importer.fileformat.FreeCiteImporterTest" tests="4" skipped="0" failures="0" errors="0" timestamp="2017-06-23T03:38:29" hostname="jessicadias-VPCEH40EB" time="0.526">
  <properties/>
  <testcase name="freeCiteReturnsSomething" classname="org.jabref.logic.importer.fileformat.FreeCiteImporterTest" time="0.524"/>
  <testcase name="testsGetExtensions" classname="org.jabref.logic.importer.fileformat.FreeCiteImporterTest" time="0.001"/>
  <testcase name="testGetDescription" classname="org.jabref.logic.importer.fileformat.FreeCiteImporterTest" time="0.0"/>
  <testcase name="testGetFormatName" classname="org.jabref.logic.importer.fileformat.FreeCiteImporterTest" time="0.0"/>
  <system-out><![CDATA[]]></system-out>
  <system-err><![CDATA[]]></system-err>
</testsuite>
