<?xml version="1.0" encoding="UTF-8"?>
<testsuite name="org.jabref.SearchQueryHighlightListenerTest" tests="1" skipped="0" failures="0" errors="0" timestamp="2017-06-25T05:35:23" hostname="jessicadias-VPCEH40EB" time="0.0">
  <properties/>
  <testcase name="dummyTest" classname="org.jabref.SearchQueryHighlightListenerTest" time="0.0"/>
  <system-out><![CDATA[]]></system-out>
  <system-err><![CDATA[]]></system-err>
</testsuite>
