<?xml version="1.0" encoding="UTF-8"?>
<testsuite name="org.jabref.gui.groups.GroupNodeViewModelTest" tests="8" skipped="0" failures="0" errors="0" timestamp="2017-06-20T11:38:59" hostname="auri-inspiron" time="0.811">
  <properties/>
  <testcase name="draggedOnTopOfGroupAddsBeforeIt" classname="org.jabref.gui.groups.GroupNodeViewModelTest" time="0.223"/>
  <testcase name="treeOfAutomaticKeywordGroupIsCombined" classname="org.jabref.gui.groups.GroupNodeViewModelTest" time="0.465"/>
  <testcase name="alwaysMatchedByEmptySearchString" classname="org.jabref.gui.groups.GroupNodeViewModelTest" time="0.001"/>
  <testcase name="draggedOnBottomOfGroupAddsAfterItWhenSourceGroupWasBefore" classname="org.jabref.gui.groups.GroupNodeViewModelTest" time="0.003"/>
  <testcase name="draggedOnBottomOfGroupAddsAfterIt" classname="org.jabref.gui.groups.GroupNodeViewModelTest" time="0.004"/>
  <testcase name="isMatchedIfContainsPartOfSearchString" classname="org.jabref.gui.groups.GroupNodeViewModelTest" time="0.109"/>
  <testcase name="getDisplayNameConvertsLatexToUnicode" classname="org.jabref.gui.groups.GroupNodeViewModelTest" time="0.002"/>
  <testcase name="draggedOnTopOfGroupAddsBeforeItWhenSourceGroupWasBefore" classname="org.jabref.gui.groups.GroupNodeViewModelTest" time="0.004"/>
  <system-out><![CDATA[]]></system-out>
  <system-err><![CDATA[]]></system-err>
</testsuite>
