<?xml version="1.0" encoding="UTF-8"?>
<testsuite name="org.jabref.cleanup.CleanupActionsListModelTest" tests="5" skipped="0" failures="0" errors="0" timestamp="2017-06-20T11:38:36" hostname="auri-inspiron" time="0.048">
  <properties/>
  <testcase name="removedAtIndexMinus1DoesNothing" classname="org.jabref.cleanup.CleanupActionsListModelTest" time="0.027"/>
  <testcase name="removedAtIndexOkay" classname="org.jabref.cleanup.CleanupActionsListModelTest" time="0.0"/>
  <testcase name="removedAtIndexgreaterListSizeDoesNothing" classname="org.jabref.cleanup.CleanupActionsListModelTest" time="0.0"/>
  <testcase name="resetFiresItemsChanged" classname="org.jabref.cleanup.CleanupActionsListModelTest" time="0.02"/>
  <testcase name="resetSetsFormattersToPassedList" classname="org.jabref.cleanup.CleanupActionsListModelTest" time="0.001"/>
  <system-out><![CDATA[]]></system-out>
  <system-err><![CDATA[]]></system-err>
</testsuite>
