<?xml version="1.0" encoding="UTF-8"?>
<testsuite name="org.jabref.logic.importer.fileformat.CopacImporterTest" tests="4" skipped="0" failures="0" errors="0" timestamp="2017-06-25T05:36:10" hostname="jessicadias-VPCEH40EB" time="0.151">
  <properties/>
  <testcase name="testImportEmptyEntries" classname="org.jabref.logic.importer.fileformat.CopacImporterTest" time="0.001"/>
  <testcase name="testsGetExtensions" classname="org.jabref.logic.importer.fileformat.CopacImporterTest" time="0.0"/>
  <testcase name="testGetDescription" classname="org.jabref.logic.importer.fileformat.CopacImporterTest" time="0.001"/>
  <testcase name="testIsNotRecognizedFormat" classname="org.jabref.logic.importer.fileformat.CopacImporterTest" time="0.149"/>
  <system-out><![CDATA[]]></system-out>
  <system-err><![CDATA[]]></system-err>
</testsuite>
