<?xml version="1.0" encoding="UTF-8"?>
<testsuite name="org.jabref.logic.l10n.EncodingsTest" tests="4" skipped="0" failures="0" errors="0" timestamp="2017-06-20T11:35:18" hostname="auri-inspiron" time="0.437">
  <properties/>
  <testcase name="charsetsShouldNotBeEmpty" classname="org.jabref.logic.l10n.EncodingsTest" time="0.436"/>
  <testcase name="charsetsShouldNotBeNull" classname="org.jabref.logic.l10n.EncodingsTest" time="0.0"/>
  <testcase name="displayNamesShouldNotBeNull" classname="org.jabref.logic.l10n.EncodingsTest" time="0.0"/>
  <testcase name="displayNamesShouldNotBeEmpty" classname="org.jabref.logic.l10n.EncodingsTest" time="0.0"/>
  <system-out><![CDATA[]]></system-out>
  <system-err><![CDATA[]]></system-err>
</testsuite>
