<?xml version="1.0" encoding="UTF-8"?>
<testsuite name="org.jabref.logic.layout.format.DateFormatterTest" tests="2" skipped="0" failures="0" errors="0" timestamp="2017-06-20T11:35:42" hostname="auri-inspiron" time="0.04">
  <properties/>
  <testcase name="testDefaultFormat" classname="org.jabref.logic.layout.format.DateFormatterTest" time="0.039"/>
  <testcase name="testRequestedFormat" classname="org.jabref.logic.layout.format.DateFormatterTest" time="0.0"/>
  <system-out><![CDATA[]]></system-out>
  <system-err><![CDATA[]]></system-err>
</testsuite>
