<?xml version="1.0" encoding="UTF-8"?>
<testsuite name="org.jabref.model.entry.BibEntryEqualityTest" tests="4" skipped="0" failures="0" errors="0" timestamp="2017-06-23T03:37:24" hostname="jessicadias-VPCEH40EB" time="0.001">
  <properties/>
  <testcase name="compareIsTrueWhenIdAndFieldsAreEqual" classname="org.jabref.model.entry.BibEntryEqualityTest" time="0.0"/>
  <testcase name="identicObjectsareEqual" classname="org.jabref.model.entry.BibEntryEqualityTest" time="0.0"/>
  <testcase name="compareToNullObjectIsFalse" classname="org.jabref.model.entry.BibEntryEqualityTest" time="0.0"/>
  <testcase name="compareToDifferentClassIsFalse" classname="org.jabref.model.entry.BibEntryEqualityTest" time="0.001"/>
  <system-out><![CDATA[]]></system-out>
  <system-err><![CDATA[]]></system-err>
</testsuite>
