<?xml version="1.0" encoding="UTF-8"?>
<testsuite name="org.jabref.logic.cleanup.MoveFilesCleanupTest" tests="3" skipped="0" failures="0" errors="0" timestamp="2017-06-20T11:38:17" hostname="auri-inspiron" time="0.041">
  <properties/>
  <testcase name="movesFileFromSubfolderMultiple" classname="org.jabref.logic.cleanup.MoveFilesCleanupTest" time="0.005"/>
  <testcase name="movesFileFromSubfolderWithFileDirPattern" classname="org.jabref.logic.cleanup.MoveFilesCleanupTest" time="0.034"/>
  <testcase name="movesFileFromSubfolder" classname="org.jabref.logic.cleanup.MoveFilesCleanupTest" time="0.001"/>
  <system-out><![CDATA[]]></system-out>
  <system-err><![CDATA[]]></system-err>
</testsuite>
