<?xml version="1.0" encoding="UTF-8"?>
<testsuite name="org.jabref.logic.layout.format.AuthorNatBibTest" tests="2" skipped="0" failures="0" errors="0" timestamp="2017-06-20T11:35:42" hostname="auri-inspiron" time="0.0">
  <properties/>
  <testcase name="testFormatThreeAuthors" classname="org.jabref.logic.layout.format.AuthorNatBibTest" time="0.0"/>
  <testcase name="testFormatTwoAuthors" classname="org.jabref.logic.layout.format.AuthorNatBibTest" time="0.0"/>
  <system-out><![CDATA[]]></system-out>
  <system-err><![CDATA[]]></system-err>
</testsuite>
