<?xml version="1.0" encoding="UTF-8"?>
<testsuite name="org.jabref.logic.util.FileExtensionsTest" tests="4" skipped="0" failures="0" errors="0" timestamp="2017-06-25T05:36:32" hostname="jessicadias-VPCEH40EB" time="0.001">
  <properties/>
  <testcase name="testMultiFileExtensionsDescription" classname="org.jabref.logic.util.FileExtensionsTest" time="0.0"/>
  <testcase name="testFirstExtensionWithDot" classname="org.jabref.logic.util.FileExtensionsTest" time="0.001"/>
  <testcase name="testSingleFileExtensionDescription" classname="org.jabref.logic.util.FileExtensionsTest" time="0.0"/>
  <testcase name="testExtensions" classname="org.jabref.logic.util.FileExtensionsTest" time="0.0"/>
  <system-out><![CDATA[]]></system-out>
  <system-err><![CDATA[]]></system-err>
</testsuite>
