<?xml version="1.0" encoding="UTF-8"?>
<testsuite name="org.jabref.gui.fieldeditors.HtmlTransferableTest" tests="4" skipped="0" failures="0" errors="0" timestamp="2017-06-20T11:38:41" hostname="auri-inspiron" time="0.027">
  <properties/>
  <testcase name="testAmpersandConversion" classname="org.jabref.gui.fieldeditors.HtmlTransferableTest" time="0.026"/>
  <testcase name="testSimpleDivConstruct" classname="org.jabref.gui.fieldeditors.HtmlTransferableTest" time="0.0"/>
  <testcase name="testGenerateMagicSpaces" classname="org.jabref.gui.fieldeditors.HtmlTransferableTest" time="0.001"/>
  <testcase name="testAdvancedDivConstruct" classname="org.jabref.gui.fieldeditors.HtmlTransferableTest" time="0.0"/>
  <system-out><![CDATA[]]></system-out>
  <system-err><![CDATA[]]></system-err>
</testsuite>
