<?xml version="1.0" encoding="UTF-8"?>
<testsuite name="org.jabref.logic.layout.format.LastPageTest" tests="6" skipped="0" failures="0" errors="0" timestamp="2017-06-23T03:39:05" hostname="jessicadias-VPCEH40EB" time="0.001">
  <properties/>
  <testcase name="testFinalCoverageCase" classname="org.jabref.logic.layout.format.LastPageTest" time="0.001"/>
  <testcase name="testFormatDoubleDash" classname="org.jabref.logic.layout.format.LastPageTest" time="0.0"/>
  <testcase name="testFormatSingleDash" classname="org.jabref.logic.layout.format.LastPageTest" time="0.0"/>
  <testcase name="testFormatSinglePage" classname="org.jabref.logic.layout.format.LastPageTest" time="0.0"/>
  <testcase name="testFormatNull" classname="org.jabref.logic.layout.format.LastPageTest" time="0.0"/>
  <testcase name="testFormatEmpty" classname="org.jabref.logic.layout.format.LastPageTest" time="0.0"/>
  <system-out><![CDATA[]]></system-out>
  <system-err><![CDATA[]]></system-err>
</testsuite>
