<?xml version="1.0" encoding="UTF-8"?>
<testsuite name="org.jabref.logic.citationstyle.CitationStyleGeneratorTest" tests="8" skipped="0" failures="0" errors="0" timestamp="2017-06-25T05:37:46" hostname="jessicadias-VPCEH40EB" time="15.128">
  <properties/>
  <testcase name="testIgnoreCarriageReturnNewLine" classname="org.jabref.logic.citationstyle.CitationStyleGeneratorTest" time="10.806"/>
  <testcase name="testXslFoFormat" classname="org.jabref.logic.citationstyle.CitationStyleGeneratorTest" time="1.195"/>
  <testcase name="testRtfFormat" classname="org.jabref.logic.citationstyle.CitationStyleGeneratorTest" time="0.794"/>
  <testcase name="testAsciiDocFormat" classname="org.jabref.logic.citationstyle.CitationStyleGeneratorTest" time="0.691"/>
  <testcase name="testIgnoreNewLine" classname="org.jabref.logic.citationstyle.CitationStyleGeneratorTest" time="0.594"/>
  <testcase name="testTextFormat" classname="org.jabref.logic.citationstyle.CitationStyleGeneratorTest" time="0.551"/>
  <testcase name="testMissingCitationStyle" classname="org.jabref.logic.citationstyle.CitationStyleGeneratorTest" time="0.009"/>
  <testcase name="testHtmlFormat" classname="org.jabref.logic.citationstyle.CitationStyleGeneratorTest" time="0.487"/>
  <system-out><![CDATA[02:38:00.901 [Test worker] ERROR org.jabref.logic.citationstyle.CitationStyleGenerator - Could not generate BibEntry citation
java.io.FileNotFoundException: Could not find style in classpath: /faulty citation style.csl
	at de.undercouch.citeproc.CSL.loadStyle(CSL.java:446) ~[citeproc-java-1.0.1.jar:?]
	at de.undercouch.citeproc.CSL.<init>(CSL.java:268) ~[citeproc-java-1.0.1.jar:?]
	at de.undercouch.citeproc.CSL.<init>(CSL.java:242) ~[citeproc-java-1.0.1.jar:?]
	at de.undercouch.citeproc.CSL.<init>(CSL.java:221) ~[citeproc-java-1.0.1.jar:?]
	at de.undercouch.citeproc.CSL.<init>(CSL.java:185) ~[citeproc-java-1.0.1.jar:?]
	at de.undercouch.citeproc.CSL.<init>(CSL.java:154) ~[citeproc-java-1.0.1.jar:?]
	at de.undercouch.citeproc.CSL.makeAdhocBibliography(CSL.java:848) ~[citeproc-java-1.0.1.jar:?]
	at org.jabref.logic.citationstyle.CitationStyleGenerator.generateCitations(CitationStyleGenerator.java:69) [main/:?]
	at org.jabref.logic.citationstyle.CitationStyleGenerator.generateCitation(CitationStyleGenerator.java:56) [main/:?]
	at org.jabref.logic.citationstyle.CitationStyleGenerator.generateCitation(CitationStyleGenerator.java:48) [main/:?]
	at org.jabref.logic.citationstyle.CitationStyleGeneratorTest.testMissingCitationStyle(CitationStyleGeneratorTest.java:43) [test/:?]
	at sun.reflect.NativeMethodAccessorImpl.invoke0(Native Method) ~[?:1.8.0_111]
	at sun.reflect.NativeMethodAccessorImpl.invoke(NativeMethodAccessorImpl.java:62) ~[?:1.8.0_111]
	at sun.reflect.DelegatingMethodAccessorImpl.invoke(DelegatingMethodAccessorImpl.java:43) ~[?:1.8.0_111]
	at java.lang.reflect.Method.invoke(Method.java:498) ~[?:1.8.0_111]
	at org.junit.runners.model.FrameworkMethod$1.runReflectiveCall(FrameworkMethod.java:50) [junit-4.12.jar:4.12]
	at org.junit.internal.runners.model.ReflectiveCallable.run(ReflectiveCallable.java:12) [junit-4.12.jar:4.12]
	at org.junit.runners.model.FrameworkMethod.invokeExplosively(FrameworkMethod.java:47) [junit-4.12.jar:4.12]
	at org.junit.internal.runners.statements.InvokeMethod.evaluate(InvokeMethod.java:17) [junit-4.12.jar:4.12]
	at org.junit.runners.ParentRunner.runLeaf(ParentRunner.java:325) [junit-4.12.jar:4.12]
	at org.junit.runners.BlockJUnit4ClassRunner.runChild(BlockJUnit4ClassRunner.java:78) [junit-4.12.jar:4.12]
	at org.junit.runners.BlockJUnit4ClassRunner.runChild(BlockJUnit4ClassRunner.java:57) [junit-4.12.jar:4.12]
	at org.junit.runners.ParentRunner$3.run(ParentRunner.java:290) [junit-4.12.jar:4.12]
	at org.junit.runners.ParentRunner$1.schedule(ParentRunner.java:71) [junit-4.12.jar:4.12]
	at org.junit.runners.ParentRunner.runChildren(ParentRunner.java:288) [junit-4.12.jar:4.12]
	at org.junit.runners.ParentRunner.access$000(ParentRunner.java:58) [junit-4.12.jar:4.12]
	at org.junit.runners.ParentRunner$2.evaluate(ParentRunner.java:268) [junit-4.12.jar:4.12]
	at org.junit.runners.ParentRunner.run(ParentRunner.java:363) [junit-4.12.jar:4.12]
	at org.gradle.api.internal.tasks.testing.junit.JUnitTestClassExecuter.runTestClass(JUnitTestClassExecuter.java:114) [gradle-testing-jvm-3.5.jar:3.5]
	at org.gradle.api.internal.tasks.testing.junit.JUnitTestClassExecuter.execute(JUnitTestClassExecuter.java:57) [gradle-testing-jvm-3.5.jar:3.5]
	at org.gradle.api.internal.tasks.testing.junit.JUnitTestClassProcessor.processTestClass(JUnitTestClassProcessor.java:66) [gradle-testing-jvm-3.5.jar:3.5]
	at org.gradle.api.internal.tasks.testing.SuiteTestClassProcessor.processTestClass(SuiteTestClassProcessor.java:51) [gradle-testing-base-3.5.jar:3.5]
	at sun.reflect.GeneratedMethodAccessor29.invoke(Unknown Source) ~[?:?]
	at sun.reflect.DelegatingMethodAccessorImpl.invoke(DelegatingMethodAccessorImpl.java:43) ~[?:1.8.0_111]
	at java.lang.reflect.Method.invoke(Method.java:498) ~[?:1.8.0_111]
	at org.gradle.internal.dispatch.ReflectionDispatch.dispatch(ReflectionDispatch.java:35) [gradle-messaging-3.5.jar:3.5]
	at org.gradle.internal.dispatch.ReflectionDispatch.dispatch(ReflectionDispatch.java:24) [gradle-messaging-3.5.jar:3.5]
	at org.gradle.internal.dispatch.ContextClassLoaderDispatch.dispatch(ContextClassLoaderDispatch.java:32) [gradle-messaging-3.5.jar:3.5]
	at org.gradle.internal.dispatch.ProxyDispatchAdapter$DispatchingInvocationHandler.invoke(ProxyDispatchAdapter.java:93) [gradle-messaging-3.5.jar:3.5]
	at com.sun.proxy.$Proxy2.processTestClass(Unknown Source) [?:?]
	at org.gradle.api.internal.tasks.testing.worker.TestWorker.processTestClass(TestWorker.java:109) [gradle-testing-base-3.5.jar:3.5]
	at sun.reflect.GeneratedMethodAccessor28.invoke(Unknown Source) ~[?:?]
	at sun.reflect.DelegatingMethodAccessorImpl.invoke(DelegatingMethodAccessorImpl.java:43) ~[?:1.8.0_111]
	at java.lang.reflect.Method.invoke(Method.java:498) ~[?:1.8.0_111]
	at org.gradle.internal.dispatch.ReflectionDispatch.dispatch(ReflectionDispatch.java:35) [gradle-messaging-3.5.jar:3.5]
	at org.gradle.internal.dispatch.ReflectionDispatch.dispatch(ReflectionDispatch.java:24) [gradle-messaging-3.5.jar:3.5]
	at org.gradle.internal.remote.internal.hub.MessageHubBackedObjectConnection$DispatchWrapper.dispatch(MessageHubBackedObjectConnection.java:147) [gradle-messaging-3.5.jar:3.5]
	at org.gradle.internal.remote.internal.hub.MessageHubBackedObjectConnection$DispatchWrapper.dispatch(MessageHubBackedObjectConnection.java:129) [gradle-messaging-3.5.jar:3.5]
	at org.gradle.internal.remote.internal.hub.MessageHub$Handler.run(MessageHub.java:404) [gradle-messaging-3.5.jar:3.5]
	at org.gradle.internal.concurrent.ExecutorPolicy$CatchAndRecordFailures.onExecute(ExecutorPolicy.java:63) [gradle-base-services-3.5.jar:3.5]
	at org.gradle.internal.concurrent.StoppableExecutorImpl$1.run(StoppableExecutorImpl.java:46) [gradle-base-services-3.5.jar:3.5]
	at java.util.concurrent.ThreadPoolExecutor.runWorker(ThreadPoolExecutor.java:1142) [?:1.8.0_111]
	at java.util.concurrent.ThreadPoolExecutor$Worker.run(ThreadPoolExecutor.java:617) [?:1.8.0_111]
	at java.lang.Thread.run(Thread.java:745) [?:1.8.0_111]
]]></system-out>
  <system-err><![CDATA[ANTLR Tool version 4.5.3 used for code generation does not match the current runtime version 4.7ANTLR Runtime version 4.5.3 used for parser compilation does not match the current runtime version 4.7ANTLR Tool version 4.5.3 used for code generation does not match the current runtime version 4.7ANTLR Runtime version 4.5.3 used for parser compilation does not match the current runtime version 4.7ANTLR Tool version 4.5.3 used for code generation does not match the current runtime version 4.7ANTLR Runtime version 4.5.3 used for parser compilation does not match the current runtime version 4.7ANTLR Tool version 4.5.3 used for code generation does not match the current runtime version 4.7ANTLR Runtime version 4.5.3 used for parser compilation does not match the current runtime version 4.7]]></system-err>
</testsuite>
