<?xml version="1.0" encoding="UTF-8"?>
<testsuite name="org.jabref.logic.bst.TextPrefixFunctionTest" tests="1" skipped="0" failures="0" errors="0" timestamp="2017-06-25T05:35:51" hostname="jessicadias-VPCEH40EB" time="0.008">
  <properties/>
  <testcase name="testPrefix" classname="org.jabref.logic.bst.TextPrefixFunctionTest" time="0.008"/>
  <system-out><![CDATA[]]></system-out>
  <system-err><![CDATA[]]></system-err>
</testsuite>
