<?xml version="1.0" encoding="UTF-8"?>
<testsuite name="org.jabref.model.entry.IEEETranEntryTypesTest" tests="1" skipped="0" failures="0" errors="0" timestamp="2017-06-23T03:37:24" hostname="jessicadias-VPCEH40EB" time="0.013">
  <properties/>
  <testcase name="ctlTypeContainsYesNoFields" classname="org.jabref.model.entry.IEEETranEntryTypesTest" time="0.013"/>
  <system-out><![CDATA[]]></system-out>
  <system-err><![CDATA[]]></system-err>
</testsuite>
