<?xml version="1.0" encoding="UTF-8"?>
<testsuite name="org.jabref.model.entry.IEEETranEntryTypesTest" tests="1" skipped="0" failures="0" errors="0" timestamp="2017-06-25T05:35:22" hostname="jessicadias-VPCEH40EB" time="0.002">
  <properties/>
  <testcase name="ctlTypeContainsYesNoFields" classname="org.jabref.model.entry.IEEETranEntryTypesTest" time="0.002"/>
  <system-out><![CDATA[]]></system-out>
  <system-err><![CDATA[]]></system-err>
</testsuite>
