<?xml version="1.0" encoding="UTF-8"?>
<testsuite name="org.jabref.logic.cleanup.MoveFilesCleanupTest" tests="3" skipped="0" failures="0" errors="0" timestamp="2017-06-25T05:36:07" hostname="jessicadias-VPCEH40EB" time="0.012">
  <properties/>
  <testcase name="movesFileFromSubfolderMultiple" classname="org.jabref.logic.cleanup.MoveFilesCleanupTest" time="0.005"/>
  <testcase name="movesFileFromSubfolderWithFileDirPattern" classname="org.jabref.logic.cleanup.MoveFilesCleanupTest" time="0.004"/>
  <testcase name="movesFileFromSubfolder" classname="org.jabref.logic.cleanup.MoveFilesCleanupTest" time="0.003"/>
  <system-out><![CDATA[]]></system-out>
  <system-err><![CDATA[]]></system-err>
</testsuite>
