<?xml version="1.0" encoding="UTF-8"?>
<testsuite name="org.jabref.logic.exporter.ModsExportFormatTest" tests="2" skipped="0" failures="0" errors="0" timestamp="2017-06-20T11:35:43" hostname="auri-inspiron" time="0.642">
  <properties/>
  <testcase name="testPerformExportEmptyEntry" classname="org.jabref.logic.exporter.ModsExportFormatTest" time="0.002"/>
  <testcase name="testPerformExportTrowsSaveException" classname="org.jabref.logic.exporter.ModsExportFormatTest" time="0.64"/>
  <system-out><![CDATA[]]></system-out>
  <system-err><![CDATA[]]></system-err>
</testsuite>
