<?xml version="1.0" encoding="UTF-8"?>
<testsuite name="org.jabref.logic.importer.fileformat.PdfContentImporterTestFiles" tests="2" skipped="0" failures="0" errors="0" timestamp="2017-06-23T03:38:35" hostname="jessicadias-VPCEH40EB" time="2.975">
  <properties/>
  <testcase name="correctContent[0: LNCS-minimal]" classname="org.jabref.logic.importer.fileformat.PdfContentImporterTestFiles" time="2.513"/>
  <testcase name="correctContent[1: LNCS-minimal-protected]" classname="org.jabref.logic.importer.fileformat.PdfContentImporterTestFiles" time="0.462"/>
  <system-out><![CDATA[]]></system-out>
  <system-err><![CDATA[]]></system-err>
</testsuite>
