<?xml version="1.0" encoding="UTF-8"?>
<testsuite name="org.jabref.logic.bibtex.comparator.FieldComparatorTest" tests="18" skipped="0" failures="0" errors="0" timestamp="2017-06-20T11:35:42" hostname="auri-inspiron" time="0.052">
  <properties/>
  <testcase name="compareMonthFieldEquality" classname="org.jabref.logic.bibtex.comparator.FieldComparatorTest" time="0.043"/>
  <testcase name="compareStringFieldsBiggerDescending" classname="org.jabref.logic.bibtex.comparator.FieldComparatorTest" time="0.001"/>
  <testcase name="compareYearFieldBiggerAscending" classname="org.jabref.logic.bibtex.comparator.FieldComparatorTest" time="0.001"/>
  <testcase name="nameOfComparisonField" classname="org.jabref.logic.bibtex.comparator.FieldComparatorTest" time="0.0"/>
  <testcase name="compareMonthFieldBiggerAscending" classname="org.jabref.logic.bibtex.comparator.FieldComparatorTest" time="0.001"/>
  <testcase name="compareTypeFieldBiggerAscending" classname="org.jabref.logic.bibtex.comparator.FieldComparatorTest" time="0.0"/>
  <testcase name="compareStringFieldsBiggerAscending" classname="org.jabref.logic.bibtex.comparator.FieldComparatorTest" time="0.0"/>
  <testcase name="compareTypeFieldIdentity" classname="org.jabref.logic.bibtex.comparator.FieldComparatorTest" time="0.001"/>
  <testcase name="compareStringFieldsIdentity" classname="org.jabref.logic.bibtex.comparator.FieldComparatorTest" time="0.0"/>
  <testcase name="nameOfComparisonFieldAlias" classname="org.jabref.logic.bibtex.comparator.FieldComparatorTest" time="0.0"/>
  <testcase name="compareTypeFieldBiggerDescending" classname="org.jabref.logic.bibtex.comparator.FieldComparatorTest" time="0.0"/>
  <testcase name="compareYearFieldIdentity" classname="org.jabref.logic.bibtex.comparator.FieldComparatorTest" time="0.001"/>
  <testcase name="compareTypeFieldEquality" classname="org.jabref.logic.bibtex.comparator.FieldComparatorTest" time="0.0"/>
  <testcase name="compareStringFieldsEquality" classname="org.jabref.logic.bibtex.comparator.FieldComparatorTest" time="0.001"/>
  <testcase name="compareYearFieldEquality" classname="org.jabref.logic.bibtex.comparator.FieldComparatorTest" time="0.0"/>
  <testcase name="compareMonthFieldBiggerDescending" classname="org.jabref.logic.bibtex.comparator.FieldComparatorTest" time="0.0"/>
  <testcase name="compareYearFieldBiggerDescending" classname="org.jabref.logic.bibtex.comparator.FieldComparatorTest" time="0.0"/>
  <testcase name="compareMonthFieldIdentity" classname="org.jabref.logic.bibtex.comparator.FieldComparatorTest" time="0.001"/>
  <system-out><![CDATA[]]></system-out>
  <system-err><![CDATA[]]></system-err>
</testsuite>
