<?xml version="1.0" encoding="UTF-8"?>
<testsuite name="org.jabref.logic.importer.fetcher.LibraryOfCongressTest" tests="1" skipped="0" failures="0" errors="0" timestamp="2017-06-20T11:36:42" hostname="auri-inspiron" time="8.618">
  <properties/>
  <testcase name="performSearchById" classname="org.jabref.logic.importer.fetcher.LibraryOfCongressTest" time="8.618"/>
  <system-out><![CDATA[]]></system-out>
  <system-err><![CDATA[]]></system-err>
</testsuite>
