<?xml version="1.0" encoding="UTF-8"?>
<testsuite name="org.jabref.logic.formatter.bibtexfields.UnicodeConverterTest" tests="4" skipped="0" failures="0" errors="0" timestamp="2017-06-20T11:38:17" hostname="auri-inspiron" time="0.02">
  <properties/>
  <testcase name="testUnicodeSingle" classname="org.jabref.logic.formatter.bibtexfields.UnicodeConverterTest" time="0.015"/>
  <testcase name="testUnicodeCombiningAccents" classname="org.jabref.logic.formatter.bibtexfields.UnicodeConverterTest" time="0.003"/>
  <testcase name="testBasic" classname="org.jabref.logic.formatter.bibtexfields.UnicodeConverterTest" time="0.001"/>
  <testcase name="testUnicode" classname="org.jabref.logic.formatter.bibtexfields.UnicodeConverterTest" time="0.001"/>
  <system-out><![CDATA[]]></system-out>
  <system-err><![CDATA[]]></system-err>
</testsuite>
