<?xml version="1.0" encoding="UTF-8"?>
<testsuite name="org.jabref.TestIconsProperties" tests="1" skipped="0" failures="0" errors="0" timestamp="2017-06-20T11:35:04" hostname="auri-inspiron" time="0.192">
  <properties/>
  <testcase name="testExistenceOfIconImagesReferencedFromIconsProperties" classname="org.jabref.TestIconsProperties" time="0.192"/>
  <system-out><![CDATA[]]></system-out>
  <system-err><![CDATA[]]></system-err>
</testsuite>
