<?xml version="1.0" encoding="UTF-8"?>
<testsuite name="org.jabref.logic.formatter.bibtexfields.OrdinalsToSuperscriptFormatterTest" tests="6" skipped="0" failures="0" errors="0" timestamp="2017-06-23T03:37:42" hostname="jessicadias-VPCEH40EB" time="0.001">
  <properties/>
  <testcase name="replaceSuperscriptsInMultilineStrings" classname="org.jabref.logic.formatter.bibtexfields.OrdinalsToSuperscriptFormatterTest" time="0.0"/>
  <testcase name="replacesSuperscript" classname="org.jabref.logic.formatter.bibtexfields.OrdinalsToSuperscriptFormatterTest" time="0.0"/>
  <testcase name="ignoreSuperscriptsInsideWords" classname="org.jabref.logic.formatter.bibtexfields.OrdinalsToSuperscriptFormatterTest" time="0.0"/>
  <testcase name="replaceAllSuperscripts" classname="org.jabref.logic.formatter.bibtexfields.OrdinalsToSuperscriptFormatterTest" time="0.0"/>
  <testcase name="formatExample" classname="org.jabref.logic.formatter.bibtexfields.OrdinalsToSuperscriptFormatterTest" time="0.0"/>
  <testcase name="replaceSuperscriptsIgnoresCase" classname="org.jabref.logic.formatter.bibtexfields.OrdinalsToSuperscriptFormatterTest" time="0.0"/>
  <system-out><![CDATA[]]></system-out>
  <system-err><![CDATA[]]></system-err>
</testsuite>
