<?xml version="1.0" encoding="UTF-8"?>
<testsuite name="org.jabref.gui.groups.GroupTreeViewModelTest" tests="1" skipped="0" failures="0" errors="0" timestamp="2017-06-23T03:36:51" hostname="jessicadias-VPCEH40EB" time="0.271">
  <properties/>
  <testcase name="rootGroupIsAllEntriesByDefault" classname="org.jabref.gui.groups.GroupTreeViewModelTest" time="0.271"/>
  <system-out><![CDATA[]]></system-out>
  <system-err><![CDATA[]]></system-err>
</testsuite>
