<?xml version="1.0" encoding="UTF-8"?>
<testsuite name="org.jabref.logic.importer.util.GroupsParserTest" tests="7" skipped="0" failures="0" errors="0" timestamp="2017-06-23T03:38:52" hostname="jessicadias-VPCEH40EB" time="0.004">
  <properties/>
  <testcase name="fromStringParsesExplicitGroupWithEscapedCharacterInName" classname="org.jabref.logic.importer.util.GroupsParserTest" time="0.0"/>
  <testcase name="fromStringUnknownGroupThrowsException" classname="org.jabref.logic.importer.util.GroupsParserTest" time="0.001"/>
  <testcase name="fromStringParsesExplicitGroupWithIconAndDescription" classname="org.jabref.logic.importer.util.GroupsParserTest" time="0.0"/>
  <testcase name="fromStringThrowsParseExceptionForNotEscapedGroupName" classname="org.jabref.logic.importer.util.GroupsParserTest" time="0.001"/>
  <testcase name="fromStringParsesAutomaticKeywordGroup" classname="org.jabref.logic.importer.util.GroupsParserTest" time="0.0"/>
  <testcase name="fromStringParsesAutomaticPersonGroup" classname="org.jabref.logic.importer.util.GroupsParserTest" time="0.0"/>
  <testcase name="testImportSubGroups" classname="org.jabref.logic.importer.util.GroupsParserTest" time="0.002"/>
  <system-out><![CDATA[]]></system-out>
  <system-err><![CDATA[]]></system-err>
</testsuite>
