<?xml version="1.0" encoding="UTF-8"?>
<testsuite name="org.jabref.logic.importer.util.ConvertLegacyExplicitGroupsTest" tests="3" skipped="0" failures="0" errors="0" timestamp="2017-06-20T11:36:42" hostname="auri-inspiron" time="0.004">
  <properties/>
  <testcase name="performActionWritesGroupMembershipInEntry" classname="org.jabref.logic.importer.util.ConvertLegacyExplicitGroupsTest" time="0.003"/>
  <testcase name="performActionClearsLegacyKeys" classname="org.jabref.logic.importer.util.ConvertLegacyExplicitGroupsTest" time="0.0"/>
  <testcase name="performActionWritesGroupMembershipInEntryForComplexGroupTree" classname="org.jabref.logic.importer.util.ConvertLegacyExplicitGroupsTest" time="0.0"/>
  <system-out><![CDATA[]]></system-out>
  <system-err><![CDATA[]]></system-err>
</testsuite>
