<?xml version="1.0" encoding="UTF-8"?>
<testsuite name="org.jabref.logic.exporter.MsBibExportFormatTest" tests="1" skipped="0" failures="0" errors="0" timestamp="2017-06-20T11:35:47" hostname="auri-inspiron" time="0.002">
  <properties/>
  <testcase name="testPerformExportWithNoEntry" classname="org.jabref.logic.exporter.MsBibExportFormatTest" time="0.002"/>
  <system-out><![CDATA[]]></system-out>
  <system-err><![CDATA[]]></system-err>
</testsuite>
