<?xml version="1.0" encoding="UTF-8"?>
<testsuite name="org.jabref.logic.search.SearchQueryHighlightObservableTest" tests="3" skipped="0" failures="0" errors="0" timestamp="2017-06-20T11:37:29" hostname="auri-inspiron" time="0.275">
  <properties/>
  <testcase name="addSearchListenerNotifiesRegisteredListener" classname="org.jabref.logic.search.SearchQueryHighlightObservableTest" time="0.269"/>
  <testcase name="addSearchListenerNotifiesListenerAboutPreviousPattern" classname="org.jabref.logic.search.SearchQueryHighlightObservableTest" time="0.004"/>
  <testcase name="addSearchListenerNotifiesRegisteredListenerAboutGrammarBasedSearches" classname="org.jabref.logic.search.SearchQueryHighlightObservableTest" time="0.001"/>
  <system-out><![CDATA[]]></system-out>
  <system-err><![CDATA[]]></system-err>
</testsuite>
