<?xml version="1.0" encoding="UTF-8"?>
<testsuite name="org.jabref.model.pdf.FileAnnotationTest" tests="3" skipped="0" failures="0" errors="0" timestamp="2017-06-25T05:35:22" hostname="jessicadias-VPCEH40EB" time="0.03">
  <properties/>
  <testcase name="testParseDateNoTimezone" classname="org.jabref.model.pdf.FileAnnotationTest" time="0.029"/>
  <testcase name="testParseDatePlusBeforeTimezone" classname="org.jabref.model.pdf.FileAnnotationTest" time="0.0"/>
  <testcase name="testParseDateMinusBeforeTimezone" classname="org.jabref.model.pdf.FileAnnotationTest" time="0.001"/>
  <system-out><![CDATA[]]></system-out>
  <system-err><![CDATA[]]></system-err>
</testsuite>
