<?xml version="1.0" encoding="UTF-8"?>
<testsuite name="org.jabref.logic.importer.fetcher.GvkParserTest" tests="4" skipped="0" failures="0" errors="0" timestamp="2017-06-25T05:36:23" hostname="jessicadias-VPCEH40EB" time="0.035">
  <properties/>
  <testcase name="testGMP" classname="org.jabref.logic.importer.fetcher.GvkParserTest" time="0.021"/>
  <testcase name="subTitleTest" classname="org.jabref.logic.importer.fetcher.GvkParserTest" time="0.005"/>
  <testcase name="emptyResult" classname="org.jabref.logic.importer.fetcher.GvkParserTest" time="0.002"/>
  <testcase name="resultFor797485368" classname="org.jabref.logic.importer.fetcher.GvkParserTest" time="0.007"/>
  <system-out><![CDATA[]]></system-out>
  <system-err><![CDATA[]]></system-err>
</testsuite>
