<?xml version="1.0" encoding="UTF-8"?>
<testsuite name="org.jabref.logic.importer.fileformat.BibTeXMLImporterTest" tests="5" skipped="0" failures="0" errors="0" timestamp="2017-06-20T11:37:09" hostname="auri-inspiron" time="0.649">
  <properties/>
  <testcase name="testGetCLIId" classname="org.jabref.logic.importer.fileformat.BibTeXMLImporterTest" time="0.001"/>
  <testcase name="testsGetExtensions" classname="org.jabref.logic.importer.fileformat.BibTeXMLImporterTest" time="0.0"/>
  <testcase name="testGetDescription" classname="org.jabref.logic.importer.fileformat.BibTeXMLImporterTest" time="0.001"/>
  <testcase name="testIsRecognizedFormatReject" classname="org.jabref.logic.importer.fileformat.BibTeXMLImporterTest" time="0.645"/>
  <testcase name="testGetFormatName" classname="org.jabref.logic.importer.fileformat.BibTeXMLImporterTest" time="0.0"/>
  <system-out><![CDATA[]]></system-out>
  <system-err><![CDATA[]]></system-err>
</testsuite>
