<?xml version="1.0" encoding="UTF-8"?>
<testsuite name="org.jabref.model.BibDatabaseContextTest" tests="4" skipped="0" failures="0" errors="0" timestamp="2017-06-20T11:39:01" hostname="auri-inspiron" time="0.001">
  <properties/>
  <testcase name="testTypeBasedOnInferredModeBiblatex" classname="org.jabref.model.BibDatabaseContextTest" time="0.0"/>
  <testcase name="testTypeBasedOnDefaultBiblatex" classname="org.jabref.model.BibDatabaseContextTest" time="0.001"/>
  <testcase name="testTypeBasedOnDefaultBibtex" classname="org.jabref.model.BibDatabaseContextTest" time="0.0"/>
  <testcase name="testTypeBasedOnInferredModeBibTeX" classname="org.jabref.model.BibDatabaseContextTest" time="0.0"/>
  <system-out><![CDATA[]]></system-out>
  <system-err><![CDATA[]]></system-err>
</testsuite>
