<?xml version="1.0" encoding="UTF-8"?>
<testsuite name="org.jabref.logic.autocompleter.DefaultAutoCompleterTest" tests="16" skipped="0" failures="0" errors="0" timestamp="2017-06-20T11:38:34" hostname="auri-inspiron" time="0.006">
  <properties/>
  <testcase name="completeValueReturnsValue" classname="org.jabref.logic.autocompleter.DefaultAutoCompleterTest" time="0.001"/>
  <testcase name="completePartOfWordReturnsNothing" classname="org.jabref.logic.autocompleter.DefaultAutoCompleterTest" time="0.001"/>
  <testcase name="completeLowercaseValueReturnsValue" classname="org.jabref.logic.autocompleter.DefaultAutoCompleterTest" time="0.0"/>
  <testcase name="completeBeginnigOfSecondWordReturnsWord" classname="org.jabref.logic.autocompleter.DefaultAutoCompleterTest" time="0.001"/>
  <testcase name="completeAfterAddingNullReturnsNothing" classname="org.jabref.logic.autocompleter.DefaultAutoCompleterTest" time="0.0"/>
  <testcase name="initAutoCompleterWithNullFieldThrowsException" classname="org.jabref.logic.autocompleter.DefaultAutoCompleterTest" time="0.0"/>
  <testcase name="completeAfterAddingEntryWithoutFieldReturnsNothing" classname="org.jabref.logic.autocompleter.DefaultAutoCompleterTest" time="0.0"/>
  <testcase name="completeShortStringReturnsNothing" classname="org.jabref.logic.autocompleter.DefaultAutoCompleterTest" time="0.0"/>
  <testcase name="completeTooShortInputReturnsNothing" classname="org.jabref.logic.autocompleter.DefaultAutoCompleterTest" time="0.001"/>
  <testcase name="completeAfterAddingEmptyEntryReturnsNothing" classname="org.jabref.logic.autocompleter.DefaultAutoCompleterTest" time="0.0"/>
  <testcase name="completeWithoutAddingAnythingReturnsNothing" classname="org.jabref.logic.autocompleter.DefaultAutoCompleterTest" time="0.0"/>
  <testcase name="completeReturnsMultipleResults" classname="org.jabref.logic.autocompleter.DefaultAutoCompleterTest" time="0.001"/>
  <testcase name="completeEmptyStringReturnsNothing" classname="org.jabref.logic.autocompleter.DefaultAutoCompleterTest" time="0.0"/>
  <testcase name="completeBeginnigOfValueReturnsValue" classname="org.jabref.logic.autocompleter.DefaultAutoCompleterTest" time="0.0"/>
  <testcase name="initAutoCompleterWithNullPreferenceThrowsException" classname="org.jabref.logic.autocompleter.DefaultAutoCompleterTest" time="0.0"/>
  <testcase name="completeNullReturnsNothing" classname="org.jabref.logic.autocompleter.DefaultAutoCompleterTest" time="0.0"/>
  <system-out><![CDATA[]]></system-out>
  <system-err><![CDATA[]]></system-err>
</testsuite>
