<?xml version="1.0" encoding="UTF-8"?>
<testsuite name="org.jabref.logic.layout.format.WrapContentTest" tests="8" skipped="0" failures="0" errors="0" timestamp="2017-06-23T03:39:05" hostname="jessicadias-VPCEH40EB" time="0.001">
  <properties/>
  <testcase name="testSimpleText" classname="org.jabref.logic.layout.format.WrapContentTest" time="0.0"/>
  <testcase name="testEmptyStart" classname="org.jabref.logic.layout.format.WrapContentTest" time="0.0"/>
  <testcase name="testEscaping" classname="org.jabref.logic.layout.format.WrapContentTest" time="0.0"/>
  <testcase name="testNoArgumentSetExpectNothingAdded" classname="org.jabref.logic.layout.format.WrapContentTest" time="0.0"/>
  <testcase name="testFormatEmptyExpectNothingAdded" classname="org.jabref.logic.layout.format.WrapContentTest" time="0.0"/>
  <testcase name="testFormatNullExpectNothingAdded" classname="org.jabref.logic.layout.format.WrapContentTest" time="0.0"/>
  <testcase name="testEmptyEnd" classname="org.jabref.logic.layout.format.WrapContentTest" time="0.0"/>
  <testcase name="testNoProperArgumentExpectNothingAdded" classname="org.jabref.logic.layout.format.WrapContentTest" time="0.0"/>
  <system-out><![CDATA[]]></system-out>
  <system-err><![CDATA[]]></system-err>
</testsuite>
