<?xml version="1.0" encoding="UTF-8"?>
<testsuite name="org.jabref.logic.search.ContainsAndRegexBasedSearchRuleDescriberTest" tests="1" skipped="0" failures="0" errors="0" timestamp="2017-06-20T11:37:29" hostname="auri-inspiron" time="0.001">
  <properties/>
  <testcase name="testNoAst" classname="org.jabref.logic.search.ContainsAndRegexBasedSearchRuleDescriberTest" time="0.001"/>
  <system-out><![CDATA[]]></system-out>
  <system-err><![CDATA[]]></system-err>
</testsuite>
