<?xml version="1.0" encoding="UTF-8"?>
<testsuite name="org.jabref.logic.importer.fileformat.BibTeXMLImporterTestTypes" tests="9" skipped="0" failures="0" errors="0" timestamp="2017-06-25T05:36:10" hostname="jessicadias-VPCEH40EB" time="0.634">
  <properties/>
  <testcase name="importConvertsToCorrectBibType[0]" classname="org.jabref.logic.importer.fileformat.BibTeXMLImporterTestTypes" time="0.196"/>
  <testcase name="importConvertsToCorrectBibType[1]" classname="org.jabref.logic.importer.fileformat.BibTeXMLImporterTestTypes" time="0.045"/>
  <testcase name="importConvertsToCorrectBibType[2]" classname="org.jabref.logic.importer.fileformat.BibTeXMLImporterTestTypes" time="0.036"/>
  <testcase name="importConvertsToCorrectBibType[3]" classname="org.jabref.logic.importer.fileformat.BibTeXMLImporterTestTypes" time="0.037"/>
  <testcase name="importConvertsToCorrectBibType[4]" classname="org.jabref.logic.importer.fileformat.BibTeXMLImporterTestTypes" time="0.044"/>
  <testcase name="importConvertsToCorrectBibType[5]" classname="org.jabref.logic.importer.fileformat.BibTeXMLImporterTestTypes" time="0.045"/>
  <testcase name="importConvertsToCorrectBibType[6]" classname="org.jabref.logic.importer.fileformat.BibTeXMLImporterTestTypes" time="0.043"/>
  <testcase name="importConvertsToCorrectBibType[7]" classname="org.jabref.logic.importer.fileformat.BibTeXMLImporterTestTypes" time="0.138"/>
  <testcase name="importConvertsToCorrectBibType[8]" classname="org.jabref.logic.importer.fileformat.BibTeXMLImporterTestTypes" time="0.049"/>
  <system-out><![CDATA[]]></system-out>
  <system-err><![CDATA[]]></system-err>
</testsuite>
