<?xml version="1.0" encoding="UTF-8"?>
<testsuite name="org.jabref.logic.integrity.IntegrityCheckTest" tests="27" skipped="0" failures="0" errors="0" timestamp="2017-06-20T11:38:17" hostname="auri-inspiron" time="0.381">
  <properties/>
  <testcase name="testHowpublishedChecks" classname="org.jabref.logic.integrity.IntegrityCheckTest" time="0.044"/>
  <testcase name="testPageNumbersChecks" classname="org.jabref.logic.integrity.IntegrityCheckTest" time="0.022"/>
  <testcase name="testDOIChecks" classname="org.jabref.logic.integrity.IntegrityCheckTest" time="0.007"/>
  <testcase name="testAbbreviationChecks" classname="org.jabref.logic.integrity.IntegrityCheckTest" time="0.007"/>
  <testcase name="fileCheckFindsFilesRelativeToBibFile" classname="org.jabref.logic.integrity.IntegrityCheckTest" time="0.003"/>
  <testcase name="testJournaltitleChecks" classname="org.jabref.logic.integrity.IntegrityCheckTest" time="0.003"/>
  <testcase name="testTitleChecks" classname="org.jabref.logic.integrity.IntegrityCheckTest" time="0.012"/>
  <testcase name="testMonthChecks" classname="org.jabref.logic.integrity.IntegrityCheckTest" time="0.011"/>
  <testcase name="testBooktitleChecks" classname="org.jabref.logic.integrity.IntegrityCheckTest" time="0.003"/>
  <testcase name="testBiblatexPageNumbersChecks" classname="org.jabref.logic.integrity.IntegrityCheckTest" time="0.004"/>
  <testcase name="testUrlChecks" classname="org.jabref.logic.integrity.IntegrityCheckTest" time="0.008"/>
  <testcase name="testHTMLCharacterChecks" classname="org.jabref.logic.integrity.IntegrityCheckTest" time="0.01"/>
  <testcase name="testFileChecks" classname="org.jabref.logic.integrity.IntegrityCheckTest" time="0.112"/>
  <testcase name="testYearChecks" classname="org.jabref.logic.integrity.IntegrityCheckTest" time="0.016"/>
  <testcase name="testBibStringChecks" classname="org.jabref.logic.integrity.IntegrityCheckTest" time="0.005"/>
  <testcase name="testEntryIsUnchangedAfterChecks" classname="org.jabref.logic.integrity.IntegrityCheckTest" time="0.027"/>
  <testcase name="testAuthorNameChecks" classname="org.jabref.logic.integrity.IntegrityCheckTest" time="0.045"/>
  <testcase name="testEntryTypeChecks" classname="org.jabref.logic.integrity.IntegrityCheckTest" time="0.003"/>
  <testcase name="testEditionChecks" classname="org.jabref.logic.integrity.IntegrityCheckTest" time="0.006"/>
  <testcase name="testISSNChecks" classname="org.jabref.logic.integrity.IntegrityCheckTest" time="0.004"/>
  <testcase name="testTypeChecks" classname="org.jabref.logic.integrity.IntegrityCheckTest" time="0.002"/>
  <testcase name="testJournalIsKnownInAbbreviationList" classname="org.jabref.logic.integrity.IntegrityCheckTest" time="0.002"/>
  <testcase name="testASCIIChecks" classname="org.jabref.logic.integrity.IntegrityCheckTest" time="0.003"/>
  <testcase name="testBracketChecks" classname="org.jabref.logic.integrity.IntegrityCheckTest" time="0.006"/>
  <testcase name="testISBNChecks" classname="org.jabref.logic.integrity.IntegrityCheckTest" time="0.006"/>
  <testcase name="testBibtexkeyChecks" classname="org.jabref.logic.integrity.IntegrityCheckTest" time="0.002"/>
  <testcase name="testNoteChecks" classname="org.jabref.logic.integrity.IntegrityCheckTest" time="0.005"/>
  <system-out><![CDATA[]]></system-out>
  <system-err><![CDATA[]]></system-err>
</testsuite>
