<?xml version="1.0" encoding="UTF-8"?>
<testsuite name="org.jabref.logic.importer.util.GroupsParserTest" tests="7" skipped="0" failures="0" errors="0" timestamp="2017-06-20T11:36:42" hostname="auri-inspiron" time="0.002">
  <properties/>
  <testcase name="fromStringParsesExplicitGroupWithEscapedCharacterInName" classname="org.jabref.logic.importer.util.GroupsParserTest" time="0.0"/>
  <testcase name="fromStringUnknownGroupThrowsException" classname="org.jabref.logic.importer.util.GroupsParserTest" time="0.001"/>
  <testcase name="fromStringParsesExplicitGroupWithIconAndDesrcitpion" classname="org.jabref.logic.importer.util.GroupsParserTest" time="0.0"/>
  <testcase name="fromStringThrowsParseExceptionForNotEscapedGroupName" classname="org.jabref.logic.importer.util.GroupsParserTest" time="0.0"/>
  <testcase name="fromStringParsesAutomaticKeywordGroup" classname="org.jabref.logic.importer.util.GroupsParserTest" time="0.0"/>
  <testcase name="fromStringParsesAutomaticPersonGroup" classname="org.jabref.logic.importer.util.GroupsParserTest" time="0.0"/>
  <testcase name="testImportSubGroups" classname="org.jabref.logic.importer.util.GroupsParserTest" time="0.001"/>
  <system-out><![CDATA[]]></system-out>
  <system-err><![CDATA[]]></system-err>
</testsuite>
