<?xml version="1.0" encoding="UTF-8"?>
<testsuite name="org.jabref.logic.remote.RemoteUtilTest" tests="4" skipped="0" failures="0" errors="0" timestamp="2017-06-25T05:36:32" hostname="jessicadias-VPCEH40EB" time="0.001">
  <properties/>
  <testcase name="rejectPortsAbove16Bits" classname="org.jabref.logic.remote.RemoteUtilTest" time="0.0"/>
  <testcase name="rejectReservedSystemPorts" classname="org.jabref.logic.remote.RemoteUtilTest" time="0.001"/>
  <testcase name="acceptPortsAboveSystemPorts" classname="org.jabref.logic.remote.RemoteUtilTest" time="0.0"/>
  <testcase name="rejectPortNumberBelowZero" classname="org.jabref.logic.remote.RemoteUtilTest" time="0.0"/>
  <system-out><![CDATA[]]></system-out>
  <system-err><![CDATA[]]></system-err>
</testsuite>
