<?xml version="1.0" encoding="UTF-8"?>
<testsuite name="org.jabref.logic.l10n.EncodingsTest" tests="4" skipped="0" failures="0" errors="0" timestamp="2017-06-25T05:35:28" hostname="jessicadias-VPCEH40EB" time="0.228">
  <properties/>
  <testcase name="charsetsShouldNotBeEmpty" classname="org.jabref.logic.l10n.EncodingsTest" time="0.227"/>
  <testcase name="charsetsShouldNotBeNull" classname="org.jabref.logic.l10n.EncodingsTest" time="0.001"/>
  <testcase name="displayNamesShouldNotBeNull" classname="org.jabref.logic.l10n.EncodingsTest" time="0.0"/>
  <testcase name="displayNamesShouldNotBeEmpty" classname="org.jabref.logic.l10n.EncodingsTest" time="0.0"/>
  <system-out><![CDATA[]]></system-out>
  <system-err><![CDATA[]]></system-err>
</testsuite>
