<?xml version="1.0" encoding="UTF-8"?>
<testsuite name="org.jabref.cli.JabRefCLITest" tests="3" skipped="0" failures="0" errors="0" timestamp="2017-06-25T05:34:48" hostname="jessicadias-VPCEH40EB" time="0.037">
  <properties/>
  <testcase name="testCLIParsingShortOptions" classname="org.jabref.cli.JabRefCLITest" time="0.027"/>
  <testcase name="testCLIParsingLongOptions" classname="org.jabref.cli.JabRefCLITest" time="0.007"/>
  <testcase name="testPreferencesExport" classname="org.jabref.cli.JabRefCLITest" time="0.001"/>
  <system-out><![CDATA[]]></system-out>
  <system-err><![CDATA[]]></system-err>
</testsuite>
