<?xml version="1.0" encoding="UTF-8"?>
<testsuite name="org.jabref.logic.openoffice.StyleLoaderTest" tests="16" skipped="2" failures="0" errors="0" timestamp="2017-06-25T05:35:25" hostname="jessicadias-VPCEH40EB" time="0.275">
  <properties/>
  <testcase name="testRemoveInternalStyleReturnsFalseAndDoNotRemove" classname="org.jabref.logic.openoffice.StyleLoaderTest" time="0.125"/>
  <testcase name="testInitalizeWithOneExternalFile" classname="org.jabref.logic.openoffice.StyleLoaderTest" time="0.012"/>
  <testcase name="testGetStoredUsedStyle" classname="org.jabref.logic.openoffice.StyleLoaderTest" time="0.007"/>
  <testcase name="throwNPEWithNullPreferences" classname="org.jabref.logic.openoffice.StyleLoaderTest" time="0.035"/>
  <testcase name="testAddStyleLeadsToOneMoreStyle" classname="org.jabref.logic.openoffice.StyleLoaderTest" time="0.014"/>
  <testcase name="testAddNullStyleThrowsNPE" classname="org.jabref.logic.openoffice.StyleLoaderTest" time="0.008"/>
  <testcase name="testAddInvalidStyleLeadsToNoMoreStyle" classname="org.jabref.logic.openoffice.StyleLoaderTest" time="0.025"/>
  <testcase name="testGetDefaultUsedStyleWhenEmpty" classname="org.jabref.logic.openoffice.StyleLoaderTest" time="0.012"/>
  <testcase name="testGtDefaultUsedStyleWhenIncorrect" classname="org.jabref.logic.openoffice.StyleLoaderTest" time="0.0">
    <skipped/>
  </testcase>
  <testcase name="throwNPEWithNullLayoutPreferences" classname="org.jabref.logic.openoffice.StyleLoaderTest" time="0.001"/>
  <testcase name="throwNPEWithNullCharset" classname="org.jabref.logic.openoffice.StyleLoaderTest" time="0.0"/>
  <testcase name="testInitalizeWithOneExternalFileRemoveStyleUpdatesPreferences" classname="org.jabref.logic.openoffice.StyleLoaderTest" time="0.0">
    <skipped/>
  </testcase>
  <testcase name="testGetStylesWithEmptyExternal" classname="org.jabref.logic.openoffice.StyleLoaderTest" time="0.008"/>
  <testcase name="testInitalizeWithOneExternalFileRemoveStyle" classname="org.jabref.logic.openoffice.StyleLoaderTest" time="0.011"/>
  <testcase name="testInitalizeWithIncorrectExternalFile" classname="org.jabref.logic.openoffice.StyleLoaderTest" time="0.005"/>
  <testcase name="testAddSameStyleTwiceLeadsToOneMoreStyle" classname="org.jabref.logic.openoffice.StyleLoaderTest" time="0.01"/>
  <system-out><![CDATA[02:35:25.447 [Test worker] INFO  org.jabref.logic.openoffice.StyleLoader - Cannot find external style file DefinitelyNotAValidFileNameOrWeAreExtremelyUnlucky
java.io.FileNotFoundException: DefinitelyNotAValidFileNameOrWeAreExtremelyUnlucky (Arquivo ou diretório não encontrado)
	at java.io.FileInputStream.open0(Native Method) ~[?:1.8.0_111]
	at java.io.FileInputStream.open(FileInputStream.java:195) ~[?:1.8.0_111]
	at java.io.FileInputStream.<init>(FileInputStream.java:138) ~[?:1.8.0_111]
	at org.jabref.logic.openoffice.OOBibStyle.reload(OOBibStyle.java:247) ~[main/:?]
	at org.jabref.logic.openoffice.OOBibStyle.<init>(OOBibStyle.java:147) ~[main/:?]
	at org.jabref.logic.openoffice.StyleLoader.addStyleIfValid(StyleLoader.java:61) [main/:?]
	at org.jabref.logic.openoffice.StyleLoaderTest.testAddInvalidStyleLeadsToNoMoreStyle(StyleLoaderTest.java:85) [test/:?]
	at sun.reflect.NativeMethodAccessorImpl.invoke0(Native Method) ~[?:1.8.0_111]
	at sun.reflect.NativeMethodAccessorImpl.invoke(NativeMethodAccessorImpl.java:62) ~[?:1.8.0_111]
	at sun.reflect.DelegatingMethodAccessorImpl.invoke(DelegatingMethodAccessorImpl.java:43) ~[?:1.8.0_111]
	at java.lang.reflect.Method.invoke(Method.java:498) ~[?:1.8.0_111]
	at org.junit.runners.model.FrameworkMethod$1.runReflectiveCall(FrameworkMethod.java:50) [junit-4.12.jar:4.12]
	at org.junit.internal.runners.model.ReflectiveCallable.run(ReflectiveCallable.java:12) [junit-4.12.jar:4.12]
	at org.junit.runners.model.FrameworkMethod.invokeExplosively(FrameworkMethod.java:47) [junit-4.12.jar:4.12]
	at org.junit.internal.runners.statements.InvokeMethod.evaluate(InvokeMethod.java:17) [junit-4.12.jar:4.12]
	at org.junit.internal.runners.statements.RunBefores.evaluate(RunBefores.java:26) [junit-4.12.jar:4.12]
	at org.junit.runners.ParentRunner.runLeaf(ParentRunner.java:325) [junit-4.12.jar:4.12]
	at org.junit.runners.BlockJUnit4ClassRunner.runChild(BlockJUnit4ClassRunner.java:78) [junit-4.12.jar:4.12]
	at org.junit.runners.BlockJUnit4ClassRunner.runChild(BlockJUnit4ClassRunner.java:57) [junit-4.12.jar:4.12]
	at org.junit.runners.ParentRunner$3.run(ParentRunner.java:290) [junit-4.12.jar:4.12]
	at org.junit.runners.ParentRunner$1.schedule(ParentRunner.java:71) [junit-4.12.jar:4.12]
	at org.junit.runners.ParentRunner.runChildren(ParentRunner.java:288) [junit-4.12.jar:4.12]
	at org.junit.runners.ParentRunner.access$000(ParentRunner.java:58) [junit-4.12.jar:4.12]
	at org.junit.runners.ParentRunner$2.evaluate(ParentRunner.java:268) [junit-4.12.jar:4.12]
	at org.junit.runners.ParentRunner.run(ParentRunner.java:363) [junit-4.12.jar:4.12]
	at org.gradle.api.internal.tasks.testing.junit.JUnitTestClassExecuter.runTestClass(JUnitTestClassExecuter.java:114) [gradle-testing-jvm-3.5.jar:3.5]
	at org.gradle.api.internal.tasks.testing.junit.JUnitTestClassExecuter.execute(JUnitTestClassExecuter.java:57) [gradle-testing-jvm-3.5.jar:3.5]
	at org.gradle.api.internal.tasks.testing.junit.JUnitTestClassProcessor.processTestClass(JUnitTestClassProcessor.java:66) [gradle-testing-jvm-3.5.jar:3.5]
	at org.gradle.api.internal.tasks.testing.SuiteTestClassProcessor.processTestClass(SuiteTestClassProcessor.java:51) [gradle-testing-base-3.5.jar:3.5]
	at sun.reflect.GeneratedMethodAccessor29.invoke(Unknown Source) ~[?:?]
	at sun.reflect.DelegatingMethodAccessorImpl.invoke(DelegatingMethodAccessorImpl.java:43) ~[?:1.8.0_111]
	at java.lang.reflect.Method.invoke(Method.java:498) ~[?:1.8.0_111]
	at org.gradle.internal.dispatch.ReflectionDispatch.dispatch(ReflectionDispatch.java:35) [gradle-messaging-3.5.jar:3.5]
	at org.gradle.internal.dispatch.ReflectionDispatch.dispatch(ReflectionDispatch.java:24) [gradle-messaging-3.5.jar:3.5]
	at org.gradle.internal.dispatch.ContextClassLoaderDispatch.dispatch(ContextClassLoaderDispatch.java:32) [gradle-messaging-3.5.jar:3.5]
	at org.gradle.internal.dispatch.ProxyDispatchAdapter$DispatchingInvocationHandler.invoke(ProxyDispatchAdapter.java:93) [gradle-messaging-3.5.jar:3.5]
	at com.sun.proxy.$Proxy2.processTestClass(Unknown Source) [?:?]
	at org.gradle.api.internal.tasks.testing.worker.TestWorker.processTestClass(TestWorker.java:109) [gradle-testing-base-3.5.jar:3.5]
	at sun.reflect.GeneratedMethodAccessor28.invoke(Unknown Source) ~[?:?]
	at sun.reflect.DelegatingMethodAccessorImpl.invoke(DelegatingMethodAccessorImpl.java:43) ~[?:1.8.0_111]
	at java.lang.reflect.Method.invoke(Method.java:498) ~[?:1.8.0_111]
	at org.gradle.internal.dispatch.ReflectionDispatch.dispatch(ReflectionDispatch.java:35) [gradle-messaging-3.5.jar:3.5]
	at org.gradle.internal.dispatch.ReflectionDispatch.dispatch(ReflectionDispatch.java:24) [gradle-messaging-3.5.jar:3.5]
	at org.gradle.internal.remote.internal.hub.MessageHubBackedObjectConnection$DispatchWrapper.dispatch(MessageHubBackedObjectConnection.java:147) [gradle-messaging-3.5.jar:3.5]
	at org.gradle.internal.remote.internal.hub.MessageHubBackedObjectConnection$DispatchWrapper.dispatch(MessageHubBackedObjectConnection.java:129) [gradle-messaging-3.5.jar:3.5]
	at org.gradle.internal.remote.internal.hub.MessageHub$Handler.run(MessageHub.java:404) [gradle-messaging-3.5.jar:3.5]
	at org.gradle.internal.concurrent.ExecutorPolicy$CatchAndRecordFailures.onExecute(ExecutorPolicy.java:63) [gradle-base-services-3.5.jar:3.5]
	at org.gradle.internal.concurrent.StoppableExecutorImpl$1.run(StoppableExecutorImpl.java:46) [gradle-base-services-3.5.jar:3.5]
	at java.util.concurrent.ThreadPoolExecutor.runWorker(ThreadPoolExecutor.java:1142) [?:1.8.0_111]
	at java.util.concurrent.ThreadPoolExecutor$Worker.run(ThreadPoolExecutor.java:617) [?:1.8.0_111]
	at java.lang.Thread.run(Thread.java:745) [?:1.8.0_111]
02:35:25.512 [Test worker] INFO  org.jabref.logic.openoffice.StyleLoader - External style file /home/jessicadias/Documentos/Github/DC-UFSCar-ES2-201701-Grupo-RainBow/build/resources/main/resource/openoffice/default_authoryear.jstyle already existing.
]]></system-out>
  <system-err><![CDATA[]]></system-err>
</testsuite>
