<?xml version="1.0" encoding="UTF-8"?>
<testsuite name="org.jabref.logic.formatter.FormatterTest" tests="189" skipped="0" failures="0" errors="0" timestamp="2017-06-20T11:38:17" hostname="auri-inspiron" time="0.031">
  <properties/>
  <testcase name="getKeyReturnsNotNull[0: org.jabref.logic.formatter.casechanger.CapitalizeFormatter@6a41e5db]" classname="org.jabref.logic.formatter.FormatterTest" time="0.0"/>
  <testcase name="getNameReturnsNotNull[0: org.jabref.logic.formatter.casechanger.CapitalizeFormatter@6a41e5db]" classname="org.jabref.logic.formatter.FormatterTest" time="0.0"/>
  <testcase name="getDescriptionAlwaysNonEmpty[0: org.jabref.logic.formatter.casechanger.CapitalizeFormatter@6a41e5db]" classname="org.jabref.logic.formatter.FormatterTest" time="0.0"/>
  <testcase name="getExampleInputAlwaysNonEmpty[0: org.jabref.logic.formatter.casechanger.CapitalizeFormatter@6a41e5db]" classname="org.jabref.logic.formatter.FormatterTest" time="0.0"/>
  <testcase name="getNameReturnsNotEmpty[0: org.jabref.logic.formatter.casechanger.CapitalizeFormatter@6a41e5db]" classname="org.jabref.logic.formatter.FormatterTest" time="0.0"/>
  <testcase name="formatOfNullThrowsException[0: org.jabref.logic.formatter.casechanger.CapitalizeFormatter@6a41e5db]" classname="org.jabref.logic.formatter.FormatterTest" time="0.0"/>
  <testcase name="formatNotReturnsNull[0: org.jabref.logic.formatter.casechanger.CapitalizeFormatter@6a41e5db]" classname="org.jabref.logic.formatter.FormatterTest" time="0.001"/>
  <testcase name="formatOfEmptyStringReturnsEmpty[0: org.jabref.logic.formatter.casechanger.CapitalizeFormatter@6a41e5db]" classname="org.jabref.logic.formatter.FormatterTest" time="0.0"/>
  <testcase name="getKeyReturnsNotEmpty[0: org.jabref.logic.formatter.casechanger.CapitalizeFormatter@6a41e5db]" classname="org.jabref.logic.formatter.FormatterTest" time="0.0"/>
  <testcase name="getKeyReturnsNotNull[1: org.jabref.logic.formatter.bibtexfields.ClearFormatter@655c09a2]" classname="org.jabref.logic.formatter.FormatterTest" time="0.0"/>
  <testcase name="getNameReturnsNotNull[1: org.jabref.logic.formatter.bibtexfields.ClearFormatter@655c09a2]" classname="org.jabref.logic.formatter.FormatterTest" time="0.0"/>
  <testcase name="getDescriptionAlwaysNonEmpty[1: org.jabref.logic.formatter.bibtexfields.ClearFormatter@655c09a2]" classname="org.jabref.logic.formatter.FormatterTest" time="0.0"/>
  <testcase name="getExampleInputAlwaysNonEmpty[1: org.jabref.logic.formatter.bibtexfields.ClearFormatter@655c09a2]" classname="org.jabref.logic.formatter.FormatterTest" time="0.0"/>
  <testcase name="getNameReturnsNotEmpty[1: org.jabref.logic.formatter.bibtexfields.ClearFormatter@655c09a2]" classname="org.jabref.logic.formatter.FormatterTest" time="0.0"/>
  <testcase name="formatOfNullThrowsException[1: org.jabref.logic.formatter.bibtexfields.ClearFormatter@655c09a2]" classname="org.jabref.logic.formatter.FormatterTest" time="0.0"/>
  <testcase name="formatNotReturnsNull[1: org.jabref.logic.formatter.bibtexfields.ClearFormatter@655c09a2]" classname="org.jabref.logic.formatter.FormatterTest" time="0.0"/>
  <testcase name="formatOfEmptyStringReturnsEmpty[1: org.jabref.logic.formatter.bibtexfields.ClearFormatter@655c09a2]" classname="org.jabref.logic.formatter.FormatterTest" time="0.0"/>
  <testcase name="getKeyReturnsNotEmpty[1: org.jabref.logic.formatter.bibtexfields.ClearFormatter@655c09a2]" classname="org.jabref.logic.formatter.FormatterTest" time="0.0"/>
  <testcase name="getKeyReturnsNotNull[2: org.jabref.logic.formatter.bibtexfields.HtmlToLatexFormatter@7f29468a]" classname="org.jabref.logic.formatter.FormatterTest" time="0.0"/>
  <testcase name="getNameReturnsNotNull[2: org.jabref.logic.formatter.bibtexfields.HtmlToLatexFormatter@7f29468a]" classname="org.jabref.logic.formatter.FormatterTest" time="0.0"/>
  <testcase name="getDescriptionAlwaysNonEmpty[2: org.jabref.logic.formatter.bibtexfields.HtmlToLatexFormatter@7f29468a]" classname="org.jabref.logic.formatter.FormatterTest" time="0.0"/>
  <testcase name="getExampleInputAlwaysNonEmpty[2: org.jabref.logic.formatter.bibtexfields.HtmlToLatexFormatter@7f29468a]" classname="org.jabref.logic.formatter.FormatterTest" time="0.0"/>
  <testcase name="getNameReturnsNotEmpty[2: org.jabref.logic.formatter.bibtexfields.HtmlToLatexFormatter@7f29468a]" classname="org.jabref.logic.formatter.FormatterTest" time="0.0"/>
  <testcase name="formatOfNullThrowsException[2: org.jabref.logic.formatter.bibtexfields.HtmlToLatexFormatter@7f29468a]" classname="org.jabref.logic.formatter.FormatterTest" time="0.0"/>
  <testcase name="formatNotReturnsNull[2: org.jabref.logic.formatter.bibtexfields.HtmlToLatexFormatter@7f29468a]" classname="org.jabref.logic.formatter.FormatterTest" time="0.001"/>
  <testcase name="formatOfEmptyStringReturnsEmpty[2: org.jabref.logic.formatter.bibtexfields.HtmlToLatexFormatter@7f29468a]" classname="org.jabref.logic.formatter.FormatterTest" time="0.0"/>
  <testcase name="getKeyReturnsNotEmpty[2: org.jabref.logic.formatter.bibtexfields.HtmlToLatexFormatter@7f29468a]" classname="org.jabref.logic.formatter.FormatterTest" time="0.0"/>
  <testcase name="getKeyReturnsNotNull[3: org.jabref.logic.formatter.bibtexfields.HtmlToUnicodeFormatter@22b40bd0]" classname="org.jabref.logic.formatter.FormatterTest" time="0.0"/>
  <testcase name="getNameReturnsNotNull[3: org.jabref.logic.formatter.bibtexfields.HtmlToUnicodeFormatter@22b40bd0]" classname="org.jabref.logic.formatter.FormatterTest" time="0.0"/>
  <testcase name="getDescriptionAlwaysNonEmpty[3: org.jabref.logic.formatter.bibtexfields.HtmlToUnicodeFormatter@22b40bd0]" classname="org.jabref.logic.formatter.FormatterTest" time="0.0"/>
  <testcase name="getExampleInputAlwaysNonEmpty[3: org.jabref.logic.formatter.bibtexfields.HtmlToUnicodeFormatter@22b40bd0]" classname="org.jabref.logic.formatter.FormatterTest" time="0.0"/>
  <testcase name="getNameReturnsNotEmpty[3: org.jabref.logic.formatter.bibtexfields.HtmlToUnicodeFormatter@22b40bd0]" classname="org.jabref.logic.formatter.FormatterTest" time="0.0"/>
  <testcase name="formatOfNullThrowsException[3: org.jabref.logic.formatter.bibtexfields.HtmlToUnicodeFormatter@22b40bd0]" classname="org.jabref.logic.formatter.FormatterTest" time="0.001"/>
  <testcase name="formatNotReturnsNull[3: org.jabref.logic.formatter.bibtexfields.HtmlToUnicodeFormatter@22b40bd0]" classname="org.jabref.logic.formatter.FormatterTest" time="0.0"/>
  <testcase name="formatOfEmptyStringReturnsEmpty[3: org.jabref.logic.formatter.bibtexfields.HtmlToUnicodeFormatter@22b40bd0]" classname="org.jabref.logic.formatter.FormatterTest" time="0.0"/>
  <testcase name="getKeyReturnsNotEmpty[3: org.jabref.logic.formatter.bibtexfields.HtmlToUnicodeFormatter@22b40bd0]" classname="org.jabref.logic.formatter.FormatterTest" time="0.0"/>
  <testcase name="getKeyReturnsNotNull[4: org.jabref.logic.formatter.IdentityFormatter@f7e870be]" classname="org.jabref.logic.formatter.FormatterTest" time="0.0"/>
  <testcase name="getNameReturnsNotNull[4: org.jabref.logic.formatter.IdentityFormatter@f7e870be]" classname="org.jabref.logic.formatter.FormatterTest" time="0.0"/>
  <testcase name="getDescriptionAlwaysNonEmpty[4: org.jabref.logic.formatter.IdentityFormatter@f7e870be]" classname="org.jabref.logic.formatter.FormatterTest" time="0.0"/>
  <testcase name="getExampleInputAlwaysNonEmpty[4: org.jabref.logic.formatter.IdentityFormatter@f7e870be]" classname="org.jabref.logic.formatter.FormatterTest" time="0.0"/>
  <testcase name="getNameReturnsNotEmpty[4: org.jabref.logic.formatter.IdentityFormatter@f7e870be]" classname="org.jabref.logic.formatter.FormatterTest" time="0.0"/>
  <testcase name="formatOfNullThrowsException[4: org.jabref.logic.formatter.IdentityFormatter@f7e870be]" classname="org.jabref.logic.formatter.FormatterTest" time="0.0"/>
  <testcase name="formatNotReturnsNull[4: org.jabref.logic.formatter.IdentityFormatter@f7e870be]" classname="org.jabref.logic.formatter.FormatterTest" time="0.0"/>
  <testcase name="formatOfEmptyStringReturnsEmpty[4: org.jabref.logic.formatter.IdentityFormatter@f7e870be]" classname="org.jabref.logic.formatter.FormatterTest" time="0.0"/>
  <testcase name="getKeyReturnsNotEmpty[4: org.jabref.logic.formatter.IdentityFormatter@f7e870be]" classname="org.jabref.logic.formatter.FormatterTest" time="0.0"/>
  <testcase name="getKeyReturnsNotNull[5: org.jabref.logic.formatter.bibtexfields.LatexCleanupFormatter@473e5d60]" classname="org.jabref.logic.formatter.FormatterTest" time="0.0"/>
  <testcase name="getNameReturnsNotNull[5: org.jabref.logic.formatter.bibtexfields.LatexCleanupFormatter@473e5d60]" classname="org.jabref.logic.formatter.FormatterTest" time="0.001"/>
  <testcase name="getDescriptionAlwaysNonEmpty[5: org.jabref.logic.formatter.bibtexfields.LatexCleanupFormatter@473e5d60]" classname="org.jabref.logic.formatter.FormatterTest" time="0.0"/>
  <testcase name="getExampleInputAlwaysNonEmpty[5: org.jabref.logic.formatter.bibtexfields.LatexCleanupFormatter@473e5d60]" classname="org.jabref.logic.formatter.FormatterTest" time="0.0"/>
  <testcase name="getNameReturnsNotEmpty[5: org.jabref.logic.formatter.bibtexfields.LatexCleanupFormatter@473e5d60]" classname="org.jabref.logic.formatter.FormatterTest" time="0.0"/>
  <testcase name="formatOfNullThrowsException[5: org.jabref.logic.formatter.bibtexfields.LatexCleanupFormatter@473e5d60]" classname="org.jabref.logic.formatter.FormatterTest" time="0.0"/>
  <testcase name="formatNotReturnsNull[5: org.jabref.logic.formatter.bibtexfields.LatexCleanupFormatter@473e5d60]" classname="org.jabref.logic.formatter.FormatterTest" time="0.0"/>
  <testcase name="formatOfEmptyStringReturnsEmpty[5: org.jabref.logic.formatter.bibtexfields.LatexCleanupFormatter@473e5d60]" classname="org.jabref.logic.formatter.FormatterTest" time="0.0"/>
  <testcase name="getKeyReturnsNotEmpty[5: org.jabref.logic.formatter.bibtexfields.LatexCleanupFormatter@473e5d60]" classname="org.jabref.logic.formatter.FormatterTest" time="0.0"/>
  <testcase name="getKeyReturnsNotNull[6: org.jabref.logic.layout.format.LatexToUnicodeFormatter@422a4d3c]" classname="org.jabref.logic.formatter.FormatterTest" time="0.0"/>
  <testcase name="getNameReturnsNotNull[6: org.jabref.logic.layout.format.LatexToUnicodeFormatter@422a4d3c]" classname="org.jabref.logic.formatter.FormatterTest" time="0.0"/>
  <testcase name="getDescriptionAlwaysNonEmpty[6: org.jabref.logic.layout.format.LatexToUnicodeFormatter@422a4d3c]" classname="org.jabref.logic.formatter.FormatterTest" time="0.0"/>
  <testcase name="getExampleInputAlwaysNonEmpty[6: org.jabref.logic.layout.format.LatexToUnicodeFormatter@422a4d3c]" classname="org.jabref.logic.formatter.FormatterTest" time="0.0"/>
  <testcase name="getNameReturnsNotEmpty[6: org.jabref.logic.layout.format.LatexToUnicodeFormatter@422a4d3c]" classname="org.jabref.logic.formatter.FormatterTest" time="0.0"/>
  <testcase name="formatOfNullThrowsException[6: org.jabref.logic.layout.format.LatexToUnicodeFormatter@422a4d3c]" classname="org.jabref.logic.formatter.FormatterTest" time="0.001"/>
  <testcase name="formatNotReturnsNull[6: org.jabref.logic.layout.format.LatexToUnicodeFormatter@422a4d3c]" classname="org.jabref.logic.formatter.FormatterTest" time="0.0"/>
  <testcase name="formatOfEmptyStringReturnsEmpty[6: org.jabref.logic.layout.format.LatexToUnicodeFormatter@422a4d3c]" classname="org.jabref.logic.formatter.FormatterTest" time="0.0"/>
  <testcase name="getKeyReturnsNotEmpty[6: org.jabref.logic.layout.format.LatexToUnicodeFormatter@422a4d3c]" classname="org.jabref.logic.formatter.FormatterTest" time="0.0"/>
  <testcase name="getKeyReturnsNotNull[7: org.jabref.logic.formatter.casechanger.LowerCaseFormatter@491ac1ae]" classname="org.jabref.logic.formatter.FormatterTest" time="0.0"/>
  <testcase name="getNameReturnsNotNull[7: org.jabref.logic.formatter.casechanger.LowerCaseFormatter@491ac1ae]" classname="org.jabref.logic.formatter.FormatterTest" time="0.0"/>
  <testcase name="getDescriptionAlwaysNonEmpty[7: org.jabref.logic.formatter.casechanger.LowerCaseFormatter@491ac1ae]" classname="org.jabref.logic.formatter.FormatterTest" time="0.0"/>
  <testcase name="getExampleInputAlwaysNonEmpty[7: org.jabref.logic.formatter.casechanger.LowerCaseFormatter@491ac1ae]" classname="org.jabref.logic.formatter.FormatterTest" time="0.0"/>
  <testcase name="getNameReturnsNotEmpty[7: org.jabref.logic.formatter.casechanger.LowerCaseFormatter@491ac1ae]" classname="org.jabref.logic.formatter.FormatterTest" time="0.0"/>
  <testcase name="formatOfNullThrowsException[7: org.jabref.logic.formatter.casechanger.LowerCaseFormatter@491ac1ae]" classname="org.jabref.logic.formatter.FormatterTest" time="0.0"/>
  <testcase name="formatNotReturnsNull[7: org.jabref.logic.formatter.casechanger.LowerCaseFormatter@491ac1ae]" classname="org.jabref.logic.formatter.FormatterTest" time="0.0"/>
  <testcase name="formatOfEmptyStringReturnsEmpty[7: org.jabref.logic.formatter.casechanger.LowerCaseFormatter@491ac1ae]" classname="org.jabref.logic.formatter.FormatterTest" time="0.0"/>
  <testcase name="getKeyReturnsNotEmpty[7: org.jabref.logic.formatter.casechanger.LowerCaseFormatter@491ac1ae]" classname="org.jabref.logic.formatter.FormatterTest" time="0.0"/>
  <testcase name="getKeyReturnsNotNull[8: org.jabref.logic.formatter.minifier.MinifyNameListFormatter@77025ee5]" classname="org.jabref.logic.formatter.FormatterTest" time="0.0"/>
  <testcase name="getNameReturnsNotNull[8: org.jabref.logic.formatter.minifier.MinifyNameListFormatter@77025ee5]" classname="org.jabref.logic.formatter.FormatterTest" time="0.0"/>
  <testcase name="getDescriptionAlwaysNonEmpty[8: org.jabref.logic.formatter.minifier.MinifyNameListFormatter@77025ee5]" classname="org.jabref.logic.formatter.FormatterTest" time="0.0"/>
  <testcase name="getExampleInputAlwaysNonEmpty[8: org.jabref.logic.formatter.minifier.MinifyNameListFormatter@77025ee5]" classname="org.jabref.logic.formatter.FormatterTest" time="0.0"/>
  <testcase name="getNameReturnsNotEmpty[8: org.jabref.logic.formatter.minifier.MinifyNameListFormatter@77025ee5]" classname="org.jabref.logic.formatter.FormatterTest" time="0.0"/>
  <testcase name="formatOfNullThrowsException[8: org.jabref.logic.formatter.minifier.MinifyNameListFormatter@77025ee5]" classname="org.jabref.logic.formatter.FormatterTest" time="0.0"/>
  <testcase name="formatNotReturnsNull[8: org.jabref.logic.formatter.minifier.MinifyNameListFormatter@77025ee5]" classname="org.jabref.logic.formatter.FormatterTest" time="0.0"/>
  <testcase name="formatOfEmptyStringReturnsEmpty[8: org.jabref.logic.formatter.minifier.MinifyNameListFormatter@77025ee5]" classname="org.jabref.logic.formatter.FormatterTest" time="0.0"/>
  <testcase name="getKeyReturnsNotEmpty[8: org.jabref.logic.formatter.minifier.MinifyNameListFormatter@77025ee5]" classname="org.jabref.logic.formatter.FormatterTest" time="0.0"/>
  <testcase name="getKeyReturnsNotNull[9: org.jabref.logic.formatter.bibtexfields.NormalizeDateFormatter@ea21a9a0]" classname="org.jabref.logic.formatter.FormatterTest" time="0.0"/>
  <testcase name="getNameReturnsNotNull[9: org.jabref.logic.formatter.bibtexfields.NormalizeDateFormatter@ea21a9a0]" classname="org.jabref.logic.formatter.FormatterTest" time="0.0"/>
  <testcase name="getDescriptionAlwaysNonEmpty[9: org.jabref.logic.formatter.bibtexfields.NormalizeDateFormatter@ea21a9a0]" classname="org.jabref.logic.formatter.FormatterTest" time="0.0"/>
  <testcase name="getExampleInputAlwaysNonEmpty[9: org.jabref.logic.formatter.bibtexfields.NormalizeDateFormatter@ea21a9a0]" classname="org.jabref.logic.formatter.FormatterTest" time="0.0"/>
  <testcase name="getNameReturnsNotEmpty[9: org.jabref.logic.formatter.bibtexfields.NormalizeDateFormatter@ea21a9a0]" classname="org.jabref.logic.formatter.FormatterTest" time="0.0"/>
  <testcase name="formatOfNullThrowsException[9: org.jabref.logic.formatter.bibtexfields.NormalizeDateFormatter@ea21a9a0]" classname="org.jabref.logic.formatter.FormatterTest" time="0.0"/>
  <testcase name="formatNotReturnsNull[9: org.jabref.logic.formatter.bibtexfields.NormalizeDateFormatter@ea21a9a0]" classname="org.jabref.logic.formatter.FormatterTest" time="0.0"/>
  <testcase name="formatOfEmptyStringReturnsEmpty[9: org.jabref.logic.formatter.bibtexfields.NormalizeDateFormatter@ea21a9a0]" classname="org.jabref.logic.formatter.FormatterTest" time="0.0"/>
  <testcase name="getKeyReturnsNotEmpty[9: org.jabref.logic.formatter.bibtexfields.NormalizeDateFormatter@ea21a9a0]" classname="org.jabref.logic.formatter.FormatterTest" time="0.0"/>
  <testcase name="getKeyReturnsNotNull[10: org.jabref.logic.formatter.bibtexfields.NormalizeMonthFormatter@756a215e]" classname="org.jabref.logic.formatter.FormatterTest" time="0.0"/>
  <testcase name="getNameReturnsNotNull[10: org.jabref.logic.formatter.bibtexfields.NormalizeMonthFormatter@756a215e]" classname="org.jabref.logic.formatter.FormatterTest" time="0.0"/>
  <testcase name="getDescriptionAlwaysNonEmpty[10: org.jabref.logic.formatter.bibtexfields.NormalizeMonthFormatter@756a215e]" classname="org.jabref.logic.formatter.FormatterTest" time="0.0"/>
  <testcase name="getExampleInputAlwaysNonEmpty[10: org.jabref.logic.formatter.bibtexfields.NormalizeMonthFormatter@756a215e]" classname="org.jabref.logic.formatter.FormatterTest" time="0.0"/>
  <testcase name="getNameReturnsNotEmpty[10: org.jabref.logic.formatter.bibtexfields.NormalizeMonthFormatter@756a215e]" classname="org.jabref.logic.formatter.FormatterTest" time="0.0"/>
  <testcase name="formatOfNullThrowsException[10: org.jabref.logic.formatter.bibtexfields.NormalizeMonthFormatter@756a215e]" classname="org.jabref.logic.formatter.FormatterTest" time="0.0"/>
  <testcase name="formatNotReturnsNull[10: org.jabref.logic.formatter.bibtexfields.NormalizeMonthFormatter@756a215e]" classname="org.jabref.logic.formatter.FormatterTest" time="0.0"/>
  <testcase name="formatOfEmptyStringReturnsEmpty[10: org.jabref.logic.formatter.bibtexfields.NormalizeMonthFormatter@756a215e]" classname="org.jabref.logic.formatter.FormatterTest" time="0.001"/>
  <testcase name="getKeyReturnsNotEmpty[10: org.jabref.logic.formatter.bibtexfields.NormalizeMonthFormatter@756a215e]" classname="org.jabref.logic.formatter.FormatterTest" time="0.0"/>
  <testcase name="getKeyReturnsNotNull[11: org.jabref.logic.formatter.bibtexfields.NormalizeNamesFormatter@408aa7ce]" classname="org.jabref.logic.formatter.FormatterTest" time="0.0"/>
  <testcase name="getNameReturnsNotNull[11: org.jabref.logic.formatter.bibtexfields.NormalizeNamesFormatter@408aa7ce]" classname="org.jabref.logic.formatter.FormatterTest" time="0.0"/>
  <testcase name="getDescriptionAlwaysNonEmpty[11: org.jabref.logic.formatter.bibtexfields.NormalizeNamesFormatter@408aa7ce]" classname="org.jabref.logic.formatter.FormatterTest" time="0.0"/>
  <testcase name="getExampleInputAlwaysNonEmpty[11: org.jabref.logic.formatter.bibtexfields.NormalizeNamesFormatter@408aa7ce]" classname="org.jabref.logic.formatter.FormatterTest" time="0.0"/>
  <testcase name="getNameReturnsNotEmpty[11: org.jabref.logic.formatter.bibtexfields.NormalizeNamesFormatter@408aa7ce]" classname="org.jabref.logic.formatter.FormatterTest" time="0.0"/>
  <testcase name="formatOfNullThrowsException[11: org.jabref.logic.formatter.bibtexfields.NormalizeNamesFormatter@408aa7ce]" classname="org.jabref.logic.formatter.FormatterTest" time="0.0"/>
  <testcase name="formatNotReturnsNull[11: org.jabref.logic.formatter.bibtexfields.NormalizeNamesFormatter@408aa7ce]" classname="org.jabref.logic.formatter.FormatterTest" time="0.0"/>
  <testcase name="formatOfEmptyStringReturnsEmpty[11: org.jabref.logic.formatter.bibtexfields.NormalizeNamesFormatter@408aa7ce]" classname="org.jabref.logic.formatter.FormatterTest" time="0.0"/>
  <testcase name="getKeyReturnsNotEmpty[11: org.jabref.logic.formatter.bibtexfields.NormalizeNamesFormatter@408aa7ce]" classname="org.jabref.logic.formatter.FormatterTest" time="0.0"/>
  <testcase name="getKeyReturnsNotNull[12: org.jabref.logic.formatter.bibtexfields.NormalizePagesFormatter@1b19408c]" classname="org.jabref.logic.formatter.FormatterTest" time="0.0"/>
  <testcase name="getNameReturnsNotNull[12: org.jabref.logic.formatter.bibtexfields.NormalizePagesFormatter@1b19408c]" classname="org.jabref.logic.formatter.FormatterTest" time="0.001"/>
  <testcase name="getDescriptionAlwaysNonEmpty[12: org.jabref.logic.formatter.bibtexfields.NormalizePagesFormatter@1b19408c]" classname="org.jabref.logic.formatter.FormatterTest" time="0.0"/>
  <testcase name="getExampleInputAlwaysNonEmpty[12: org.jabref.logic.formatter.bibtexfields.NormalizePagesFormatter@1b19408c]" classname="org.jabref.logic.formatter.FormatterTest" time="0.0"/>
  <testcase name="getNameReturnsNotEmpty[12: org.jabref.logic.formatter.bibtexfields.NormalizePagesFormatter@1b19408c]" classname="org.jabref.logic.formatter.FormatterTest" time="0.0"/>
  <testcase name="formatOfNullThrowsException[12: org.jabref.logic.formatter.bibtexfields.NormalizePagesFormatter@1b19408c]" classname="org.jabref.logic.formatter.FormatterTest" time="0.0"/>
  <testcase name="formatNotReturnsNull[12: org.jabref.logic.formatter.bibtexfields.NormalizePagesFormatter@1b19408c]" classname="org.jabref.logic.formatter.FormatterTest" time="0.0"/>
  <testcase name="formatOfEmptyStringReturnsEmpty[12: org.jabref.logic.formatter.bibtexfields.NormalizePagesFormatter@1b19408c]" classname="org.jabref.logic.formatter.FormatterTest" time="0.0"/>
  <testcase name="getKeyReturnsNotEmpty[12: org.jabref.logic.formatter.bibtexfields.NormalizePagesFormatter@1b19408c]" classname="org.jabref.logic.formatter.FormatterTest" time="0.0"/>
  <testcase name="getKeyReturnsNotNull[13: org.jabref.logic.formatter.bibtexfields.OrdinalsToSuperscriptFormatter@5059414e]" classname="org.jabref.logic.formatter.FormatterTest" time="0.0"/>
  <testcase name="getNameReturnsNotNull[13: org.jabref.logic.formatter.bibtexfields.OrdinalsToSuperscriptFormatter@5059414e]" classname="org.jabref.logic.formatter.FormatterTest" time="0.0"/>
  <testcase name="getDescriptionAlwaysNonEmpty[13: org.jabref.logic.formatter.bibtexfields.OrdinalsToSuperscriptFormatter@5059414e]" classname="org.jabref.logic.formatter.FormatterTest" time="0.0"/>
  <testcase name="getExampleInputAlwaysNonEmpty[13: org.jabref.logic.formatter.bibtexfields.OrdinalsToSuperscriptFormatter@5059414e]" classname="org.jabref.logic.formatter.FormatterTest" time="0.0"/>
  <testcase name="getNameReturnsNotEmpty[13: org.jabref.logic.formatter.bibtexfields.OrdinalsToSuperscriptFormatter@5059414e]" classname="org.jabref.logic.formatter.FormatterTest" time="0.0"/>
  <testcase name="formatOfNullThrowsException[13: org.jabref.logic.formatter.bibtexfields.OrdinalsToSuperscriptFormatter@5059414e]" classname="org.jabref.logic.formatter.FormatterTest" time="0.0"/>
  <testcase name="formatNotReturnsNull[13: org.jabref.logic.formatter.bibtexfields.OrdinalsToSuperscriptFormatter@5059414e]" classname="org.jabref.logic.formatter.FormatterTest" time="0.0"/>
  <testcase name="formatOfEmptyStringReturnsEmpty[13: org.jabref.logic.formatter.bibtexfields.OrdinalsToSuperscriptFormatter@5059414e]" classname="org.jabref.logic.formatter.FormatterTest" time="0.0"/>
  <testcase name="getKeyReturnsNotEmpty[13: org.jabref.logic.formatter.bibtexfields.OrdinalsToSuperscriptFormatter@5059414e]" classname="org.jabref.logic.formatter.FormatterTest" time="0.0"/>
  <testcase name="getKeyReturnsNotNull[14: org.jabref.logic.formatter.casechanger.ProtectTermsFormatter@3549d8d6]" classname="org.jabref.logic.formatter.FormatterTest" time="0.0"/>
  <testcase name="getNameReturnsNotNull[14: org.jabref.logic.formatter.casechanger.ProtectTermsFormatter@3549d8d6]" classname="org.jabref.logic.formatter.FormatterTest" time="0.0"/>
  <testcase name="getDescriptionAlwaysNonEmpty[14: org.jabref.logic.formatter.casechanger.ProtectTermsFormatter@3549d8d6]" classname="org.jabref.logic.formatter.FormatterTest" time="0.0"/>
  <testcase name="getExampleInputAlwaysNonEmpty[14: org.jabref.logic.formatter.casechanger.ProtectTermsFormatter@3549d8d6]" classname="org.jabref.logic.formatter.FormatterTest" time="0.0"/>
  <testcase name="getNameReturnsNotEmpty[14: org.jabref.logic.formatter.casechanger.ProtectTermsFormatter@3549d8d6]" classname="org.jabref.logic.formatter.FormatterTest" time="0.0"/>
  <testcase name="formatOfNullThrowsException[14: org.jabref.logic.formatter.casechanger.ProtectTermsFormatter@3549d8d6]" classname="org.jabref.logic.formatter.FormatterTest" time="0.0"/>
  <testcase name="formatNotReturnsNull[14: org.jabref.logic.formatter.casechanger.ProtectTermsFormatter@3549d8d6]" classname="org.jabref.logic.formatter.FormatterTest" time="0.005"/>
  <testcase name="formatOfEmptyStringReturnsEmpty[14: org.jabref.logic.formatter.casechanger.ProtectTermsFormatter@3549d8d6]" classname="org.jabref.logic.formatter.FormatterTest" time="0.0"/>
  <testcase name="getKeyReturnsNotEmpty[14: org.jabref.logic.formatter.casechanger.ProtectTermsFormatter@3549d8d6]" classname="org.jabref.logic.formatter.FormatterTest" time="0.0"/>
  <testcase name="getKeyReturnsNotNull[15: org.jabref.logic.formatter.bibtexfields.RemoveBracesFormatter@110d6ff0]" classname="org.jabref.logic.formatter.FormatterTest" time="0.0"/>
  <testcase name="getNameReturnsNotNull[15: org.jabref.logic.formatter.bibtexfields.RemoveBracesFormatter@110d6ff0]" classname="org.jabref.logic.formatter.FormatterTest" time="0.001"/>
  <testcase name="getDescriptionAlwaysNonEmpty[15: org.jabref.logic.formatter.bibtexfields.RemoveBracesFormatter@110d6ff0]" classname="org.jabref.logic.formatter.FormatterTest" time="0.0"/>
  <testcase name="getExampleInputAlwaysNonEmpty[15: org.jabref.logic.formatter.bibtexfields.RemoveBracesFormatter@110d6ff0]" classname="org.jabref.logic.formatter.FormatterTest" time="0.0"/>
  <testcase name="getNameReturnsNotEmpty[15: org.jabref.logic.formatter.bibtexfields.RemoveBracesFormatter@110d6ff0]" classname="org.jabref.logic.formatter.FormatterTest" time="0.0"/>
  <testcase name="formatOfNullThrowsException[15: org.jabref.logic.formatter.bibtexfields.RemoveBracesFormatter@110d6ff0]" classname="org.jabref.logic.formatter.FormatterTest" time="0.001"/>
  <testcase name="formatNotReturnsNull[15: org.jabref.logic.formatter.bibtexfields.RemoveBracesFormatter@110d6ff0]" classname="org.jabref.logic.formatter.FormatterTest" time="0.0"/>
  <testcase name="formatOfEmptyStringReturnsEmpty[15: org.jabref.logic.formatter.bibtexfields.RemoveBracesFormatter@110d6ff0]" classname="org.jabref.logic.formatter.FormatterTest" time="0.0"/>
  <testcase name="getKeyReturnsNotEmpty[15: org.jabref.logic.formatter.bibtexfields.RemoveBracesFormatter@110d6ff0]" classname="org.jabref.logic.formatter.FormatterTest" time="0.001"/>
  <testcase name="getKeyReturnsNotNull[16: org.jabref.logic.formatter.casechanger.SentenceCaseFormatter@4ac0ec8]" classname="org.jabref.logic.formatter.FormatterTest" time="0.0"/>
  <testcase name="getNameReturnsNotNull[16: org.jabref.logic.formatter.casechanger.SentenceCaseFormatter@4ac0ec8]" classname="org.jabref.logic.formatter.FormatterTest" time="0.0"/>
  <testcase name="getDescriptionAlwaysNonEmpty[16: org.jabref.logic.formatter.casechanger.SentenceCaseFormatter@4ac0ec8]" classname="org.jabref.logic.formatter.FormatterTest" time="0.0"/>
  <testcase name="getExampleInputAlwaysNonEmpty[16: org.jabref.logic.formatter.casechanger.SentenceCaseFormatter@4ac0ec8]" classname="org.jabref.logic.formatter.FormatterTest" time="0.0"/>
  <testcase name="getNameReturnsNotEmpty[16: org.jabref.logic.formatter.casechanger.SentenceCaseFormatter@4ac0ec8]" classname="org.jabref.logic.formatter.FormatterTest" time="0.0"/>
  <testcase name="formatOfNullThrowsException[16: org.jabref.logic.formatter.casechanger.SentenceCaseFormatter@4ac0ec8]" classname="org.jabref.logic.formatter.FormatterTest" time="0.0"/>
  <testcase name="formatNotReturnsNull[16: org.jabref.logic.formatter.casechanger.SentenceCaseFormatter@4ac0ec8]" classname="org.jabref.logic.formatter.FormatterTest" time="0.001"/>
  <testcase name="formatOfEmptyStringReturnsEmpty[16: org.jabref.logic.formatter.casechanger.SentenceCaseFormatter@4ac0ec8]" classname="org.jabref.logic.formatter.FormatterTest" time="0.0"/>
  <testcase name="getKeyReturnsNotEmpty[16: org.jabref.logic.formatter.casechanger.SentenceCaseFormatter@4ac0ec8]" classname="org.jabref.logic.formatter.FormatterTest" time="0.0"/>
  <testcase name="getKeyReturnsNotNull[17: org.jabref.logic.formatter.casechanger.TitleCaseFormatter@1ee56c22]" classname="org.jabref.logic.formatter.FormatterTest" time="0.0"/>
  <testcase name="getNameReturnsNotNull[17: org.jabref.logic.formatter.casechanger.TitleCaseFormatter@1ee56c22]" classname="org.jabref.logic.formatter.FormatterTest" time="0.0"/>
  <testcase name="getDescriptionAlwaysNonEmpty[17: org.jabref.logic.formatter.casechanger.TitleCaseFormatter@1ee56c22]" classname="org.jabref.logic.formatter.FormatterTest" time="0.0"/>
  <testcase name="getExampleInputAlwaysNonEmpty[17: org.jabref.logic.formatter.casechanger.TitleCaseFormatter@1ee56c22]" classname="org.jabref.logic.formatter.FormatterTest" time="0.0"/>
  <testcase name="getNameReturnsNotEmpty[17: org.jabref.logic.formatter.casechanger.TitleCaseFormatter@1ee56c22]" classname="org.jabref.logic.formatter.FormatterTest" time="0.0"/>
  <testcase name="formatOfNullThrowsException[17: org.jabref.logic.formatter.casechanger.TitleCaseFormatter@1ee56c22]" classname="org.jabref.logic.formatter.FormatterTest" time="0.001"/>
  <testcase name="formatNotReturnsNull[17: org.jabref.logic.formatter.casechanger.TitleCaseFormatter@1ee56c22]" classname="org.jabref.logic.formatter.FormatterTest" time="0.0"/>
  <testcase name="formatOfEmptyStringReturnsEmpty[17: org.jabref.logic.formatter.casechanger.TitleCaseFormatter@1ee56c22]" classname="org.jabref.logic.formatter.FormatterTest" time="0.0"/>
  <testcase name="getKeyReturnsNotEmpty[17: org.jabref.logic.formatter.casechanger.TitleCaseFormatter@1ee56c22]" classname="org.jabref.logic.formatter.FormatterTest" time="0.0"/>
  <testcase name="getKeyReturnsNotNull[18: org.jabref.logic.formatter.bibtexfields.UnicodeToLatexFormatter@65118840]" classname="org.jabref.logic.formatter.FormatterTest" time="0.0"/>
  <testcase name="getNameReturnsNotNull[18: org.jabref.logic.formatter.bibtexfields.UnicodeToLatexFormatter@65118840]" classname="org.jabref.logic.formatter.FormatterTest" time="0.0"/>
  <testcase name="getDescriptionAlwaysNonEmpty[18: org.jabref.logic.formatter.bibtexfields.UnicodeToLatexFormatter@65118840]" classname="org.jabref.logic.formatter.FormatterTest" time="0.0"/>
  <testcase name="getExampleInputAlwaysNonEmpty[18: org.jabref.logic.formatter.bibtexfields.UnicodeToLatexFormatter@65118840]" classname="org.jabref.logic.formatter.FormatterTest" time="0.0"/>
  <testcase name="getNameReturnsNotEmpty[18: org.jabref.logic.formatter.bibtexfields.UnicodeToLatexFormatter@65118840]" classname="org.jabref.logic.formatter.FormatterTest" time="0.0"/>
  <testcase name="formatOfNullThrowsException[18: org.jabref.logic.formatter.bibtexfields.UnicodeToLatexFormatter@65118840]" classname="org.jabref.logic.formatter.FormatterTest" time="0.0"/>
  <testcase name="formatNotReturnsNull[18: org.jabref.logic.formatter.bibtexfields.UnicodeToLatexFormatter@65118840]" classname="org.jabref.logic.formatter.FormatterTest" time="0.001"/>
  <testcase name="formatOfEmptyStringReturnsEmpty[18: org.jabref.logic.formatter.bibtexfields.UnicodeToLatexFormatter@65118840]" classname="org.jabref.logic.formatter.FormatterTest" time="0.0"/>
  <testcase name="getKeyReturnsNotEmpty[18: org.jabref.logic.formatter.bibtexfields.UnicodeToLatexFormatter@65118840]" classname="org.jabref.logic.formatter.FormatterTest" time="0.0"/>
  <testcase name="getKeyReturnsNotNull[19: org.jabref.logic.formatter.bibtexfields.UnitsToLatexFormatter@1f1919fd]" classname="org.jabref.logic.formatter.FormatterTest" time="0.0"/>
  <testcase name="getNameReturnsNotNull[19: org.jabref.logic.formatter.bibtexfields.UnitsToLatexFormatter@1f1919fd]" classname="org.jabref.logic.formatter.FormatterTest" time="0.0"/>
  <testcase name="getDescriptionAlwaysNonEmpty[19: org.jabref.logic.formatter.bibtexfields.UnitsToLatexFormatter@1f1919fd]" classname="org.jabref.logic.formatter.FormatterTest" time="0.0"/>
  <testcase name="getExampleInputAlwaysNonEmpty[19: org.jabref.logic.formatter.bibtexfields.UnitsToLatexFormatter@1f1919fd]" classname="org.jabref.logic.formatter.FormatterTest" time="0.0"/>
  <testcase name="getNameReturnsNotEmpty[19: org.jabref.logic.formatter.bibtexfields.UnitsToLatexFormatter@1f1919fd]" classname="org.jabref.logic.formatter.FormatterTest" time="0.0"/>
  <testcase name="formatOfNullThrowsException[19: org.jabref.logic.formatter.bibtexfields.UnitsToLatexFormatter@1f1919fd]" classname="org.jabref.logic.formatter.FormatterTest" time="0.0"/>
  <testcase name="formatNotReturnsNull[19: org.jabref.logic.formatter.bibtexfields.UnitsToLatexFormatter@1f1919fd]" classname="org.jabref.logic.formatter.FormatterTest" time="0.006"/>
  <testcase name="formatOfEmptyStringReturnsEmpty[19: org.jabref.logic.formatter.bibtexfields.UnitsToLatexFormatter@1f1919fd]" classname="org.jabref.logic.formatter.FormatterTest" time="0.0"/>
  <testcase name="getKeyReturnsNotEmpty[19: org.jabref.logic.formatter.bibtexfields.UnitsToLatexFormatter@1f1919fd]" classname="org.jabref.logic.formatter.FormatterTest" time="0.0"/>
  <testcase name="getKeyReturnsNotNull[20: org.jabref.logic.formatter.casechanger.UpperCaseFormatter@7ba78e98]" classname="org.jabref.logic.formatter.FormatterTest" time="0.0"/>
  <testcase name="getNameReturnsNotNull[20: org.jabref.logic.formatter.casechanger.UpperCaseFormatter@7ba78e98]" classname="org.jabref.logic.formatter.FormatterTest" time="0.0"/>
  <testcase name="getDescriptionAlwaysNonEmpty[20: org.jabref.logic.formatter.casechanger.UpperCaseFormatter@7ba78e98]" classname="org.jabref.logic.formatter.FormatterTest" time="0.0"/>
  <testcase name="getExampleInputAlwaysNonEmpty[20: org.jabref.logic.formatter.casechanger.UpperCaseFormatter@7ba78e98]" classname="org.jabref.logic.formatter.FormatterTest" time="0.0"/>
  <testcase name="getNameReturnsNotEmpty[20: org.jabref.logic.formatter.casechanger.UpperCaseFormatter@7ba78e98]" classname="org.jabref.logic.formatter.FormatterTest" time="0.0"/>
  <testcase name="formatOfNullThrowsException[20: org.jabref.logic.formatter.casechanger.UpperCaseFormatter@7ba78e98]" classname="org.jabref.logic.formatter.FormatterTest" time="0.001"/>
  <testcase name="formatNotReturnsNull[20: org.jabref.logic.formatter.casechanger.UpperCaseFormatter@7ba78e98]" classname="org.jabref.logic.formatter.FormatterTest" time="0.0"/>
  <testcase name="formatOfEmptyStringReturnsEmpty[20: org.jabref.logic.formatter.casechanger.UpperCaseFormatter@7ba78e98]" classname="org.jabref.logic.formatter.FormatterTest" time="0.0"/>
  <testcase name="getKeyReturnsNotEmpty[20: org.jabref.logic.formatter.casechanger.UpperCaseFormatter@7ba78e98]" classname="org.jabref.logic.formatter.FormatterTest" time="0.0"/>
  <system-out><![CDATA[]]></system-out>
  <system-err><![CDATA[]]></system-err>
</testsuite>
