<?xml version="1.0" encoding="UTF-8"?>
<testsuite name="org.jabref.logic.layout.format.ToUpperCaseTest" tests="5" skipped="0" failures="0" errors="0" timestamp="2017-06-20T11:35:42" hostname="auri-inspiron" time="0.0">
  <properties/>
  <testcase name="testEmpty" classname="org.jabref.logic.layout.format.ToUpperCaseTest" time="0.0"/>
  <testcase name="testNull" classname="org.jabref.logic.layout.format.ToUpperCaseTest" time="0.0"/>
  <testcase name="testLowerCase" classname="org.jabref.logic.layout.format.ToUpperCaseTest" time="0.0"/>
  <testcase name="testUpperCase" classname="org.jabref.logic.layout.format.ToUpperCaseTest" time="0.0"/>
  <testcase name="testMixedCase" classname="org.jabref.logic.layout.format.ToUpperCaseTest" time="0.0"/>
  <system-out><![CDATA[]]></system-out>
  <system-err><![CDATA[]]></system-err>
</testsuite>
