<?xml version="1.0" encoding="UTF-8"?>
<testsuite name="org.jabref.logic.bibtex.comparator.CrossRefEntryComparatorTest" tests="4" skipped="0" failures="0" errors="0" timestamp="2017-06-23T03:41:04" hostname="jessicadias-VPCEH40EB" time="0.001">
  <properties/>
  <testcase name="isGreaterForEntriesWithoutCrossRef" classname="org.jabref.logic.bibtex.comparator.CrossRefEntryComparatorTest" time="0.001"/>
  <testcase name="isEqualForEntriesWithoutCrossRef" classname="org.jabref.logic.bibtex.comparator.CrossRefEntryComparatorTest" time="0.0"/>
  <testcase name="isSmallerForEntriesWithCrossRef" classname="org.jabref.logic.bibtex.comparator.CrossRefEntryComparatorTest" time="0.0"/>
  <testcase name="isEqualForEntriesWithCrossRef" classname="org.jabref.logic.bibtex.comparator.CrossRefEntryComparatorTest" time="0.0"/>
  <system-out><![CDATA[]]></system-out>
  <system-err><![CDATA[]]></system-err>
</testsuite>
