<?xml version="1.0" encoding="UTF-8"?>
<testsuite name="org.jabref.logic.importer.DatabaseFileLookupTest" tests="1" skipped="0" failures="0" errors="0" timestamp="2017-06-25T05:36:28" hostname="jessicadias-VPCEH40EB" time="0.003">
  <properties/>
  <testcase name="testTestDatabase" classname="org.jabref.logic.importer.DatabaseFileLookupTest" time="0.003"/>
  <system-out><![CDATA[]]></system-out>
  <system-err><![CDATA[]]></system-err>
</testsuite>
