<?xml version="1.0" encoding="UTF-8"?>
<testsuite name="org.jabref.logic.exporter.CsvExportFormatTest" tests="4" skipped="0" failures="0" errors="0" timestamp="2017-06-20T11:36:04" hostname="auri-inspiron" time="1.186">
  <properties/>
  <testcase name="testPerformExportForMultipleAuthors" classname="org.jabref.logic.exporter.CsvExportFormatTest" time="0.481"/>
  <testcase name="testPerformExportForSingleAuthor" classname="org.jabref.logic.exporter.CsvExportFormatTest" time="0.259"/>
  <testcase name="testPerformExportForSingleEditor" classname="org.jabref.logic.exporter.CsvExportFormatTest" time="0.236"/>
  <testcase name="testPerformExportForMultipleEditors" classname="org.jabref.logic.exporter.CsvExportFormatTest" time="0.21"/>
  <system-out><![CDATA[]]></system-out>
  <system-err><![CDATA[]]></system-err>
</testsuite>
