<?xml version="1.0" encoding="UTF-8"?>
<testsuite name="org.jabref.logic.l10n.LocalizationConsistencyTest" tests="9" skipped="0" failures="0" errors="0" timestamp="2017-06-25T05:35:25" hostname="jessicadias-VPCEH40EB" time="2.673">
  <properties/>
  <testcase name="findMissingMenuLocalizationKeys" classname="org.jabref.logic.l10n.LocalizationConsistencyTest" time="0.15"/>
  <testcase name="findObsoleteLocalizationKeys" classname="org.jabref.logic.l10n.LocalizationConsistencyTest" time="1.656"/>
  <testcase name="allFilesMustHaveSameKeys" classname="org.jabref.logic.l10n.LocalizationConsistencyTest" time="0.231"/>
  <testcase name="keyValueShouldBeEqualForEnglishPropertiesMessages" classname="org.jabref.logic.l10n.LocalizationConsistencyTest" time="0.02"/>
  <testcase name="ensureNoDuplicates" classname="org.jabref.logic.l10n.LocalizationConsistencyTest" time="0.069"/>
  <testcase name="localizationParameterMustIncludeAString" classname="org.jabref.logic.l10n.LocalizationConsistencyTest" time="0.179"/>
  <testcase name="findMissingLocalizationKeys" classname="org.jabref.logic.l10n.LocalizationConsistencyTest" time="0.282"/>
  <testcase name="findObsoleteMenuLocalizationKeys" classname="org.jabref.logic.l10n.LocalizationConsistencyTest" time="0.082"/>
  <testcase name="keyValueShouldBeEqualForEnglishPropertiesMenu" classname="org.jabref.logic.l10n.LocalizationConsistencyTest" time="0.002"/>
  <system-out><![CDATA[]]></system-out>
  <system-err><![CDATA[Jun 25, 2017 2:35:26 AM javafx.fxml.FXMLLoader$ValueElement processValue
WARNING: Loading FXML document with JavaFX API of version 8.0.112 by JavaFX runtime of version 8.0.111
Jun 25, 2017 2:35:27 AM javafx.fxml.FXMLLoader$ValueElement processValue
WARNING: Loading FXML document with JavaFX API of version 8.0.112 by JavaFX runtime of version 8.0.111
Jun 25, 2017 2:35:27 AM javafx.fxml.FXMLLoader$ValueElement processValue
WARNING: Loading FXML document with JavaFX API of version 8.0.112 by JavaFX runtime of version 8.0.111
Jun 25, 2017 2:35:27 AM javafx.fxml.FXMLLoader$ValueElement processValue
WARNING: Loading FXML document with JavaFX API of version 8.0.112 by JavaFX runtime of version 8.0.111
Jun 25, 2017 2:35:27 AM javafx.fxml.FXMLLoader$ValueElement processValue
WARNING: Loading FXML document with JavaFX API of version 8.0.112 by JavaFX runtime of version 8.0.111
Jun 25, 2017 2:35:27 AM javafx.fxml.FXMLLoader$ValueElement processValue
WARNING: Loading FXML document with JavaFX API of version 8.0.112 by JavaFX runtime of version 8.0.111
Jun 25, 2017 2:35:27 AM javafx.fxml.FXMLLoader$ValueElement processValue
WARNING: Loading FXML document with JavaFX API of version 8.0.112 by JavaFX runtime of version 8.0.111
Jun 25, 2017 2:35:27 AM javafx.fxml.FXMLLoader$ValueElement processValue
WARNING: Loading FXML document with JavaFX API of version 8.0.112 by JavaFX runtime of version 8.0.111
Jun 25, 2017 2:35:27 AM javafx.fxml.FXMLLoader$ValueElement processValue
WARNING: Loading FXML document with JavaFX API of version 8.0.112 by JavaFX runtime of version 8.0.111
Jun 25, 2017 2:35:27 AM javafx.fxml.FXMLLoader$ValueElement processValue
WARNING: Loading FXML document with JavaFX API of version 8.0.112 by JavaFX runtime of version 8.0.111
Jun 25, 2017 2:35:27 AM javafx.fxml.FXMLLoader$ValueElement processValue
WARNING: Loading FXML document with JavaFX API of version 8.0.112 by JavaFX runtime of version 8.0.111
Jun 25, 2017 2:35:28 AM javafx.fxml.FXMLLoader$ValueElement processValue
WARNING: Loading FXML document with JavaFX API of version 8.0.112 by JavaFX runtime of version 8.0.111
Jun 25, 2017 2:35:28 AM javafx.fxml.FXMLLoader$ValueElement processValue
WARNING: Loading FXML document with JavaFX API of version 8.0.112 by JavaFX runtime of version 8.0.111
Jun 25, 2017 2:35:28 AM javafx.fxml.FXMLLoader$ValueElement processValue
WARNING: Loading FXML document with JavaFX API of version 8.0.112 by JavaFX runtime of version 8.0.111
Jun 25, 2017 2:35:28 AM javafx.fxml.FXMLLoader$ValueElement processValue
WARNING: Loading FXML document with JavaFX API of version 8.0.112 by JavaFX runtime of version 8.0.111
Jun 25, 2017 2:35:28 AM javafx.fxml.FXMLLoader$ValueElement processValue
WARNING: Loading FXML document with JavaFX API of version 8.0.112 by JavaFX runtime of version 8.0.111
Jun 25, 2017 2:35:28 AM javafx.fxml.FXMLLoader$ValueElement processValue
WARNING: Loading FXML document with JavaFX API of version 8.0.112 by JavaFX runtime of version 8.0.111
Jun 25, 2017 2:35:28 AM javafx.fxml.FXMLLoader$ValueElement processValue
WARNING: Loading FXML document with JavaFX API of version 8.0.112 by JavaFX runtime of version 8.0.111
Jun 25, 2017 2:35:28 AM javafx.fxml.FXMLLoader$ValueElement processValue
WARNING: Loading FXML document with JavaFX API of version 8.0.112 by JavaFX runtime of version 8.0.111
Jun 25, 2017 2:35:28 AM javafx.fxml.FXMLLoader$ValueElement processValue
WARNING: Loading FXML document with JavaFX API of version 8.0.112 by JavaFX runtime of version 8.0.111
]]></system-err>
</testsuite>
