<?xml version="1.0" encoding="UTF-8"?>
<testsuite name="org.jabref.logic.importer.ImportDataTest" tests="2" skipped="0" failures="0" errors="0" timestamp="2017-06-23T03:38:52" hostname="jessicadias-VPCEH40EB" time="0.0">
  <properties/>
  <testcase name="testOpenNotExistingDirectory" classname="org.jabref.logic.importer.ImportDataTest" time="0.0"/>
  <testcase name="testTestingEnvironment" classname="org.jabref.logic.importer.ImportDataTest" time="0.0"/>
  <system-out><![CDATA[]]></system-out>
  <system-err><![CDATA[]]></system-err>
</testsuite>
