<?xml version="1.0" encoding="UTF-8"?>
<testsuite name="org.jabref.logic.protectedterms.ProtectedTermsListTest" tests="13" skipped="0" failures="0" errors="0" timestamp="2017-06-25T05:35:29" hostname="jessicadias-VPCEH40EB" time="0.009">
  <properties/>
  <testcase name="testNotEnabledByDefault" classname="org.jabref.logic.protectedterms.ProtectedTermsListTest" time="0.001"/>
  <testcase name="testCanAddTermToExternalList" classname="org.jabref.logic.protectedterms.ProtectedTermsListTest" time="0.001"/>
  <testcase name="testSetEnabledIsEnabled" classname="org.jabref.logic.protectedterms.ProtectedTermsListTest" time="0.001"/>
  <testcase name="testGetLocation" classname="org.jabref.logic.protectedterms.ProtectedTermsListTest" time="0.001"/>
  <testcase name="testTermAddedToExternalList" classname="org.jabref.logic.protectedterms.ProtectedTermsListTest" time="0.0"/>
  <testcase name="testCompareTo" classname="org.jabref.logic.protectedterms.ProtectedTermsListTest" time="0.0"/>
  <testcase name="testProtectedTermsListStringListOfStringStringBoolean" classname="org.jabref.logic.protectedterms.ProtectedTermsListTest" time="0.001"/>
  <testcase name="testTermNotAddedToInternalList" classname="org.jabref.logic.protectedterms.ProtectedTermsListTest" time="0.0"/>
  <testcase name="testGetTermList" classname="org.jabref.logic.protectedterms.ProtectedTermsListTest" time="0.001"/>
  <testcase name="testGetTermListing" classname="org.jabref.logic.protectedterms.ProtectedTermsListTest" time="0.0"/>
  <testcase name="testGetDescription" classname="org.jabref.logic.protectedterms.ProtectedTermsListTest" time="0.001"/>
  <testcase name="testProtectedTermsListStringListOfStringString" classname="org.jabref.logic.protectedterms.ProtectedTermsListTest" time="0.0"/>
  <testcase name="testCanNotAddTermToInternalList" classname="org.jabref.logic.protectedterms.ProtectedTermsListTest" time="0.001"/>
  <system-out><![CDATA[]]></system-out>
  <system-err><![CDATA[]]></system-err>
</testsuite>
