<?xml version="1.0" encoding="UTF-8"?>
<testsuite name="org.jabref.logic.formatter.bibtexfields.UnitsToLatexFormatterTest" tests="2" skipped="0" failures="0" errors="0" timestamp="2017-06-23T03:37:42" hostname="jessicadias-VPCEH40EB" time="0.029">
  <properties/>
  <testcase name="test" classname="org.jabref.logic.formatter.bibtexfields.UnitsToLatexFormatterTest" time="0.018"/>
  <testcase name="formatExample" classname="org.jabref.logic.formatter.bibtexfields.UnitsToLatexFormatterTest" time="0.011"/>
  <system-out><![CDATA[]]></system-out>
  <system-err><![CDATA[]]></system-err>
</testsuite>
