<?xml version="1.0" encoding="UTF-8"?>
<testsuite name="org.jabref.logic.citationstyle.CitationStyleTest" tests="2" skipped="0" failures="0" errors="0" timestamp="2017-06-20T11:35:22" hostname="auri-inspiron" time="16.374">
  <properties/>
  <testcase name="getDefault" classname="org.jabref.logic.citationstyle.CitationStyleTest" time="0.08"/>
  <testcase name="testDefaultCitation" classname="org.jabref.logic.citationstyle.CitationStyleTest" time="16.294"/>
  <system-out><![CDATA[]]></system-out>
  <system-err><![CDATA[ANTLR Tool version 4.5.3 used for code generation does not match the current runtime version 4.7ANTLR Runtime version 4.5.3 used for parser compilation does not match the current runtime version 4.7ANTLR Tool version 4.5.3 used for code generation does not match the current runtime version 4.7ANTLR Runtime version 4.5.3 used for parser compilation does not match the current runtime version 4.7ANTLR Tool version 4.5.3 used for code generation does not match the current runtime version 4.7ANTLR Runtime version 4.5.3 used for parser compilation does not match the current runtime version 4.7ANTLR Tool version 4.5.3 used for code generation does not match the current runtime version 4.7ANTLR Runtime version 4.5.3 used for parser compilation does not match the current runtime version 4.7]]></system-err>
</testsuite>
