<?xml version="1.0" encoding="UTF-8"?>
<testsuite name="org.jabref.logic.bibtex.DuplicateCheckTest" tests="8" skipped="0" failures="0" errors="0" timestamp="2017-06-23T03:41:04" hostname="jessicadias-VPCEH40EB" time="0.011">
  <properties/>
  <testcase name="testDuplicateDetection" classname="org.jabref.logic.bibtex.DuplicateCheckTest" time="0.004"/>
  <testcase name="twoUnrelatedEntriesWithEqualPmidAreDuplicates" classname="org.jabref.logic.bibtex.DuplicateCheckTest" time="0.001"/>
  <testcase name="twoUnrelatedEntriesAreNoDuplicates" classname="org.jabref.logic.bibtex.DuplicateCheckTest" time="0.001"/>
  <testcase name="testWordCorrelation" classname="org.jabref.logic.bibtex.DuplicateCheckTest" time="0.001"/>
  <testcase name="twoUnrelatedEntriesWithEqualDoisAreDuplicates" classname="org.jabref.logic.bibtex.DuplicateCheckTest" time="0.0"/>
  <testcase name="twoUnrelatedEntriesWithEqualEprintAreDuplicates" classname="org.jabref.logic.bibtex.DuplicateCheckTest" time="0.0"/>
  <testcase name="twoUnrelatedEntriesWithDifferentDoisAreNoDuplicates" classname="org.jabref.logic.bibtex.DuplicateCheckTest" time="0.001"/>
  <testcase name="twoEntriesWithSameDoiButDifferentTypesAreDuplicates" classname="org.jabref.logic.bibtex.DuplicateCheckTest" time="0.0"/>
  <system-out><![CDATA[]]></system-out>
  <system-err><![CDATA[]]></system-err>
</testsuite>
