<?xml version="1.0" encoding="UTF-8"?>
<testsuite name="org.jabref.JabRefPreferencesTest" tests="2" skipped="0" failures="0" errors="0" timestamp="2017-06-25T05:35:23" hostname="jessicadias-VPCEH40EB" time="0.008">
  <properties/>
  <testcase name="getDefaultEncodingReturnsPreviouslyStoredEncoding" classname="org.jabref.JabRefPreferencesTest" time="0.0"/>
  <testcase name="testPreferencesImport" classname="org.jabref.JabRefPreferencesTest" time="0.007"/>
  <system-out><![CDATA[]]></system-out>
  <system-err><![CDATA[]]></system-err>
</testsuite>
