<?xml version="1.0" encoding="UTF-8"?>
<testsuite name="org.jabref.logic.journals.AbbreviationsTest" tests="5" skipped="0" failures="0" errors="0" timestamp="2017-06-23T03:39:07" hostname="jessicadias-VPCEH40EB" time="58.897">
  <properties/>
  <testcase name="getNextAbbreviationRemovesPoint" classname="org.jabref.logic.journals.AbbreviationsTest" time="9.677"/>
  <testcase name="getNextAbbreviationAbbreviatesIEEEJournalTitle" classname="org.jabref.logic.journals.AbbreviationsTest" time="14.543"/>
  <testcase name="getNextAbbreviationExpandsIEEEAbbreviation" classname="org.jabref.logic.journals.AbbreviationsTest" time="12.667"/>
  <testcase name="getNextAbbreviationExpandsAbbreviation" classname="org.jabref.logic.journals.AbbreviationsTest" time="13.001"/>
  <testcase name="getNextAbbreviationAbbreviatesJournalTitle" classname="org.jabref.logic.journals.AbbreviationsTest" time="9.007"/>
  <system-out><![CDATA[]]></system-out>
  <system-err><![CDATA[]]></system-err>
</testsuite>
