<?xml version="1.0" encoding="UTF-8"?>
<testsuite name="org.jabref.logic.importer.WebFetchersTest" tests="4" skipped="0" failures="0" errors="0" timestamp="2017-06-23T03:38:59" hostname="jessicadias-VPCEH40EB" time="5.81">
  <properties/>
  <testcase name="getSearchBasedFetchersReturnsAllFetcherDerivingFromSearchBasedFetcher" classname="org.jabref.logic.importer.WebFetchersTest" time="0.012"/>
  <testcase name="getIdBasedFetchersReturnsAllFetcherDerivingFromIdBasedFetcher" classname="org.jabref.logic.importer.WebFetchersTest" time="0.003"/>
  <testcase name="getEntryBasedFetchersReturnsAllFetcherDerivingFromEntryBasedFetcher" classname="org.jabref.logic.importer.WebFetchersTest" time="0.001"/>
  <testcase name="getIdFetchersReturnsAllFetcherDerivingFromIdFetcher" classname="org.jabref.logic.importer.WebFetchersTest" time="0.001"/>
  <system-out><![CDATA[]]></system-out>
  <system-err><![CDATA[]]></system-err>
</testsuite>
