<?xml version="1.0" encoding="UTF-8"?>
<testsuite name="org.jabref.preferences.LastFocusedTabPreferencesTest" tests="2" skipped="0" failures="0" errors="0" timestamp="2017-06-23T03:36:41" hostname="jessicadias-VPCEH40EB" time="0.025">
  <properties/>
  <testcase name="testLastFocusedTab" classname="org.jabref.preferences.LastFocusedTabPreferencesTest" time="0.024"/>
  <testcase name="testLastFocusedTabNull" classname="org.jabref.preferences.LastFocusedTabPreferencesTest" time="0.0"/>
  <system-out><![CDATA[]]></system-out>
  <system-err><![CDATA[]]></system-err>
</testsuite>
