<?xml version="1.0" encoding="UTF-8"?>
<testsuite name="org.jabref.logic.openoffice.CitationEntryTest" tests="8" skipped="0" failures="0" errors="0" timestamp="2017-06-23T03:37:33" hostname="jessicadias-VPCEH40EB" time="0.001">
  <properties/>
  <testcase name="testCitationEntryInitalPageInfo" classname="org.jabref.logic.openoffice.CitationEntryTest" time="0.001"/>
  <testcase name="testCitationEntryOptionalInitalPageInfo" classname="org.jabref.logic.openoffice.CitationEntryTest" time="0.0"/>
  <testcase name="testCitationEntryEquals" classname="org.jabref.logic.openoffice.CitationEntryTest" time="0.0"/>
  <testcase name="testCitationEntryNoInitalPageInfoChanged" classname="org.jabref.logic.openoffice.CitationEntryTest" time="0.0"/>
  <testcase name="testCitationEntryNoInitalPageInfo" classname="org.jabref.logic.openoffice.CitationEntryTest" time="0.0"/>
  <testcase name="testCitationEntryInitalPageInfoChanged" classname="org.jabref.logic.openoffice.CitationEntryTest" time="0.0"/>
  <testcase name="testCitationEntryCompareTo" classname="org.jabref.logic.openoffice.CitationEntryTest" time="0.0"/>
  <testcase name="testCitationEntryInitalPageInfoRemoved" classname="org.jabref.logic.openoffice.CitationEntryTest" time="0.0"/>
  <system-out><![CDATA[]]></system-out>
  <system-err><![CDATA[]]></system-err>
</testsuite>
