<?xml version="1.0" encoding="UTF-8"?>
<testsuite name="org.jabref.logic.journals.ShippedJournalAbbreviationDuplicateTest" tests="2" skipped="0" failures="0" errors="0" timestamp="2017-06-25T05:37:18" hostname="jessicadias-VPCEH40EB" time="19.28">
  <properties/>
  <testcase name="noDuplicatesInShippedIEEEStandardJournalAbbreviations" classname="org.jabref.logic.journals.ShippedJournalAbbreviationDuplicateTest" time="9.868"/>
  <testcase name="noDuplicatesInShippedIEEEOfficialJournalAbbreviations" classname="org.jabref.logic.journals.ShippedJournalAbbreviationDuplicateTest" time="9.412"/>
  <system-out><![CDATA[]]></system-out>
  <system-err><![CDATA[]]></system-err>
</testsuite>
